# Logfile created on 2014-07-10 20:48:39 by logger.rb/44203
I, [2014-07-10T20:48:43.382739 #3133]  INFO -- : *** below you find the most recent exception thrown, this will be likely (but not certainly) the exception that made the application exit abnormally ***
E, [2014-07-10T20:48:45.127404 #3133] ERROR -- : Resource temporarily unavailable - read would block (IO::EAGAINWaitReadable)
/home/yuva/.rvm/gems/ruby-2.1.2/gems/redis-3.0.7/lib/redis/connection/ruby.rb:49:in `read_nonblock'
/home/yuva/.rvm/gems/ruby-2.1.2/gems/redis-3.0.7/lib/redis/connection/ruby.rb:49:in `_read_from_socket'
/home/yuva/.rvm/gems/ruby-2.1.2/gems/redis-3.0.7/lib/redis/connection/ruby.rb:41:in `gets'
/home/yuva/.rvm/gems/ruby-2.1.2/gems/redis-3.0.7/lib/redis/connection/ruby.rb:273:in `read'
/home/yuva/.rvm/gems/ruby-2.1.2/gems/redis-3.0.7/lib/redis/client.rb:229:in `block in read'
/home/yuva/.rvm/gems/ruby-2.1.2/gems/redis-3.0.7/lib/redis/client.rb:220:in `io'
/home/yuva/.rvm/gems/ruby-2.1.2/gems/redis-3.0.7/lib/redis/client.rb:228:in `read'
/home/yuva/.rvm/gems/ruby-2.1.2/gems/redis-3.0.7/lib/redis/client.rb:96:in `block in call'
/home/yuva/.rvm/gems/ruby-2.1.2/gems/redis-3.0.7/lib/redis/client.rb:201:in `block (2 levels) in process'
/home/yuva/.rvm/gems/ruby-2.1.2/gems/redis-3.0.7/lib/redis/client.rb:309:in `ensure_connected'
/home/yuva/.rvm/gems/ruby-2.1.2/gems/redis-3.0.7/lib/redis/client.rb:191:in `block in process'
/home/yuva/.rvm/gems/ruby-2.1.2/gems/redis-3.0.7/lib/redis/client.rb:270:in `logging'
/home/yuva/.rvm/gems/ruby-2.1.2/gems/redis-3.0.7/lib/redis/client.rb:190:in `process'
/home/yuva/.rvm/gems/ruby-2.1.2/gems/redis-3.0.7/lib/redis/client.rb:96:in `call'
/home/yuva/.rvm/gems/ruby-2.1.2/gems/redis-3.0.7/lib/redis.rb:784:in `block in get'
/home/yuva/.rvm/gems/ruby-2.1.2/gems/redis-3.0.7/lib/redis.rb:37:in `block in synchronize'
/home/yuva/.rvm/rubies/ruby-2.1.2/lib/ruby/2.1.0/monitor.rb:211:in `mon_synchronize'
/home/yuva/.rvm/gems/ruby-2.1.2/gems/redis-3.0.7/lib/redis.rb:37:in `synchronize'
/home/yuva/.rvm/gems/ruby-2.1.2/gems/redis-3.0.7/lib/redis.rb:783:in `get'
/home/yuva/.rvm/gems/ruby-2.1.2/gems/redis-store-1.1.4/lib/redis/store/interface.rb:5:in `get'
/home/yuva/.rvm/gems/ruby-2.1.2/gems/redis-store-1.1.4/lib/redis/store/marshalling.rb:17:in `get'
/home/yuva/.rvm/gems/ruby-2.1.2/gems/redis-activesupport-4.0.0/lib/active_support/cache/redis_store.rb:169:in `read_entry'
/home/yuva/.rvm/gems/ruby-2.1.2/gems/activesupport-4.0.2/lib/active_support/cache.rb:314:in `block in read'
/home/yuva/.rvm/gems/ruby-2.1.2/gems/activesupport-4.0.2/lib/active_support/cache.rb:519:in `instrument'
/home/yuva/.rvm/gems/ruby-2.1.2/gems/activesupport-4.0.2/lib/active_support/cache.rb:313:in `read'
/home/yuva/Desktop/arvind/peatio/peatio-master/app/models/global.rb:31:in `asks'
/home/yuva/Desktop/arvind/peatio/peatio-master/app/models/global.rb:77:in `trigger_ticker'
/home/yuva/Desktop/arvind/peatio/peatio-master/lib/daemons/global_state.rb:18:in `block (2 levels) in <top (required)>'
/home/yuva/Desktop/arvind/peatio/peatio-master/lib/daemons/global_state.rb:18:in `tap'
/home/yuva/Desktop/arvind/peatio/peatio-master/lib/daemons/global_state.rb:18:in `block in <top (required)>'
/home/yuva/Desktop/arvind/peatio/peatio-master/lib/daemons/global_state.rb:17:in `each_key'
/home/yuva/Desktop/arvind/peatio/peatio-master/lib/daemons/global_state.rb:17:in `<top (required)>'
/home/yuva/.rvm/gems/ruby-2.1.2/gems/daemons-1.1.9/lib/daemons/application.rb:203:in `load'
/home/yuva/.rvm/gems/ruby-2.1.2/gems/daemons-1.1.9/lib/daemons/application.rb:203:in `start_load'
/home/yuva/.rvm/gems/ruby-2.1.2/gems/daemons-1.1.9/lib/daemons/application.rb:298:in `start'
/home/yuva/.rvm/gems/ruby-2.1.2/gems/daemons-1.1.9/lib/daemons/controller.rb:70:in `run'
/home/yuva/.rvm/gems/ruby-2.1.2/gems/daemons-1.1.9/lib/daemons.rb:147:in `block in run'
/home/yuva/.rvm/gems/ruby-2.1.2/gems/daemons-1.1.9/lib/daemons/cmdline.rb:109:in `call'
/home/yuva/.rvm/gems/ruby-2.1.2/gems/daemons-1.1.9/lib/daemons/cmdline.rb:109:in `catch_exceptions'
/home/yuva/.rvm/gems/ruby-2.1.2/gems/daemons-1.1.9/lib/daemons.rb:146:in `run'
/home/yuva/.rvm/gems/ruby-2.1.2/gems/daemons-rails-1.2.1/lib/daemons/rails.rb:16:in `run'
lib/daemons/global_state_ctl:6:in `<main>'
I, [2014-07-10T20:48:45.129507 #3133]  INFO -- : *** below you find all exception objects found in memory, some of them may have been thrown in your application, others may just be in memory because they are standard exceptions ***
E, [2014-07-10T20:48:45.129668 #3133] ERROR -- : exception reentered (fatal)

E, [2014-07-10T20:49:00.047770 #3133] ERROR -- : no such frame (ArgumentError)
/home/yuva/.rvm/gems/ruby-2.1.2/gems/binding_of_caller-0.7.2/lib/binding_of_caller/mri2.rb:25:in `frame_binding'
/home/yuva/.rvm/gems/ruby-2.1.2/gems/binding_of_caller-0.7.2/lib/binding_of_caller/mri2.rb:25:in `block (2 levels) in callers'
/home/yuva/.rvm/gems/ruby-2.1.2/gems/binding_of_caller-0.7.2/lib/binding_of_caller/mri2.rb:23:in `loop'
/home/yuva/.rvm/gems/ruby-2.1.2/gems/binding_of_caller-0.7.2/lib/binding_of_caller/mri2.rb:23:in `block in callers'
/home/yuva/.rvm/gems/ruby-2.1.2/gems/binding_of_caller-0.7.2/lib/binding_of_caller/mri2.rb:21:in `open'
/home/yuva/.rvm/gems/ruby-2.1.2/gems/binding_of_caller-0.7.2/lib/binding_of_caller/mri2.rb:21:in `callers'
/home/yuva/.rvm/gems/ruby-2.1.2/gems/better_errors-1.1.0/lib/better_errors/core_ext/exception.rb:9:in `block in <class:Exception>'
/home/yuva/.rvm/gems/ruby-2.1.2/gems/redis-3.0.7/lib/redis/connection/ruby.rb:49:in `read_nonblock'
/home/yuva/.rvm/gems/ruby-2.1.2/gems/redis-3.0.7/lib/redis/connection/ruby.rb:49:in `_read_from_socket'
/home/yuva/.rvm/gems/ruby-2.1.2/gems/redis-3.0.7/lib/redis/connection/ruby.rb:41:in `gets'
/home/yuva/.rvm/gems/ruby-2.1.2/gems/redis-3.0.7/lib/redis/connection/ruby.rb:273:in `read'
/home/yuva/.rvm/gems/ruby-2.1.2/gems/redis-3.0.7/lib/redis/client.rb:229:in `block in read'
/home/yuva/.rvm/gems/ruby-2.1.2/gems/redis-3.0.7/lib/redis/client.rb:220:in `io'
/home/yuva/.rvm/gems/ruby-2.1.2/gems/redis-3.0.7/lib/redis/client.rb:228:in `read'
/home/yuva/.rvm/gems/ruby-2.1.2/gems/redis-3.0.7/lib/redis/client.rb:96:in `block in call'
/home/yuva/.rvm/gems/ruby-2.1.2/gems/redis-3.0.7/lib/redis/client.rb:201:in `block (2 levels) in process'
/home/yuva/.rvm/gems/ruby-2.1.2/gems/redis-3.0.7/lib/redis/client.rb:309:in `ensure_connected'
/home/yuva/.rvm/gems/ruby-2.1.2/gems/redis-3.0.7/lib/redis/client.rb:191:in `block in process'
/home/yuva/.rvm/gems/ruby-2.1.2/gems/redis-3.0.7/lib/redis/client.rb:270:in `logging'
/home/yuva/.rvm/gems/ruby-2.1.2/gems/redis-3.0.7/lib/redis/client.rb:190:in `process'
/home/yuva/.rvm/gems/ruby-2.1.2/gems/redis-3.0.7/lib/redis/client.rb:96:in `call'
/home/yuva/.rvm/gems/ruby-2.1.2/gems/redis-3.0.7/lib/redis.rb:784:in `block in get'
/home/yuva/.rvm/gems/ruby-2.1.2/gems/redis-3.0.7/lib/redis.rb:37:in `block in synchronize'
/home/yuva/.rvm/rubies/ruby-2.1.2/lib/ruby/2.1.0/monitor.rb:211:in `mon_synchronize'
/home/yuva/.rvm/gems/ruby-2.1.2/gems/redis-3.0.7/lib/redis.rb:37:in `synchronize'
/home/yuva/.rvm/gems/ruby-2.1.2/gems/redis-3.0.7/lib/redis.rb:783:in `get'
/home/yuva/.rvm/gems/ruby-2.1.2/gems/redis-store-1.1.4/lib/redis/store/interface.rb:5:in `get'
/home/yuva/.rvm/gems/ruby-2.1.2/gems/redis-store-1.1.4/lib/redis/store/marshalling.rb:17:in `get'
/home/yuva/.rvm/gems/ruby-2.1.2/gems/redis-activesupport-4.0.0/lib/active_support/cache/redis_store.rb:169:in `read_entry'
/home/yuva/.rvm/gems/ruby-2.1.2/gems/activesupport-4.0.2/lib/active_support/cache.rb:314:in `block in read'
/home/yuva/.rvm/gems/ruby-2.1.2/gems/activesupport-4.0.2/lib/active_support/cache.rb:519:in `instrument'
/home/yuva/.rvm/gems/ruby-2.1.2/gems/activesupport-4.0.2/lib/active_support/cache.rb:313:in `read'
/home/yuva/Desktop/arvind/peatio/peatio-master/app/models/global.rb:31:in `asks'
/home/yuva/Desktop/arvind/peatio/peatio-master/app/models/global.rb:45:in `ticker'
/home/yuva/Desktop/arvind/peatio/peatio-master/app/models/global.rb:77:in `trigger_ticker'
/home/yuva/Desktop/arvind/peatio/peatio-master/lib/daemons/global_state.rb:18:in `block (2 levels) in <top (required)>'
/home/yuva/Desktop/arvind/peatio/peatio-master/lib/daemons/global_state.rb:18:in `tap'
/home/yuva/Desktop/arvind/peatio/peatio-master/lib/daemons/global_state.rb:18:in `block in <top (required)>'
/home/yuva/Desktop/arvind/peatio/peatio-master/lib/daemons/global_state.rb:17:in `each_key'
/home/yuva/Desktop/arvind/peatio/peatio-master/lib/daemons/global_state.rb:17:in `<top (required)>'
/home/yuva/.rvm/gems/ruby-2.1.2/gems/daemons-1.1.9/lib/daemons/application.rb:203:in `load'
/home/yuva/.rvm/gems/ruby-2.1.2/gems/daemons-1.1.9/lib/daemons/application.rb:203:in `start_load'
/home/yuva/.rvm/gems/ruby-2.1.2/gems/daemons-1.1.9/lib/daemons/application.rb:298:in `start'
/home/yuva/.rvm/gems/ruby-2.1.2/gems/daemons-1.1.9/lib/daemons/controller.rb:70:in `run'
/home/yuva/.rvm/gems/ruby-2.1.2/gems/daemons-1.1.9/lib/daemons.rb:147:in `block in run'
/home/yuva/.rvm/gems/ruby-2.1.2/gems/daemons-1.1.9/lib/daemons/cmdline.rb:109:in `call'
/home/yuva/.rvm/gems/ruby-2.1.2/gems/daemons-1.1.9/lib/daemons/cmdline.rb:109:in `catch_exceptions'
/home/yuva/.rvm/gems/ruby-2.1.2/gems/daemons-1.1.9/lib/daemons.rb:146:in `run'
/home/yuva/.rvm/gems/ruby-2.1.2/gems/daemons-rails-1.2.1/lib/daemons/rails.rb:16:in `run'
lib/daemons/global_state_ctl:6:in `<main>'
E, [2014-07-10T20:49:00.048424 #3133] ERROR -- : Resource temporarily unavailable - read would block (IO::EAGAINWaitReadable)
/home/yuva/.rvm/gems/ruby-2.1.2/gems/redis-3.0.7/lib/redis/connection/ruby.rb:49:in `read_nonblock'
/home/yuva/.rvm/gems/ruby-2.1.2/gems/redis-3.0.7/lib/redis/connection/ruby.rb:49:in `_read_from_socket'
/home/yuva/.rvm/gems/ruby-2.1.2/gems/redis-3.0.7/lib/redis/connection/ruby.rb:41:in `gets'
/home/yuva/.rvm/gems/ruby-2.1.2/gems/redis-3.0.7/lib/redis/connection/ruby.rb:273:in `read'
/home/yuva/.rvm/gems/ruby-2.1.2/gems/redis-3.0.7/lib/redis/client.rb:229:in `block in read'
/home/yuva/.rvm/gems/ruby-2.1.2/gems/redis-3.0.7/lib/redis/client.rb:220:in `io'
/home/yuva/.rvm/gems/ruby-2.1.2/gems/redis-3.0.7/lib/redis/client.rb:228:in `read'
/home/yuva/.rvm/gems/ruby-2.1.2/gems/redis-3.0.7/lib/redis/client.rb:96:in `block in call'
/home/yuva/.rvm/gems/ruby-2.1.2/gems/redis-3.0.7/lib/redis/client.rb:201:in `block (2 levels) in process'
/home/yuva/.rvm/gems/ruby-2.1.2/gems/redis-3.0.7/lib/redis/client.rb:309:in `ensure_connected'
/home/yuva/.rvm/gems/ruby-2.1.2/gems/redis-3.0.7/lib/redis/client.rb:191:in `block in process'
/home/yuva/.rvm/gems/ruby-2.1.2/gems/redis-3.0.7/lib/redis/client.rb:270:in `logging'
/home/yuva/.rvm/gems/ruby-2.1.2/gems/redis-3.0.7/lib/redis/client.rb:190:in `process'
/home/yuva/.rvm/gems/ruby-2.1.2/gems/redis-3.0.7/lib/redis/client.rb:96:in `call'
/home/yuva/.rvm/gems/ruby-2.1.2/gems/redis-3.0.7/lib/redis.rb:784:in `block in get'
/home/yuva/.rvm/gems/ruby-2.1.2/gems/redis-3.0.7/lib/redis.rb:37:in `block in synchronize'
/home/yuva/.rvm/rubies/ruby-2.1.2/lib/ruby/2.1.0/monitor.rb:211:in `mon_synchronize'
/home/yuva/.rvm/gems/ruby-2.1.2/gems/redis-3.0.7/lib/redis.rb:37:in `synchronize'
/home/yuva/.rvm/gems/ruby-2.1.2/gems/redis-3.0.7/lib/redis.rb:783:in `get'
/home/yuva/.rvm/gems/ruby-2.1.2/gems/redis-store-1.1.4/lib/redis/store/interface.rb:5:in `get'
/home/yuva/.rvm/gems/ruby-2.1.2/gems/redis-store-1.1.4/lib/redis/store/marshalling.rb:17:in `get'
/home/yuva/.rvm/gems/ruby-2.1.2/gems/redis-activesupport-4.0.0/lib/active_support/cache/redis_store.rb:169:in `read_entry'
/home/yuva/.rvm/gems/ruby-2.1.2/gems/activesupport-4.0.2/lib/active_support/cache.rb:314:in `block in read'
/home/yuva/.rvm/gems/ruby-2.1.2/gems/activesupport-4.0.2/lib/active_support/cache.rb:519:in `instrument'
/home/yuva/.rvm/gems/ruby-2.1.2/gems/activesupport-4.0.2/lib/active_support/cache.rb:313:in `read'
/home/yuva/Desktop/arvind/peatio/peatio-master/app/models/global.rb:31:in `asks'
/home/yuva/Desktop/arvind/peatio/peatio-master/app/models/global.rb:45:in `ticker'
/home/yuva/Desktop/arvind/peatio/peatio-master/app/models/global.rb:77:in `trigger_ticker'
/home/yuva/Desktop/arvind/peatio/peatio-master/lib/daemons/global_state.rb:18:in `block (2 levels) in <top (required)>'
/home/yuva/Desktop/arvind/peatio/peatio-master/lib/daemons/global_state.rb:18:in `tap'
/home/yuva/Desktop/arvind/peatio/peatio-master/lib/daemons/global_state.rb:18:in `block in <top (required)>'
/home/yuva/Desktop/arvind/peatio/peatio-master/lib/daemons/global_state.rb:17:in `each_key'
/home/yuva/Desktop/arvind/peatio/peatio-master/lib/daemons/global_state.rb:17:in `<top (required)>'
/home/yuva/.rvm/gems/ruby-2.1.2/gems/daemons-1.1.9/lib/daemons/application.rb:203:in `load'
/home/yuva/.rvm/gems/ruby-2.1.2/gems/daemons-1.1.9/lib/daemons/application.rb:203:in `start_load'
/home/yuva/.rvm/gems/ruby-2.1.2/gems/daemons-1.1.9/lib/daemons/application.rb:298:in `start'
/home/yuva/.rvm/gems/ruby-2.1.2/gems/daemons-1.1.9/lib/daemons/controller.rb:70:in `run'
/home/yuva/.rvm/gems/ruby-2.1.2/gems/daemons-1.1.9/lib/daemons.rb:147:in `block in run'
/home/yuva/.rvm/gems/ruby-2.1.2/gems/daemons-1.1.9/lib/daemons/cmdline.rb:109:in `call'
/home/yuva/.rvm/gems/ruby-2.1.2/gems/daemons-1.1.9/lib/daemons/cmdline.rb:109:in `catch_exceptions'
/home/yuva/.rvm/gems/ruby-2.1.2/gems/daemons-1.1.9/lib/daemons.rb:146:in `run'
/home/yuva/.rvm/gems/ruby-2.1.2/gems/daemons-rails-1.2.1/lib/daemons/rails.rb:16:in `run'
lib/daemons/global_state_ctl:6:in `<main>'
E, [2014-07-10T20:49:00.070144 #3133] ERROR -- : Resource temporarily unavailable - read would block (IO::EAGAINWaitReadable)
/home/yuva/.rvm/gems/ruby-2.1.2/gems/redis-3.0.7/lib/redis/connection/ruby.rb:49:in `read_nonblock'
/home/yuva/.rvm/gems/ruby-2.1.2/gems/redis-3.0.7/lib/redis/connection/ruby.rb:49:in `_read_from_socket'
/home/yuva/.rvm/gems/ruby-2.1.2/gems/redis-3.0.7/lib/redis/connection/ruby.rb:41:in `gets'
/home/yuva/.rvm/gems/ruby-2.1.2/gems/redis-3.0.7/lib/redis/connection/ruby.rb:273:in `read'
/home/yuva/.rvm/gems/ruby-2.1.2/gems/redis-3.0.7/lib/redis/client.rb:229:in `block in read'
/home/yuva/.rvm/gems/ruby-2.1.2/gems/redis-3.0.7/lib/redis/client.rb:220:in `io'
/home/yuva/.rvm/gems/ruby-2.1.2/gems/redis-3.0.7/lib/redis/client.rb:228:in `read'
/home/yuva/.rvm/gems/ruby-2.1.2/gems/redis-3.0.7/lib/redis/client.rb:96:in `block in call'
/home/yuva/.rvm/gems/ruby-2.1.2/gems/redis-3.0.7/lib/redis/client.rb:201:in `block (2 levels) in process'
/home/yuva/.rvm/gems/ruby-2.1.2/gems/redis-3.0.7/lib/redis/client.rb:309:in `ensure_connected'
/home/yuva/.rvm/gems/ruby-2.1.2/gems/redis-3.0.7/lib/redis/client.rb:191:in `block in process'
/home/yuva/.rvm/gems/ruby-2.1.2/gems/redis-3.0.7/lib/redis/client.rb:270:in `logging'
/home/yuva/.rvm/gems/ruby-2.1.2/gems/redis-3.0.7/lib/redis/client.rb:190:in `process'
/home/yuva/.rvm/gems/ruby-2.1.2/gems/redis-3.0.7/lib/redis/client.rb:96:in `call'
/home/yuva/.rvm/gems/ruby-2.1.2/gems/redis-3.0.7/lib/redis.rb:784:in `block in get'
/home/yuva/.rvm/gems/ruby-2.1.2/gems/redis-3.0.7/lib/redis.rb:37:in `block in synchronize'
/home/yuva/.rvm/rubies/ruby-2.1.2/lib/ruby/2.1.0/monitor.rb:211:in `mon_synchronize'
/home/yuva/.rvm/gems/ruby-2.1.2/gems/redis-3.0.7/lib/redis.rb:37:in `synchronize'
/home/yuva/.rvm/gems/ruby-2.1.2/gems/redis-3.0.7/lib/redis.rb:783:in `get'
/home/yuva/.rvm/gems/ruby-2.1.2/gems/redis-store-1.1.4/lib/redis/store/interface.rb:5:in `get'
/home/yuva/.rvm/gems/ruby-2.1.2/gems/redis-store-1.1.4/lib/redis/store/marshalling.rb:17:in `get'
/home/yuva/.rvm/gems/ruby-2.1.2/gems/redis-activesupport-4.0.0/lib/active_support/cache/redis_store.rb:169:in `read_entry'
/home/yuva/.rvm/gems/ruby-2.1.2/gems/activesupport-4.0.2/lib/active_support/cache.rb:314:in `block in read'
/home/yuva/.rvm/gems/ruby-2.1.2/gems/activesupport-4.0.2/lib/active_support/cache.rb:519:in `instrument'
/home/yuva/.rvm/gems/ruby-2.1.2/gems/activesupport-4.0.2/lib/active_support/cache.rb:313:in `read'
/home/yuva/Desktop/arvind/peatio/peatio-master/app/models/global.rb:35:in `bids'
/home/yuva/Desktop/arvind/peatio/peatio-master/app/models/global.rb:44:in `ticker'
/home/yuva/Desktop/arvind/peatio/peatio-master/app/models/global.rb:77:in `trigger_ticker'
/home/yuva/Desktop/arvind/peatio/peatio-master/lib/daemons/global_state.rb:18:in `block (2 levels) in <top (required)>'
/home/yuva/Desktop/arvind/peatio/peatio-master/lib/daemons/global_state.rb:18:in `tap'
/home/yuva/Desktop/arvind/peatio/peatio-master/lib/daemons/global_state.rb:18:in `block in <top (required)>'
/home/yuva/Desktop/arvind/peatio/peatio-master/lib/daemons/global_state.rb:17:in `each_key'
/home/yuva/Desktop/arvind/peatio/peatio-master/lib/daemons/global_state.rb:17:in `<top (required)>'
/home/yuva/.rvm/gems/ruby-2.1.2/gems/daemons-1.1.9/lib/daemons/application.rb:203:in `load'
/home/yuva/.rvm/gems/ruby-2.1.2/gems/daemons-1.1.9/lib/daemons/application.rb:203:in `start_load'
/home/yuva/.rvm/gems/ruby-2.1.2/gems/daemons-1.1.9/lib/daemons/application.rb:298:in `start'
/home/yuva/.rvm/gems/ruby-2.1.2/gems/daemons-1.1.9/lib/daemons/controller.rb:70:in `run'
/home/yuva/.rvm/gems/ruby-2.1.2/gems/daemons-1.1.9/lib/daemons.rb:147:in `block in run'
/home/yuva/.rvm/gems/ruby-2.1.2/gems/daemons-1.1.9/lib/daemons/cmdline.rb:109:in `call'
/home/yuva/.rvm/gems/ruby-2.1.2/gems/daemons-1.1.9/lib/daemons/cmdline.rb:109:in `catch_exceptions'
/home/yuva/.rvm/gems/ruby-2.1.2/gems/daemons-1.1.9/lib/daemons.rb:146:in `run'
/home/yuva/.rvm/gems/ruby-2.1.2/gems/daemons-rails-1.2.1/lib/daemons/rails.rb:16:in `run'
lib/daemons/global_state_ctl:6:in `<main>'
E, [2014-07-10T20:49:01.162430 #3133] ERROR -- : stream closed (IOError)

E, [2014-07-10T20:49:01.162706 #3133] ERROR -- : failed to allocate memory (NoMemoryError)

E, [2014-07-10T20:49:01.162829 #3133] ERROR -- : stack level too deep (SystemStackError)

E, [2014-07-10T20:49:01.163257 #3133] ERROR -- : no such frame (ArgumentError)
/home/yuva/.rvm/gems/ruby-2.1.2/gems/binding_of_caller-0.7.2/lib/binding_of_caller/mri2.rb:25:in `frame_binding'
/home/yuva/.rvm/gems/ruby-2.1.2/gems/binding_of_caller-0.7.2/lib/binding_of_caller/mri2.rb:25:in `block (2 levels) in callers'
/home/yuva/.rvm/gems/ruby-2.1.2/gems/binding_of_caller-0.7.2/lib/binding_of_caller/mri2.rb:23:in `loop'
/home/yuva/.rvm/gems/ruby-2.1.2/gems/binding_of_caller-0.7.2/lib/binding_of_caller/mri2.rb:23:in `block in callers'
/home/yuva/.rvm/gems/ruby-2.1.2/gems/binding_of_caller-0.7.2/lib/binding_of_caller/mri2.rb:21:in `open'
/home/yuva/.rvm/gems/ruby-2.1.2/gems/binding_of_caller-0.7.2/lib/binding_of_caller/mri2.rb:21:in `callers'
/home/yuva/.rvm/gems/ruby-2.1.2/gems/better_errors-1.1.0/lib/better_errors/core_ext/exception.rb:9:in `block in <class:Exception>'
/home/yuva/.rvm/gems/ruby-2.1.2/gems/redis-3.0.7/lib/redis/connection/ruby.rb:49:in `read_nonblock'
/home/yuva/.rvm/gems/ruby-2.1.2/gems/redis-3.0.7/lib/redis/connection/ruby.rb:49:in `_read_from_socket'
/home/yuva/.rvm/gems/ruby-2.1.2/gems/redis-3.0.7/lib/redis/connection/ruby.rb:41:in `gets'
/home/yuva/.rvm/gems/ruby-2.1.2/gems/redis-3.0.7/lib/redis/connection/ruby.rb:273:in `read'
/home/yuva/.rvm/gems/ruby-2.1.2/gems/redis-3.0.7/lib/redis/client.rb:229:in `block in read'
/home/yuva/.rvm/gems/ruby-2.1.2/gems/redis-3.0.7/lib/redis/client.rb:220:in `io'
/home/yuva/.rvm/gems/ruby-2.1.2/gems/redis-3.0.7/lib/redis/client.rb:228:in `read'
/home/yuva/.rvm/gems/ruby-2.1.2/gems/redis-3.0.7/lib/redis/client.rb:96:in `block in call'
/home/yuva/.rvm/gems/ruby-2.1.2/gems/redis-3.0.7/lib/redis/client.rb:201:in `block (2 levels) in process'
/home/yuva/.rvm/gems/ruby-2.1.2/gems/redis-3.0.7/lib/redis/client.rb:309:in `ensure_connected'
/home/yuva/.rvm/gems/ruby-2.1.2/gems/redis-3.0.7/lib/redis/client.rb:191:in `block in process'
/home/yuva/.rvm/gems/ruby-2.1.2/gems/redis-3.0.7/lib/redis/client.rb:270:in `logging'
/home/yuva/.rvm/gems/ruby-2.1.2/gems/redis-3.0.7/lib/redis/client.rb:190:in `process'
/home/yuva/.rvm/gems/ruby-2.1.2/gems/redis-3.0.7/lib/redis/client.rb:96:in `call'
/home/yuva/.rvm/gems/ruby-2.1.2/gems/redis-3.0.7/lib/redis.rb:784:in `block in get'
/home/yuva/.rvm/gems/ruby-2.1.2/gems/redis-3.0.7/lib/redis.rb:37:in `block in synchronize'
/home/yuva/.rvm/rubies/ruby-2.1.2/lib/ruby/2.1.0/monitor.rb:211:in `mon_synchronize'
/home/yuva/.rvm/gems/ruby-2.1.2/gems/redis-3.0.7/lib/redis.rb:37:in `synchronize'
/home/yuva/.rvm/gems/ruby-2.1.2/gems/redis-3.0.7/lib/redis.rb:783:in `get'
/home/yuva/.rvm/gems/ruby-2.1.2/gems/redis-store-1.1.4/lib/redis/store/interface.rb:5:in `get'
/home/yuva/.rvm/gems/ruby-2.1.2/gems/redis-store-1.1.4/lib/redis/store/marshalling.rb:17:in `get'
/home/yuva/.rvm/gems/ruby-2.1.2/gems/redis-activesupport-4.0.0/lib/active_support/cache/redis_store.rb:169:in `read_entry'
/home/yuva/.rvm/gems/ruby-2.1.2/gems/activesupport-4.0.2/lib/active_support/cache.rb:314:in `block in read'
/home/yuva/.rvm/gems/ruby-2.1.2/gems/activesupport-4.0.2/lib/active_support/cache.rb:519:in `instrument'
/home/yuva/.rvm/gems/ruby-2.1.2/gems/activesupport-4.0.2/lib/active_support/cache.rb:313:in `read'
/home/yuva/Desktop/arvind/peatio/peatio-master/app/models/global.rb:35:in `bids'
/home/yuva/Desktop/arvind/peatio/peatio-master/app/models/global.rb:77:in `trigger_ticker'
/home/yuva/Desktop/arvind/peatio/peatio-master/lib/daemons/global_state.rb:18:in `block (2 levels) in <top (required)>'
/home/yuva/Desktop/arvind/peatio/peatio-master/lib/daemons/global_state.rb:18:in `tap'
/home/yuva/Desktop/arvind/peatio/peatio-master/lib/daemons/global_state.rb:18:in `block in <top (required)>'
/home/yuva/Desktop/arvind/peatio/peatio-master/lib/daemons/global_state.rb:17:in `each_key'
/home/yuva/Desktop/arvind/peatio/peatio-master/lib/daemons/global_state.rb:17:in `<top (required)>'
/home/yuva/.rvm/gems/ruby-2.1.2/gems/daemons-1.1.9/lib/daemons/application.rb:203:in `load'
/home/yuva/.rvm/gems/ruby-2.1.2/gems/daemons-1.1.9/lib/daemons/application.rb:203:in `start_load'
/home/yuva/.rvm/gems/ruby-2.1.2/gems/daemons-1.1.9/lib/daemons/application.rb:298:in `start'
/home/yuva/.rvm/gems/ruby-2.1.2/gems/daemons-1.1.9/lib/daemons/controller.rb:70:in `run'
/home/yuva/.rvm/gems/ruby-2.1.2/gems/daemons-1.1.9/lib/daemons.rb:147:in `block in run'
/home/yuva/.rvm/gems/ruby-2.1.2/gems/daemons-1.1.9/lib/daemons/cmdline.rb:109:in `call'
/home/yuva/.rvm/gems/ruby-2.1.2/gems/daemons-1.1.9/lib/daemons/cmdline.rb:109:in `catch_exceptions'
/home/yuva/.rvm/gems/ruby-2.1.2/gems/daemons-1.1.9/lib/daemons.rb:146:in `run'
/home/yuva/.rvm/gems/ruby-2.1.2/gems/daemons-rails-1.2.1/lib/daemons/rails.rb:16:in `run'
lib/daemons/global_state_ctl:6:in `<main>'
E, [2014-07-10T20:49:01.201345 #3133] ERROR -- : Resource temporarily unavailable - read would block (IO::EAGAINWaitReadable)
/home/yuva/.rvm/gems/ruby-2.1.2/gems/redis-3.0.7/lib/redis/connection/ruby.rb:49:in `read_nonblock'
/home/yuva/.rvm/gems/ruby-2.1.2/gems/redis-3.0.7/lib/redis/connection/ruby.rb:49:in `_read_from_socket'
/home/yuva/.rvm/gems/ruby-2.1.2/gems/redis-3.0.7/lib/redis/connection/ruby.rb:41:in `gets'
/home/yuva/.rvm/gems/ruby-2.1.2/gems/redis-3.0.7/lib/redis/connection/ruby.rb:273:in `read'
/home/yuva/.rvm/gems/ruby-2.1.2/gems/redis-3.0.7/lib/redis/client.rb:229:in `block in read'
/home/yuva/.rvm/gems/ruby-2.1.2/gems/redis-3.0.7/lib/redis/client.rb:220:in `io'
/home/yuva/.rvm/gems/ruby-2.1.2/gems/redis-3.0.7/lib/redis/client.rb:228:in `read'
/home/yuva/.rvm/gems/ruby-2.1.2/gems/redis-3.0.7/lib/redis/client.rb:96:in `block in call'
/home/yuva/.rvm/gems/ruby-2.1.2/gems/redis-3.0.7/lib/redis/client.rb:201:in `block (2 levels) in process'
/home/yuva/.rvm/gems/ruby-2.1.2/gems/redis-3.0.7/lib/redis/client.rb:309:in `ensure_connected'
/home/yuva/.rvm/gems/ruby-2.1.2/gems/redis-3.0.7/lib/redis/client.rb:191:in `block in process'
/home/yuva/.rvm/gems/ruby-2.1.2/gems/redis-3.0.7/lib/redis/client.rb:270:in `logging'
/home/yuva/.rvm/gems/ruby-2.1.2/gems/redis-3.0.7/lib/redis/client.rb:190:in `process'
/home/yuva/.rvm/gems/ruby-2.1.2/gems/redis-3.0.7/lib/redis/client.rb:96:in `call'
/home/yuva/.rvm/gems/ruby-2.1.2/gems/redis-3.0.7/lib/redis.rb:784:in `block in get'
/home/yuva/.rvm/gems/ruby-2.1.2/gems/redis-3.0.7/lib/redis.rb:37:in `block in synchronize'
/home/yuva/.rvm/rubies/ruby-2.1.2/lib/ruby/2.1.0/monitor.rb:211:in `mon_synchronize'
/home/yuva/.rvm/gems/ruby-2.1.2/gems/redis-3.0.7/lib/redis.rb:37:in `synchronize'
/home/yuva/.rvm/gems/ruby-2.1.2/gems/redis-3.0.7/lib/redis.rb:783:in `get'
/home/yuva/.rvm/gems/ruby-2.1.2/gems/redis-store-1.1.4/lib/redis/store/interface.rb:5:in `get'
/home/yuva/.rvm/gems/ruby-2.1.2/gems/redis-store-1.1.4/lib/redis/store/marshalling.rb:17:in `get'
/home/yuva/.rvm/gems/ruby-2.1.2/gems/redis-activesupport-4.0.0/lib/active_support/cache/redis_store.rb:169:in `read_entry'
/home/yuva/.rvm/gems/ruby-2.1.2/gems/activesupport-4.0.2/lib/active_support/cache.rb:314:in `block in read'
/home/yuva/.rvm/gems/ruby-2.1.2/gems/activesupport-4.0.2/lib/active_support/cache.rb:519:in `instrument'
/home/yuva/.rvm/gems/ruby-2.1.2/gems/activesupport-4.0.2/lib/active_support/cache.rb:313:in `read'
/home/yuva/Desktop/arvind/peatio/peatio-master/app/models/global.rb:35:in `bids'
/home/yuva/Desktop/arvind/peatio/peatio-master/app/models/global.rb:77:in `trigger_ticker'
/home/yuva/Desktop/arvind/peatio/peatio-master/lib/daemons/global_state.rb:18:in `block (2 levels) in <top (required)>'
/home/yuva/Desktop/arvind/peatio/peatio-master/lib/daemons/global_state.rb:18:in `tap'
/home/yuva/Desktop/arvind/peatio/peatio-master/lib/daemons/global_state.rb:18:in `block in <top (required)>'
/home/yuva/Desktop/arvind/peatio/peatio-master/lib/daemons/global_state.rb:17:in `each_key'
/home/yuva/Desktop/arvind/peatio/peatio-master/lib/daemons/global_state.rb:17:in `<top (required)>'
/home/yuva/.rvm/gems/ruby-2.1.2/gems/daemons-1.1.9/lib/daemons/application.rb:203:in `load'
/home/yuva/.rvm/gems/ruby-2.1.2/gems/daemons-1.1.9/lib/daemons/application.rb:203:in `start_load'
/home/yuva/.rvm/gems/ruby-2.1.2/gems/daemons-1.1.9/lib/daemons/application.rb:298:in `start'
/home/yuva/.rvm/gems/ruby-2.1.2/gems/daemons-1.1.9/lib/daemons/controller.rb:70:in `run'
/home/yuva/.rvm/gems/ruby-2.1.2/gems/daemons-1.1.9/lib/daemons.rb:147:in `block in run'
/home/yuva/.rvm/gems/ruby-2.1.2/gems/daemons-1.1.9/lib/daemons/cmdline.rb:109:in `call'
/home/yuva/.rvm/gems/ruby-2.1.2/gems/daemons-1.1.9/lib/daemons/cmdline.rb:109:in `catch_exceptions'
/home/yuva/.rvm/gems/ruby-2.1.2/gems/daemons-1.1.9/lib/daemons.rb:146:in `run'
/home/yuva/.rvm/gems/ruby-2.1.2/gems/daemons-rails-1.2.1/lib/daemons/rails.rb:16:in `run'
lib/daemons/global_state_ctl:6:in `<main>'
E, [2014-07-10T20:49:01.238592 #3133] ERROR -- : Resource temporarily unavailable - read would block (IO::EAGAINWaitReadable)
/home/yuva/.rvm/gems/ruby-2.1.2/gems/redis-3.0.7/lib/redis/connection/ruby.rb:49:in `read_nonblock'
/home/yuva/.rvm/gems/ruby-2.1.2/gems/redis-3.0.7/lib/redis/connection/ruby.rb:49:in `_read_from_socket'
/home/yuva/.rvm/gems/ruby-2.1.2/gems/redis-3.0.7/lib/redis/connection/ruby.rb:41:in `gets'
/home/yuva/.rvm/gems/ruby-2.1.2/gems/redis-3.0.7/lib/redis/connection/ruby.rb:273:in `read'
/home/yuva/.rvm/gems/ruby-2.1.2/gems/redis-3.0.7/lib/redis/client.rb:229:in `block in read'
/home/yuva/.rvm/gems/ruby-2.1.2/gems/redis-3.0.7/lib/redis/client.rb:220:in `io'
/home/yuva/.rvm/gems/ruby-2.1.2/gems/redis-3.0.7/lib/redis/client.rb:228:in `read'
/home/yuva/.rvm/gems/ruby-2.1.2/gems/redis-3.0.7/lib/redis/client.rb:96:in `block in call'
/home/yuva/.rvm/gems/ruby-2.1.2/gems/redis-3.0.7/lib/redis/client.rb:201:in `block (2 levels) in process'
/home/yuva/.rvm/gems/ruby-2.1.2/gems/redis-3.0.7/lib/redis/client.rb:309:in `ensure_connected'
/home/yuva/.rvm/gems/ruby-2.1.2/gems/redis-3.0.7/lib/redis/client.rb:191:in `block in process'
/home/yuva/.rvm/gems/ruby-2.1.2/gems/redis-3.0.7/lib/redis/client.rb:270:in `logging'
/home/yuva/.rvm/gems/ruby-2.1.2/gems/redis-3.0.7/lib/redis/client.rb:190:in `process'
/home/yuva/.rvm/gems/ruby-2.1.2/gems/redis-3.0.7/lib/redis/client.rb:96:in `call'
/home/yuva/.rvm/gems/ruby-2.1.2/gems/redis-3.0.7/lib/redis.rb:784:in `block in get'
/home/yuva/.rvm/gems/ruby-2.1.2/gems/redis-3.0.7/lib/redis.rb:37:in `block in synchronize'
/home/yuva/.rvm/rubies/ruby-2.1.2/lib/ruby/2.1.0/monitor.rb:211:in `mon_synchronize'
/home/yuva/.rvm/gems/ruby-2.1.2/gems/redis-3.0.7/lib/redis.rb:37:in `synchronize'
/home/yuva/.rvm/gems/ruby-2.1.2/gems/redis-3.0.7/lib/redis.rb:783:in `get'
/home/yuva/.rvm/gems/ruby-2.1.2/gems/redis-store-1.1.4/lib/redis/store/interface.rb:5:in `get'
/home/yuva/.rvm/gems/ruby-2.1.2/gems/redis-store-1.1.4/lib/redis/store/marshalling.rb:17:in `get'
/home/yuva/.rvm/gems/ruby-2.1.2/gems/redis-activesupport-4.0.0/lib/active_support/cache/redis_store.rb:169:in `read_entry'
/home/yuva/.rvm/gems/ruby-2.1.2/gems/activesupport-4.0.2/lib/active_support/cache.rb:314:in `block in read'
/home/yuva/.rvm/gems/ruby-2.1.2/gems/activesupport-4.0.2/lib/active_support/cache.rb:519:in `instrument'
/home/yuva/.rvm/gems/ruby-2.1.2/gems/activesupport-4.0.2/lib/active_support/cache.rb:313:in `read'
/home/yuva/Desktop/arvind/peatio/peatio-master/app/models/global.rb:35:in `bids'
/home/yuva/Desktop/arvind/peatio/peatio-master/app/models/global.rb:77:in `trigger_ticker'
/home/yuva/Desktop/arvind/peatio/peatio-master/lib/daemons/global_state.rb:18:in `block (2 levels) in <top (required)>'
/home/yuva/Desktop/arvind/peatio/peatio-master/lib/daemons/global_state.rb:18:in `tap'
/home/yuva/Desktop/arvind/peatio/peatio-master/lib/daemons/global_state.rb:18:in `block in <top (required)>'
/home/yuva/Desktop/arvind/peatio/peatio-master/lib/daemons/global_state.rb:17:in `each_key'
/home/yuva/Desktop/arvind/peatio/peatio-master/lib/daemons/global_state.rb:17:in `<top (required)>'
/home/yuva/.rvm/gems/ruby-2.1.2/gems/daemons-1.1.9/lib/daemons/application.rb:203:in `load'
/home/yuva/.rvm/gems/ruby-2.1.2/gems/daemons-1.1.9/lib/daemons/application.rb:203:in `start_load'
/home/yuva/.rvm/gems/ruby-2.1.2/gems/daemons-1.1.9/lib/daemons/application.rb:298:in `start'
/home/yuva/.rvm/gems/ruby-2.1.2/gems/daemons-1.1.9/lib/daemons/controller.rb:70:in `run'
/home/yuva/.rvm/gems/ruby-2.1.2/gems/daemons-1.1.9/lib/daemons.rb:147:in `block in run'
/home/yuva/.rvm/gems/ruby-2.1.2/gems/daemons-1.1.9/lib/daemons/cmdline.rb:109:in `call'
/home/yuva/.rvm/gems/ruby-2.1.2/gems/daemons-1.1.9/lib/daemons/cmdline.rb:109:in `catch_exceptions'
/home/yuva/.rvm/gems/ruby-2.1.2/gems/daemons-1.1.9/lib/daemons.rb:146:in `run'
/home/yuva/.rvm/gems/ruby-2.1.2/gems/daemons-rails-1.2.1/lib/daemons/rails.rb:16:in `run'
lib/daemons/global_state_ctl:6:in `<main>'
