# Logfile created on 2014-07-10 14:10:59 by logger.rb/44203
I, [2014-07-10T14:10:59.810427 #16751]  INFO -- : *** below you find the most recent exception thrown, this will be likely (but not certainly) the exception that made the application exit abnormally ***
E, [2014-07-10T14:10:59.810727 #16751] ERROR -- : cannot load such file -- 2.1/bcrypt_ext (LoadError)
/home/yuva/.rvm/gems/ruby-2.1.1/gems/activesupport-4.0.2/lib/active_support/dependencies.rb:229:in `require'
/home/yuva/.rvm/gems/ruby-2.1.1/gems/activesupport-4.0.2/lib/active_support/dependencies.rb:229:in `block in require'
/home/yuva/.rvm/gems/ruby-2.1.1/gems/activesupport-4.0.2/lib/active_support/dependencies.rb:212:in `block in load_dependency'
/home/yuva/.rvm/gems/ruby-2.1.1/gems/activesupport-4.0.2/lib/active_support/dependencies.rb:616:in `new_constants_in'
/home/yuva/.rvm/gems/ruby-2.1.1/gems/activesupport-4.0.2/lib/active_support/dependencies.rb:212:in `load_dependency'
/home/yuva/.rvm/gems/ruby-2.1.1/gems/activesupport-4.0.2/lib/active_support/dependencies.rb:229:in `require'
/home/yuva/.rvm/gems/ruby-2.1.1/gems/bcrypt-ruby-3.1.2/lib/bcrypt.rb:14:in `<top (required)>'
/home/yuva/.rvm/gems/ruby-2.1.1/gems/activesupport-4.0.2/lib/active_support/dependencies.rb:229:in `require'
/home/yuva/.rvm/gems/ruby-2.1.1/gems/activesupport-4.0.2/lib/active_support/dependencies.rb:229:in `block in require'
/home/yuva/.rvm/gems/ruby-2.1.1/gems/activesupport-4.0.2/lib/active_support/dependencies.rb:212:in `block in load_dependency'
/home/yuva/.rvm/gems/ruby-2.1.1/gems/activesupport-4.0.2/lib/active_support/dependencies.rb:616:in `new_constants_in'
/home/yuva/.rvm/gems/ruby-2.1.1/gems/activesupport-4.0.2/lib/active_support/dependencies.rb:212:in `load_dependency'
/home/yuva/.rvm/gems/ruby-2.1.1/gems/activesupport-4.0.2/lib/active_support/dependencies.rb:229:in `require'
/home/yuva/.rvm/gems/ruby-2.1.1/gems/omniauth-identity-1.1.1/lib/omniauth/identity/secure_password.rb:1:in `<top (required)>'
/home/yuva/.rvm/gems/ruby-2.1.1/gems/omniauth-identity-1.1.1/lib/omniauth/identity/models/active_record.rb:8:in `<class:ActiveRecord>'
/home/yuva/.rvm/gems/ruby-2.1.1/gems/omniauth-identity-1.1.1/lib/omniauth/identity/models/active_record.rb:6:in `<module:Models>'
/home/yuva/.rvm/gems/ruby-2.1.1/gems/omniauth-identity-1.1.1/lib/omniauth/identity/models/active_record.rb:5:in `<module:Identity>'
/home/yuva/.rvm/gems/ruby-2.1.1/gems/omniauth-identity-1.1.1/lib/omniauth/identity/models/active_record.rb:4:in `<module:OmniAuth>'
/home/yuva/.rvm/gems/ruby-2.1.1/gems/omniauth-identity-1.1.1/lib/omniauth/identity/models/active_record.rb:3:in `<top (required)>'
/home/yuva/Desktop/arvind/peatio/peatio-master/app/models/identity.rb:17:in `<top (required)>'
/home/yuva/.rvm/gems/ruby-2.1.1/gems/activesupport-4.0.2/lib/active_support/dependencies.rb:424:in `load'
/home/yuva/.rvm/gems/ruby-2.1.1/gems/activesupport-4.0.2/lib/active_support/dependencies.rb:424:in `block in load_file'
/home/yuva/.rvm/gems/ruby-2.1.1/gems/activesupport-4.0.2/lib/active_support/dependencies.rb:616:in `new_constants_in'
/home/yuva/.rvm/gems/ruby-2.1.1/gems/activesupport-4.0.2/lib/active_support/dependencies.rb:423:in `load_file'
/home/yuva/.rvm/gems/ruby-2.1.1/gems/activesupport-4.0.2/lib/active_support/dependencies.rb:324:in `require_or_load'
/home/yuva/.rvm/gems/ruby-2.1.1/gems/activesupport-4.0.2/lib/active_support/dependencies.rb:289:in `depend_on'
/home/yuva/.rvm/gems/ruby-2.1.1/gems/activesupport-4.0.2/lib/active_support/dependencies.rb:207:in `require_dependency'
/home/yuva/.rvm/gems/ruby-2.1.1/gems/railties-4.0.2/lib/rails/engine.rb:465:in `block (2 levels) in eager_load!'
/home/yuva/.rvm/gems/ruby-2.1.1/gems/railties-4.0.2/lib/rails/engine.rb:464:in `each'
/home/yuva/.rvm/gems/ruby-2.1.1/gems/railties-4.0.2/lib/rails/engine.rb:464:in `block in eager_load!'
/home/yuva/.rvm/gems/ruby-2.1.1/gems/railties-4.0.2/lib/rails/engine.rb:462:in `each'
/home/yuva/.rvm/gems/ruby-2.1.1/gems/railties-4.0.2/lib/rails/engine.rb:462:in `eager_load!'
/home/yuva/Desktop/arvind/peatio/peatio-master/config/routes.rb:4:in `<top (required)>'
/home/yuva/.rvm/gems/ruby-2.1.1/gems/activesupport-4.0.2/lib/active_support/dependencies.rb:223:in `load'
/home/yuva/.rvm/gems/ruby-2.1.1/gems/activesupport-4.0.2/lib/active_support/dependencies.rb:223:in `block in load'
/home/yuva/.rvm/gems/ruby-2.1.1/gems/activesupport-4.0.2/lib/active_support/dependencies.rb:214:in `load_dependency'
/home/yuva/.rvm/gems/ruby-2.1.1/gems/activesupport-4.0.2/lib/active_support/dependencies.rb:223:in `load'
/home/yuva/.rvm/gems/ruby-2.1.1/gems/railties-4.0.2/lib/rails/application/routes_reloader.rb:40:in `block in load_paths'
/home/yuva/.rvm/gems/ruby-2.1.1/gems/railties-4.0.2/lib/rails/application/routes_reloader.rb:40:in `each'
/home/yuva/.rvm/gems/ruby-2.1.1/gems/railties-4.0.2/lib/rails/application/routes_reloader.rb:40:in `load_paths'
/home/yuva/.rvm/gems/ruby-2.1.1/gems/railties-4.0.2/lib/rails/application/routes_reloader.rb:16:in `reload!'
/home/yuva/.rvm/gems/ruby-2.1.1/gems/railties-4.0.2/lib/rails/application/routes_reloader.rb:26:in `block in updater'
/home/yuva/.rvm/gems/ruby-2.1.1/gems/activesupport-4.0.2/lib/active_support/file_update_checker.rb:75:in `call'
/home/yuva/.rvm/gems/ruby-2.1.1/gems/activesupport-4.0.2/lib/active_support/file_update_checker.rb:75:in `execute'
/home/yuva/.rvm/gems/ruby-2.1.1/gems/railties-4.0.2/lib/rails/application/routes_reloader.rb:27:in `updater'
/home/yuva/.rvm/gems/ruby-2.1.1/gems/railties-4.0.2/lib/rails/application/routes_reloader.rb:6:in `execute_if_updated'
/home/yuva/.rvm/gems/ruby-2.1.1/gems/railties-4.0.2/lib/rails/application/finisher.rb:69:in `block in <module:Finisher>'
/home/yuva/.rvm/gems/ruby-2.1.1/gems/railties-4.0.2/lib/rails/initializable.rb:30:in `instance_exec'
/home/yuva/.rvm/gems/ruby-2.1.1/gems/railties-4.0.2/lib/rails/initializable.rb:30:in `run'
/home/yuva/.rvm/gems/ruby-2.1.1/gems/railties-4.0.2/lib/rails/initializable.rb:55:in `block in run_initializers'
/home/yuva/.rvm/rubies/ruby-2.1.1/lib/ruby/2.1.0/tsort.rb:226:in `block in tsort_each'
/home/yuva/.rvm/rubies/ruby-2.1.1/lib/ruby/2.1.0/tsort.rb:348:in `block (2 levels) in each_strongly_connected_component'
/home/yuva/.rvm/rubies/ruby-2.1.1/lib/ruby/2.1.0/tsort.rb:427:in `each_strongly_connected_component_from'
/home/yuva/.rvm/rubies/ruby-2.1.1/lib/ruby/2.1.0/tsort.rb:347:in `block in each_strongly_connected_component'
/home/yuva/.rvm/rubies/ruby-2.1.1/lib/ruby/2.1.0/tsort.rb:345:in `each'
/home/yuva/.rvm/rubies/ruby-2.1.1/lib/ruby/2.1.0/tsort.rb:345:in `call'
/home/yuva/.rvm/rubies/ruby-2.1.1/lib/ruby/2.1.0/tsort.rb:345:in `each_strongly_connected_component'
/home/yuva/.rvm/rubies/ruby-2.1.1/lib/ruby/2.1.0/tsort.rb:224:in `tsort_each'
/home/yuva/.rvm/rubies/ruby-2.1.1/lib/ruby/2.1.0/tsort.rb:205:in `tsort_each'
/home/yuva/.rvm/gems/ruby-2.1.1/gems/railties-4.0.2/lib/rails/initializable.rb:54:in `run_initializers'
/home/yuva/.rvm/gems/ruby-2.1.1/gems/railties-4.0.2/lib/rails/application.rb:215:in `initialize!'
/home/yuva/.rvm/gems/ruby-2.1.1/gems/railties-4.0.2/lib/rails/railtie/configurable.rb:30:in `method_missing'
/home/yuva/Desktop/arvind/peatio/peatio-master/config/environment.rb:5:in `<top (required)>'
/home/yuva/Desktop/arvind/peatio/peatio-master/lib/daemons/amqp_daemon.rb:10:in `require'
/home/yuva/Desktop/arvind/peatio/peatio-master/lib/daemons/amqp_daemon.rb:10:in `<top (required)>'
/home/yuva/.rvm/gems/ruby-2.1.1/gems/daemons-1.1.9/lib/daemons/application.rb:203:in `load'
/home/yuva/.rvm/gems/ruby-2.1.1/gems/daemons-1.1.9/lib/daemons/application.rb:203:in `start_load'
/home/yuva/.rvm/gems/ruby-2.1.1/gems/daemons-1.1.9/lib/daemons/application.rb:298:in `start'
/home/yuva/.rvm/gems/ruby-2.1.1/gems/daemons-1.1.9/lib/daemons/controller.rb:70:in `run'
/home/yuva/.rvm/gems/ruby-2.1.1/gems/daemons-1.1.9/lib/daemons.rb:147:in `block in run'
/home/yuva/.rvm/gems/ruby-2.1.1/gems/daemons-1.1.9/lib/daemons/cmdline.rb:109:in `call'
/home/yuva/.rvm/gems/ruby-2.1.1/gems/daemons-1.1.9/lib/daemons/cmdline.rb:109:in `catch_exceptions'
/home/yuva/.rvm/gems/ruby-2.1.1/gems/daemons-1.1.9/lib/daemons.rb:146:in `run'
/home/yuva/.rvm/gems/ruby-2.1.1/gems/daemons-rails-1.2.1/lib/daemons/rails.rb:16:in `run'
lib/daemons/trade_executor_ctl:17:in `block in <main>'
lib/daemons/trade_executor_ctl:7:in `times'
lib/daemons/trade_executor_ctl:7:in `<main>'
I, [2014-07-10T14:10:59.817992 #16751]  INFO -- : *** below you find all exception objects found in memory, some of them may have been thrown in your application, others may just be in memory because they are standard exceptions ***
E, [2014-07-10T14:10:59.818145 #16751] ERROR -- : exception reentered (fatal)

E, [2014-07-10T14:10:59.832280 #16751] ERROR -- : stream closed (IOError)

E, [2014-07-10T14:10:59.832499 #16751] ERROR -- : failed to allocate memory (NoMemoryError)

E, [2014-07-10T14:10:59.832585 #16751] ERROR -- : stack level too deep (SystemStackError)

E, [2014-07-10T14:10:59.852096 #16751] ERROR -- : Value will be available once the pipeline executes. (Redis::FutureNotReady)

E, [2014-07-10T14:10:59.947009 #16751] ERROR -- : no such frame (ArgumentError)
/home/yuva/.rvm/gems/ruby-2.1.1/gems/binding_of_caller-0.7.2/lib/binding_of_caller/mri2.rb:25:in `frame_binding'
/home/yuva/.rvm/gems/ruby-2.1.1/gems/binding_of_caller-0.7.2/lib/binding_of_caller/mri2.rb:25:in `block (2 levels) in callers'
/home/yuva/.rvm/gems/ruby-2.1.1/gems/binding_of_caller-0.7.2/lib/binding_of_caller/mri2.rb:23:in `loop'
/home/yuva/.rvm/gems/ruby-2.1.1/gems/binding_of_caller-0.7.2/lib/binding_of_caller/mri2.rb:23:in `block in callers'
/home/yuva/.rvm/gems/ruby-2.1.1/gems/binding_of_caller-0.7.2/lib/binding_of_caller/mri2.rb:21:in `open'
/home/yuva/.rvm/gems/ruby-2.1.1/gems/binding_of_caller-0.7.2/lib/binding_of_caller/mri2.rb:21:in `callers'
/home/yuva/.rvm/gems/ruby-2.1.1/gems/better_errors-1.1.0/lib/better_errors/core_ext/exception.rb:9:in `block in <class:Exception>'
/home/yuva/.rvm/rubies/ruby-2.1.1/lib/ruby/2.1.0/open-uri.rb:36:in `initialize'
/home/yuva/.rvm/rubies/ruby-2.1.1/lib/ruby/2.1.0/open-uri.rb:36:in `open'
/home/yuva/.rvm/rubies/ruby-2.1.1/lib/ruby/2.1.0/open-uri.rb:36:in `open'
/home/yuva/.rvm/rubies/ruby-2.1.1/lib/ruby/2.1.0/logger.rb:592:in `open_logfile'
/home/yuva/.rvm/rubies/ruby-2.1.1/lib/ruby/2.1.0/logger.rb:549:in `initialize'
/home/yuva/.rvm/rubies/ruby-2.1.1/lib/ruby/2.1.0/logger.rb:318:in `new'
/home/yuva/.rvm/rubies/ruby-2.1.1/lib/ruby/2.1.0/logger.rb:318:in `initialize'
/home/yuva/.rvm/gems/ruby-2.1.1/gems/daemons-1.1.9/lib/daemons/application.rb:353:in `new'
/home/yuva/.rvm/gems/ruby-2.1.1/gems/daemons-1.1.9/lib/daemons/application.rb:353:in `exception_log'
/home/yuva/.rvm/gems/ruby-2.1.1/gems/daemons-1.1.9/lib/daemons/application.rb:165:in `block in start_load'
E, [2014-07-10T14:10:59.947273 #16751] ERROR -- : No such file or directory @ rb_sysopen - /home/yuva/Desktop/arvind/peatio/peatio-master/log/peatio:amqp:trade_executor:1.log (Errno::ENOENT)
/home/yuva/.rvm/rubies/ruby-2.1.1/lib/ruby/2.1.0/open-uri.rb:36:in `initialize'
/home/yuva/.rvm/rubies/ruby-2.1.1/lib/ruby/2.1.0/open-uri.rb:36:in `open'
/home/yuva/.rvm/rubies/ruby-2.1.1/lib/ruby/2.1.0/open-uri.rb:36:in `open'
/home/yuva/.rvm/rubies/ruby-2.1.1/lib/ruby/2.1.0/logger.rb:592:in `open_logfile'
/home/yuva/.rvm/rubies/ruby-2.1.1/lib/ruby/2.1.0/logger.rb:549:in `initialize'
/home/yuva/.rvm/rubies/ruby-2.1.1/lib/ruby/2.1.0/logger.rb:318:in `new'
/home/yuva/.rvm/rubies/ruby-2.1.1/lib/ruby/2.1.0/logger.rb:318:in `initialize'
/home/yuva/.rvm/gems/ruby-2.1.1/gems/daemons-1.1.9/lib/daemons/application.rb:353:in `new'
/home/yuva/.rvm/gems/ruby-2.1.1/gems/daemons-1.1.9/lib/daemons/application.rb:353:in `exception_log'
/home/yuva/.rvm/gems/ruby-2.1.1/gems/daemons-1.1.9/lib/daemons/application.rb:165:in `block in start_load'
E, [2014-07-10T14:10:59.947402 #16751] ERROR -- : no such frame (ArgumentError)
/home/yuva/.rvm/gems/ruby-2.1.1/gems/binding_of_caller-0.7.2/lib/binding_of_caller/mri2.rb:25:in `frame_binding'
/home/yuva/.rvm/gems/ruby-2.1.1/gems/binding_of_caller-0.7.2/lib/binding_of_caller/mri2.rb:25:in `block (2 levels) in callers'
/home/yuva/.rvm/gems/ruby-2.1.1/gems/binding_of_caller-0.7.2/lib/binding_of_caller/mri2.rb:23:in `loop'
/home/yuva/.rvm/gems/ruby-2.1.1/gems/binding_of_caller-0.7.2/lib/binding_of_caller/mri2.rb:23:in `block in callers'
/home/yuva/.rvm/gems/ruby-2.1.1/gems/binding_of_caller-0.7.2/lib/binding_of_caller/mri2.rb:21:in `open'
/home/yuva/.rvm/gems/ruby-2.1.1/gems/binding_of_caller-0.7.2/lib/binding_of_caller/mri2.rb:21:in `callers'
/home/yuva/.rvm/gems/ruby-2.1.1/gems/better_errors-1.1.0/lib/better_errors/core_ext/exception.rb:9:in `block in <class:Exception>'
/home/yuva/.rvm/gems/ruby-2.1.1/gems/amq-protocol-1.9.2/lib/amq/protocol/frame.rb:64:in `decode_header'
/home/yuva/.rvm/gems/ruby-2.1.1/gems/bunny-1.2.1/lib/bunny/transport.rb:208:in `read_next_frame'
/home/yuva/.rvm/gems/ruby-2.1.1/gems/bunny-1.2.1/lib/bunny/session.rb:923:in `init_connection'
/home/yuva/.rvm/gems/ruby-2.1.1/gems/bunny-1.2.1/lib/bunny/session.rb:254:in `start'
/home/yuva/Desktop/arvind/peatio/peatio-master/lib/daemons/amqp_daemon.rb:17:in `<top (required)>'
/home/yuva/.rvm/gems/ruby-2.1.1/gems/daemons-1.1.9/lib/daemons/application.rb:203:in `load'
/home/yuva/.rvm/gems/ruby-2.1.1/gems/daemons-1.1.9/lib/daemons/application.rb:203:in `start_load'
/home/yuva/.rvm/gems/ruby-2.1.1/gems/daemons-1.1.9/lib/daemons/application.rb:298:in `start'
/home/yuva/.rvm/gems/ruby-2.1.1/gems/daemons-1.1.9/lib/daemons/controller.rb:70:in `run'
/home/yuva/.rvm/gems/ruby-2.1.1/gems/daemons-1.1.9/lib/daemons.rb:147:in `block in run'
/home/yuva/.rvm/gems/ruby-2.1.1/gems/daemons-1.1.9/lib/daemons/cmdline.rb:109:in `call'
/home/yuva/.rvm/gems/ruby-2.1.1/gems/daemons-1.1.9/lib/daemons/cmdline.rb:109:in `catch_exceptions'
/home/yuva/.rvm/gems/ruby-2.1.1/gems/daemons-1.1.9/lib/daemons.rb:146:in `run'
/home/yuva/.rvm/gems/ruby-2.1.1/gems/daemons-rails-1.2.1/lib/daemons/rails.rb:16:in `run'
lib/daemons/trade_executor_ctl:17:in `block in <main>'
lib/daemons/trade_executor_ctl:7:in `times'
lib/daemons/trade_executor_ctl:7:in `<main>'
E, [2014-07-10T14:10:59.947567 #16751] ERROR -- : Must be one of [:method, :headers, :body, :heartbeat] (AMQ::Protocol::FrameTypeError)
/home/yuva/.rvm/gems/ruby-2.1.1/gems/amq-protocol-1.9.2/lib/amq/protocol/frame.rb:64:in `decode_header'
/home/yuva/.rvm/gems/ruby-2.1.1/gems/bunny-1.2.1/lib/bunny/transport.rb:208:in `read_next_frame'
/home/yuva/.rvm/gems/ruby-2.1.1/gems/bunny-1.2.1/lib/bunny/session.rb:923:in `init_connection'
/home/yuva/.rvm/gems/ruby-2.1.1/gems/bunny-1.2.1/lib/bunny/session.rb:254:in `start'
/home/yuva/Desktop/arvind/peatio/peatio-master/lib/daemons/amqp_daemon.rb:17:in `<top (required)>'
/home/yuva/.rvm/gems/ruby-2.1.1/gems/daemons-1.1.9/lib/daemons/application.rb:203:in `load'
/home/yuva/.rvm/gems/ruby-2.1.1/gems/daemons-1.1.9/lib/daemons/application.rb:203:in `start_load'
/home/yuva/.rvm/gems/ruby-2.1.1/gems/daemons-1.1.9/lib/daemons/application.rb:298:in `start'
/home/yuva/.rvm/gems/ruby-2.1.1/gems/daemons-1.1.9/lib/daemons/controller.rb:70:in `run'
/home/yuva/.rvm/gems/ruby-2.1.1/gems/daemons-1.1.9/lib/daemons.rb:147:in `block in run'
/home/yuva/.rvm/gems/ruby-2.1.1/gems/daemons-1.1.9/lib/daemons/cmdline.rb:109:in `call'
/home/yuva/.rvm/gems/ruby-2.1.1/gems/daemons-1.1.9/lib/daemons/cmdline.rb:109:in `catch_exceptions'
/home/yuva/.rvm/gems/ruby-2.1.1/gems/daemons-1.1.9/lib/daemons.rb:146:in `run'
/home/yuva/.rvm/gems/ruby-2.1.1/gems/daemons-rails-1.2.1/lib/daemons/rails.rb:16:in `run'
lib/daemons/trade_executor_ctl:17:in `block in <main>'
lib/daemons/trade_executor_ctl:7:in `times'
lib/daemons/trade_executor_ctl:7:in `<main>'
E, [2014-07-10T14:11:00.059689 #16751] ERROR -- : no such frame (ArgumentError)
/home/yuva/.rvm/gems/ruby-2.1.1/gems/binding_of_caller-0.7.2/lib/binding_of_caller/mri2.rb:25:in `frame_binding'
/home/yuva/.rvm/gems/ruby-2.1.1/gems/binding_of_caller-0.7.2/lib/binding_of_caller/mri2.rb:25:in `block (2 levels) in callers'
/home/yuva/.rvm/gems/ruby-2.1.1/gems/binding_of_caller-0.7.2/lib/binding_of_caller/mri2.rb:23:in `loop'
/home/yuva/.rvm/gems/ruby-2.1.1/gems/binding_of_caller-0.7.2/lib/binding_of_caller/mri2.rb:23:in `block in callers'
/home/yuva/.rvm/gems/ruby-2.1.1/gems/binding_of_caller-0.7.2/lib/binding_of_caller/mri2.rb:21:in `open'
/home/yuva/.rvm/gems/ruby-2.1.1/gems/binding_of_caller-0.7.2/lib/binding_of_caller/mri2.rb:21:in `callers'
/home/yuva/.rvm/gems/ruby-2.1.1/gems/better_errors-1.1.0/lib/better_errors/core_ext/exception.rb:9:in `block in <class:Exception>'
/home/yuva/.rvm/gems/ruby-2.1.1/gems/activesupport-4.0.2/lib/active_support/dependencies.rb:229:in `require'
/home/yuva/.rvm/gems/ruby-2.1.1/gems/activesupport-4.0.2/lib/active_support/dependencies.rb:229:in `block in require'
/home/yuva/.rvm/gems/ruby-2.1.1/gems/activesupport-4.0.2/lib/active_support/dependencies.rb:212:in `block in load_dependency'
/home/yuva/.rvm/gems/ruby-2.1.1/gems/activesupport-4.0.2/lib/active_support/dependencies.rb:616:in `new_constants_in'
/home/yuva/.rvm/gems/ruby-2.1.1/gems/activesupport-4.0.2/lib/active_support/dependencies.rb:212:in `load_dependency'
/home/yuva/.rvm/gems/ruby-2.1.1/gems/activesupport-4.0.2/lib/active_support/dependencies.rb:229:in `require'
/home/yuva/.rvm/gems/ruby-2.1.1/gems/bcrypt-ruby-3.1.2/lib/bcrypt.rb:14:in `<top (required)>'
/home/yuva/.rvm/gems/ruby-2.1.1/gems/activesupport-4.0.2/lib/active_support/dependencies.rb:229:in `require'
/home/yuva/.rvm/gems/ruby-2.1.1/gems/activesupport-4.0.2/lib/active_support/dependencies.rb:229:in `block in require'
/home/yuva/.rvm/gems/ruby-2.1.1/gems/activesupport-4.0.2/lib/active_support/dependencies.rb:212:in `block in load_dependency'
/home/yuva/.rvm/gems/ruby-2.1.1/gems/activesupport-4.0.2/lib/active_support/dependencies.rb:616:in `new_constants_in'
/home/yuva/.rvm/gems/ruby-2.1.1/gems/activesupport-4.0.2/lib/active_support/dependencies.rb:212:in `load_dependency'
/home/yuva/.rvm/gems/ruby-2.1.1/gems/activesupport-4.0.2/lib/active_support/dependencies.rb:229:in `require'
/home/yuva/.rvm/gems/ruby-2.1.1/gems/omniauth-identity-1.1.1/lib/omniauth/identity/secure_password.rb:1:in `<top (required)>'
/home/yuva/.rvm/gems/ruby-2.1.1/gems/omniauth-identity-1.1.1/lib/omniauth/identity/models/active_record.rb:8:in `<class:ActiveRecord>'
/home/yuva/.rvm/gems/ruby-2.1.1/gems/omniauth-identity-1.1.1/lib/omniauth/identity/models/active_record.rb:6:in `<module:Models>'
/home/yuva/.rvm/gems/ruby-2.1.1/gems/omniauth-identity-1.1.1/lib/omniauth/identity/models/active_record.rb:5:in `<module:Identity>'
/home/yuva/.rvm/gems/ruby-2.1.1/gems/omniauth-identity-1.1.1/lib/omniauth/identity/models/active_record.rb:4:in `<module:OmniAuth>'
/home/yuva/.rvm/gems/ruby-2.1.1/gems/omniauth-identity-1.1.1/lib/omniauth/identity/models/active_record.rb:3:in `<top (required)>'
/home/yuva/Desktop/arvind/peatio/peatio-master/app/models/identity.rb:17:in `<top (required)>'
/home/yuva/.rvm/gems/ruby-2.1.1/gems/activesupport-4.0.2/lib/active_support/dependencies.rb:424:in `load'
/home/yuva/.rvm/gems/ruby-2.1.1/gems/activesupport-4.0.2/lib/active_support/dependencies.rb:424:in `block in load_file'
/home/yuva/.rvm/gems/ruby-2.1.1/gems/activesupport-4.0.2/lib/active_support/dependencies.rb:616:in `new_constants_in'
/home/yuva/.rvm/gems/ruby-2.1.1/gems/activesupport-4.0.2/lib/active_support/dependencies.rb:423:in `load_file'
/home/yuva/.rvm/gems/ruby-2.1.1/gems/activesupport-4.0.2/lib/active_support/dependencies.rb:324:in `require_or_load'
/home/yuva/.rvm/gems/ruby-2.1.1/gems/activesupport-4.0.2/lib/active_support/dependencies.rb:289:in `depend_on'
/home/yuva/.rvm/gems/ruby-2.1.1/gems/activesupport-4.0.2/lib/active_support/dependencies.rb:207:in `require_dependency'
/home/yuva/.rvm/gems/ruby-2.1.1/gems/railties-4.0.2/lib/rails/engine.rb:465:in `block (2 levels) in eager_load!'
/home/yuva/.rvm/gems/ruby-2.1.1/gems/railties-4.0.2/lib/rails/engine.rb:464:in `each'
/home/yuva/.rvm/gems/ruby-2.1.1/gems/railties-4.0.2/lib/rails/engine.rb:464:in `block in eager_load!'
/home/yuva/.rvm/gems/ruby-2.1.1/gems/railties-4.0.2/lib/rails/engine.rb:462:in `each'
/home/yuva/.rvm/gems/ruby-2.1.1/gems/railties-4.0.2/lib/rails/engine.rb:462:in `eager_load!'
/home/yuva/Desktop/arvind/peatio/peatio-master/config/routes.rb:4:in `<top (required)>'
/home/yuva/.rvm/gems/ruby-2.1.1/gems/activesupport-4.0.2/lib/active_support/dependencies.rb:223:in `load'
/home/yuva/.rvm/gems/ruby-2.1.1/gems/activesupport-4.0.2/lib/active_support/dependencies.rb:223:in `block in load'
/home/yuva/.rvm/gems/ruby-2.1.1/gems/activesupport-4.0.2/lib/active_support/dependencies.rb:214:in `load_dependency'
/home/yuva/.rvm/gems/ruby-2.1.1/gems/activesupport-4.0.2/lib/active_support/dependencies.rb:223:in `load'
/home/yuva/.rvm/gems/ruby-2.1.1/gems/railties-4.0.2/lib/rails/application/routes_reloader.rb:40:in `block in load_paths'
/home/yuva/.rvm/gems/ruby-2.1.1/gems/railties-4.0.2/lib/rails/application/routes_reloader.rb:40:in `each'
/home/yuva/.rvm/gems/ruby-2.1.1/gems/railties-4.0.2/lib/rails/application/routes_reloader.rb:40:in `load_paths'
/home/yuva/.rvm/gems/ruby-2.1.1/gems/railties-4.0.2/lib/rails/application/routes_reloader.rb:16:in `reload!'
/home/yuva/.rvm/gems/ruby-2.1.1/gems/railties-4.0.2/lib/rails/application/routes_reloader.rb:26:in `block in updater'
/home/yuva/.rvm/gems/ruby-2.1.1/gems/activesupport-4.0.2/lib/active_support/file_update_checker.rb:75:in `call'
/home/yuva/.rvm/gems/ruby-2.1.1/gems/activesupport-4.0.2/lib/active_support/file_update_checker.rb:75:in `execute'
/home/yuva/.rvm/gems/ruby-2.1.1/gems/railties-4.0.2/lib/rails/application/routes_reloader.rb:27:in `updater'
/home/yuva/.rvm/gems/ruby-2.1.1/gems/railties-4.0.2/lib/rails/application/routes_reloader.rb:6:in `execute_if_updated'
/home/yuva/.rvm/gems/ruby-2.1.1/gems/railties-4.0.2/lib/rails/application/finisher.rb:69:in `block in <module:Finisher>'
/home/yuva/.rvm/gems/ruby-2.1.1/gems/railties-4.0.2/lib/rails/initializable.rb:30:in `instance_exec'
/home/yuva/.rvm/gems/ruby-2.1.1/gems/railties-4.0.2/lib/rails/initializable.rb:30:in `run'
/home/yuva/.rvm/gems/ruby-2.1.1/gems/railties-4.0.2/lib/rails/initializable.rb:55:in `block in run_initializers'
/home/yuva/.rvm/rubies/ruby-2.1.1/lib/ruby/2.1.0/tsort.rb:226:in `block in tsort_each'
/home/yuva/.rvm/rubies/ruby-2.1.1/lib/ruby/2.1.0/tsort.rb:348:in `block (2 levels) in each_strongly_connected_component'
/home/yuva/.rvm/rubies/ruby-2.1.1/lib/ruby/2.1.0/tsort.rb:427:in `each_strongly_connected_component_from'
/home/yuva/.rvm/rubies/ruby-2.1.1/lib/ruby/2.1.0/tsort.rb:347:in `block in each_strongly_connected_component'
/home/yuva/.rvm/rubies/ruby-2.1.1/lib/ruby/2.1.0/tsort.rb:345:in `each'
/home/yuva/.rvm/rubies/ruby-2.1.1/lib/ruby/2.1.0/tsort.rb:345:in `call'
/home/yuva/.rvm/rubies/ruby-2.1.1/lib/ruby/2.1.0/tsort.rb:345:in `each_strongly_connected_component'
/home/yuva/.rvm/rubies/ruby-2.1.1/lib/ruby/2.1.0/tsort.rb:224:in `tsort_each'
/home/yuva/.rvm/rubies/ruby-2.1.1/lib/ruby/2.1.0/tsort.rb:205:in `tsort_each'
/home/yuva/.rvm/gems/ruby-2.1.1/gems/railties-4.0.2/lib/rails/initializable.rb:54:in `run_initializers'
/home/yuva/.rvm/gems/ruby-2.1.1/gems/railties-4.0.2/lib/rails/application.rb:215:in `initialize!'
/home/yuva/.rvm/gems/ruby-2.1.1/gems/railties-4.0.2/lib/rails/railtie/configurable.rb:30:in `method_missing'
/home/yuva/Desktop/arvind/peatio/peatio-master/config/environment.rb:5:in `<top (required)>'
/home/yuva/Desktop/arvind/peatio/peatio-master/lib/daemons/amqp_daemon.rb:10:in `require'
/home/yuva/Desktop/arvind/peatio/peatio-master/lib/daemons/amqp_daemon.rb:10:in `<top (required)>'
/home/yuva/.rvm/gems/ruby-2.1.1/gems/daemons-1.1.9/lib/daemons/application.rb:203:in `load'
/home/yuva/.rvm/gems/ruby-2.1.1/gems/daemons-1.1.9/lib/daemons/application.rb:203:in `start_load'
/home/yuva/.rvm/gems/ruby-2.1.1/gems/daemons-1.1.9/lib/daemons/application.rb:298:in `start'
/home/yuva/.rvm/gems/ruby-2.1.1/gems/daemons-1.1.9/lib/daemons/controller.rb:70:in `run'
/home/yuva/.rvm/gems/ruby-2.1.1/gems/daemons-1.1.9/lib/daemons.rb:147:in `block in run'
/home/yuva/.rvm/gems/ruby-2.1.1/gems/daemons-1.1.9/lib/daemons/cmdline.rb:109:in `call'
/home/yuva/.rvm/gems/ruby-2.1.1/gems/daemons-1.1.9/lib/daemons/cmdline.rb:109:in `catch_exceptions'
/home/yuva/.rvm/gems/ruby-2.1.1/gems/daemons-1.1.9/lib/daemons.rb:146:in `run'
/home/yuva/.rvm/gems/ruby-2.1.1/gems/daemons-rails-1.2.1/lib/daemons/rails.rb:16:in `run'
lib/daemons/trade_executor_ctl:17:in `block in <main>'
lib/daemons/trade_executor_ctl:7:in `times'
lib/daemons/trade_executor_ctl:7:in `<main>'
E, [2014-07-10T14:11:00.059952 #16751] ERROR -- : cannot load such file -- 2.1/bcrypt_ext (LoadError)
/home/yuva/.rvm/gems/ruby-2.1.1/gems/activesupport-4.0.2/lib/active_support/dependencies.rb:229:in `require'
/home/yuva/.rvm/gems/ruby-2.1.1/gems/activesupport-4.0.2/lib/active_support/dependencies.rb:229:in `block in require'
/home/yuva/.rvm/gems/ruby-2.1.1/gems/activesupport-4.0.2/lib/active_support/dependencies.rb:212:in `block in load_dependency'
/home/yuva/.rvm/gems/ruby-2.1.1/gems/activesupport-4.0.2/lib/active_support/dependencies.rb:616:in `new_constants_in'
/home/yuva/.rvm/gems/ruby-2.1.1/gems/activesupport-4.0.2/lib/active_support/dependencies.rb:212:in `load_dependency'
/home/yuva/.rvm/gems/ruby-2.1.1/gems/activesupport-4.0.2/lib/active_support/dependencies.rb:229:in `require'
/home/yuva/.rvm/gems/ruby-2.1.1/gems/bcrypt-ruby-3.1.2/lib/bcrypt.rb:14:in `<top (required)>'
/home/yuva/.rvm/gems/ruby-2.1.1/gems/activesupport-4.0.2/lib/active_support/dependencies.rb:229:in `require'
/home/yuva/.rvm/gems/ruby-2.1.1/gems/activesupport-4.0.2/lib/active_support/dependencies.rb:229:in `block in require'
/home/yuva/.rvm/gems/ruby-2.1.1/gems/activesupport-4.0.2/lib/active_support/dependencies.rb:212:in `block in load_dependency'
/home/yuva/.rvm/gems/ruby-2.1.1/gems/activesupport-4.0.2/lib/active_support/dependencies.rb:616:in `new_constants_in'
/home/yuva/.rvm/gems/ruby-2.1.1/gems/activesupport-4.0.2/lib/active_support/dependencies.rb:212:in `load_dependency'
/home/yuva/.rvm/gems/ruby-2.1.1/gems/activesupport-4.0.2/lib/active_support/dependencies.rb:229:in `require'
/home/yuva/.rvm/gems/ruby-2.1.1/gems/omniauth-identity-1.1.1/lib/omniauth/identity/secure_password.rb:1:in `<top (required)>'
/home/yuva/.rvm/gems/ruby-2.1.1/gems/omniauth-identity-1.1.1/lib/omniauth/identity/models/active_record.rb:8:in `<class:ActiveRecord>'
/home/yuva/.rvm/gems/ruby-2.1.1/gems/omniauth-identity-1.1.1/lib/omniauth/identity/models/active_record.rb:6:in `<module:Models>'
/home/yuva/.rvm/gems/ruby-2.1.1/gems/omniauth-identity-1.1.1/lib/omniauth/identity/models/active_record.rb:5:in `<module:Identity>'
/home/yuva/.rvm/gems/ruby-2.1.1/gems/omniauth-identity-1.1.1/lib/omniauth/identity/models/active_record.rb:4:in `<module:OmniAuth>'
/home/yuva/.rvm/gems/ruby-2.1.1/gems/omniauth-identity-1.1.1/lib/omniauth/identity/models/active_record.rb:3:in `<top (required)>'
/home/yuva/Desktop/arvind/peatio/peatio-master/app/models/identity.rb:17:in `<top (required)>'
/home/yuva/.rvm/gems/ruby-2.1.1/gems/activesupport-4.0.2/lib/active_support/dependencies.rb:424:in `load'
/home/yuva/.rvm/gems/ruby-2.1.1/gems/activesupport-4.0.2/lib/active_support/dependencies.rb:424:in `block in load_file'
/home/yuva/.rvm/gems/ruby-2.1.1/gems/activesupport-4.0.2/lib/active_support/dependencies.rb:616:in `new_constants_in'
/home/yuva/.rvm/gems/ruby-2.1.1/gems/activesupport-4.0.2/lib/active_support/dependencies.rb:423:in `load_file'
/home/yuva/.rvm/gems/ruby-2.1.1/gems/activesupport-4.0.2/lib/active_support/dependencies.rb:324:in `require_or_load'
/home/yuva/.rvm/gems/ruby-2.1.1/gems/activesupport-4.0.2/lib/active_support/dependencies.rb:289:in `depend_on'
/home/yuva/.rvm/gems/ruby-2.1.1/gems/activesupport-4.0.2/lib/active_support/dependencies.rb:207:in `require_dependency'
/home/yuva/.rvm/gems/ruby-2.1.1/gems/railties-4.0.2/lib/rails/engine.rb:465:in `block (2 levels) in eager_load!'
/home/yuva/.rvm/gems/ruby-2.1.1/gems/railties-4.0.2/lib/rails/engine.rb:464:in `each'
/home/yuva/.rvm/gems/ruby-2.1.1/gems/railties-4.0.2/lib/rails/engine.rb:464:in `block in eager_load!'
/home/yuva/.rvm/gems/ruby-2.1.1/gems/railties-4.0.2/lib/rails/engine.rb:462:in `each'
/home/yuva/.rvm/gems/ruby-2.1.1/gems/railties-4.0.2/lib/rails/engine.rb:462:in `eager_load!'
/home/yuva/Desktop/arvind/peatio/peatio-master/config/routes.rb:4:in `<top (required)>'
/home/yuva/.rvm/gems/ruby-2.1.1/gems/activesupport-4.0.2/lib/active_support/dependencies.rb:223:in `load'
/home/yuva/.rvm/gems/ruby-2.1.1/gems/activesupport-4.0.2/lib/active_support/dependencies.rb:223:in `block in load'
/home/yuva/.rvm/gems/ruby-2.1.1/gems/activesupport-4.0.2/lib/active_support/dependencies.rb:214:in `load_dependency'
/home/yuva/.rvm/gems/ruby-2.1.1/gems/activesupport-4.0.2/lib/active_support/dependencies.rb:223:in `load'
/home/yuva/.rvm/gems/ruby-2.1.1/gems/railties-4.0.2/lib/rails/application/routes_reloader.rb:40:in `block in load_paths'
/home/yuva/.rvm/gems/ruby-2.1.1/gems/railties-4.0.2/lib/rails/application/routes_reloader.rb:40:in `each'
/home/yuva/.rvm/gems/ruby-2.1.1/gems/railties-4.0.2/lib/rails/application/routes_reloader.rb:40:in `load_paths'
/home/yuva/.rvm/gems/ruby-2.1.1/gems/railties-4.0.2/lib/rails/application/routes_reloader.rb:16:in `reload!'
/home/yuva/.rvm/gems/ruby-2.1.1/gems/railties-4.0.2/lib/rails/application/routes_reloader.rb:26:in `block in updater'
/home/yuva/.rvm/gems/ruby-2.1.1/gems/activesupport-4.0.2/lib/active_support/file_update_checker.rb:75:in `call'
/home/yuva/.rvm/gems/ruby-2.1.1/gems/activesupport-4.0.2/lib/active_support/file_update_checker.rb:75:in `execute'
/home/yuva/.rvm/gems/ruby-2.1.1/gems/railties-4.0.2/lib/rails/application/routes_reloader.rb:27:in `updater'
/home/yuva/.rvm/gems/ruby-2.1.1/gems/railties-4.0.2/lib/rails/application/routes_reloader.rb:6:in `execute_if_updated'
/home/yuva/.rvm/gems/ruby-2.1.1/gems/railties-4.0.2/lib/rails/application/finisher.rb:69:in `block in <module:Finisher>'
/home/yuva/.rvm/gems/ruby-2.1.1/gems/railties-4.0.2/lib/rails/initializable.rb:30:in `instance_exec'
/home/yuva/.rvm/gems/ruby-2.1.1/gems/railties-4.0.2/lib/rails/initializable.rb:30:in `run'
/home/yuva/.rvm/gems/ruby-2.1.1/gems/railties-4.0.2/lib/rails/initializable.rb:55:in `block in run_initializers'
/home/yuva/.rvm/rubies/ruby-2.1.1/lib/ruby/2.1.0/tsort.rb:226:in `block in tsort_each'
/home/yuva/.rvm/rubies/ruby-2.1.1/lib/ruby/2.1.0/tsort.rb:348:in `block (2 levels) in each_strongly_connected_component'
/home/yuva/.rvm/rubies/ruby-2.1.1/lib/ruby/2.1.0/tsort.rb:427:in `each_strongly_connected_component_from'
/home/yuva/.rvm/rubies/ruby-2.1.1/lib/ruby/2.1.0/tsort.rb:347:in `block in each_strongly_connected_component'
/home/yuva/.rvm/rubies/ruby-2.1.1/lib/ruby/2.1.0/tsort.rb:345:in `each'
/home/yuva/.rvm/rubies/ruby-2.1.1/lib/ruby/2.1.0/tsort.rb:345:in `call'
/home/yuva/.rvm/rubies/ruby-2.1.1/lib/ruby/2.1.0/tsort.rb:345:in `each_strongly_connected_component'
/home/yuva/.rvm/rubies/ruby-2.1.1/lib/ruby/2.1.0/tsort.rb:224:in `tsort_each'
/home/yuva/.rvm/rubies/ruby-2.1.1/lib/ruby/2.1.0/tsort.rb:205:in `tsort_each'
/home/yuva/.rvm/gems/ruby-2.1.1/gems/railties-4.0.2/lib/rails/initializable.rb:54:in `run_initializers'
/home/yuva/.rvm/gems/ruby-2.1.1/gems/railties-4.0.2/lib/rails/application.rb:215:in `initialize!'
/home/yuva/.rvm/gems/ruby-2.1.1/gems/railties-4.0.2/lib/rails/railtie/configurable.rb:30:in `method_missing'
/home/yuva/Desktop/arvind/peatio/peatio-master/config/environment.rb:5:in `<top (required)>'
/home/yuva/Desktop/arvind/peatio/peatio-master/lib/daemons/amqp_daemon.rb:10:in `require'
/home/yuva/Desktop/arvind/peatio/peatio-master/lib/daemons/amqp_daemon.rb:10:in `<top (required)>'
/home/yuva/.rvm/gems/ruby-2.1.1/gems/daemons-1.1.9/lib/daemons/application.rb:203:in `load'
/home/yuva/.rvm/gems/ruby-2.1.1/gems/daemons-1.1.9/lib/daemons/application.rb:203:in `start_load'
/home/yuva/.rvm/gems/ruby-2.1.1/gems/daemons-1.1.9/lib/daemons/application.rb:298:in `start'
/home/yuva/.rvm/gems/ruby-2.1.1/gems/daemons-1.1.9/lib/daemons/controller.rb:70:in `run'
/home/yuva/.rvm/gems/ruby-2.1.1/gems/daemons-1.1.9/lib/daemons.rb:147:in `block in run'
/home/yuva/.rvm/gems/ruby-2.1.1/gems/daemons-1.1.9/lib/daemons/cmdline.rb:109:in `call'
/home/yuva/.rvm/gems/ruby-2.1.1/gems/daemons-1.1.9/lib/daemons/cmdline.rb:109:in `catch_exceptions'
/home/yuva/.rvm/gems/ruby-2.1.1/gems/daemons-1.1.9/lib/daemons.rb:146:in `run'
/home/yuva/.rvm/gems/ruby-2.1.1/gems/daemons-rails-1.2.1/lib/daemons/rails.rb:16:in `run'
lib/daemons/trade_executor_ctl:17:in `block in <main>'
lib/daemons/trade_executor_ctl:7:in `times'
lib/daemons/trade_executor_ctl:7:in `<main>'
I, [2014-07-14T17:38:15.580437 #25219]  INFO -- : *** below you find the most recent exception thrown, this will be likely (but not certainly) the exception that made the application exit abnormally ***
E, [2014-07-14T17:38:16.882599 #25219] ERROR -- : Connection refused - connect(2) for "127.0.0.1" port 5672 (Errno::ECONNREFUSED)
/home/yuva/.rvm/gems/ruby-2.1.2/gems/bunny-1.2.1/lib/bunny/cruby/socket.rb:18:in `initialize'
/home/yuva/.rvm/gems/ruby-2.1.2/gems/bunny-1.2.1/lib/bunny/cruby/socket.rb:18:in `new'
/home/yuva/.rvm/gems/ruby-2.1.2/gems/bunny-1.2.1/lib/bunny/cruby/socket.rb:18:in `block in open'
/home/yuva/.rvm/rubies/ruby-2.1.2/lib/ruby/2.1.0/timeout.rb:91:in `block in timeout'
/home/yuva/.rvm/rubies/ruby-2.1.2/lib/ruby/2.1.0/timeout.rb:101:in `call'
/home/yuva/.rvm/rubies/ruby-2.1.2/lib/ruby/2.1.0/timeout.rb:101:in `timeout'
/home/yuva/.rvm/gems/ruby-2.1.2/gems/bunny-1.2.1/lib/bunny/cruby/socket.rb:17:in `open'
/home/yuva/.rvm/gems/ruby-2.1.2/gems/bunny-1.2.1/lib/bunny/transport.rb:242:in `initialize_socket'
/home/yuva/.rvm/gems/ruby-2.1.2/gems/bunny-1.2.1/lib/bunny/transport.rb:254:in `maybe_initialize_socket'
/home/yuva/.rvm/gems/ruby-2.1.2/gems/bunny-1.2.1/lib/bunny/session.rb:245:in `start'
/home/yuva/Desktop/arvind/peatio/peatio-master/lib/daemons/amqp_daemon.rb:17:in `<top (required)>'
/home/yuva/.rvm/gems/ruby-2.1.2/gems/daemons-1.1.9/lib/daemons/application.rb:203:in `load'
/home/yuva/.rvm/gems/ruby-2.1.2/gems/daemons-1.1.9/lib/daemons/application.rb:203:in `start_load'
/home/yuva/.rvm/gems/ruby-2.1.2/gems/daemons-1.1.9/lib/daemons/application.rb:298:in `start'
/home/yuva/.rvm/gems/ruby-2.1.2/gems/daemons-1.1.9/lib/daemons/controller.rb:70:in `run'
/home/yuva/.rvm/gems/ruby-2.1.2/gems/daemons-1.1.9/lib/daemons.rb:147:in `block in run'
/home/yuva/.rvm/gems/ruby-2.1.2/gems/daemons-1.1.9/lib/daemons/cmdline.rb:109:in `call'
/home/yuva/.rvm/gems/ruby-2.1.2/gems/daemons-1.1.9/lib/daemons/cmdline.rb:109:in `catch_exceptions'
/home/yuva/.rvm/gems/ruby-2.1.2/gems/daemons-1.1.9/lib/daemons.rb:146:in `run'
/home/yuva/.rvm/gems/ruby-2.1.2/gems/daemons-rails-1.2.1/lib/daemons/rails.rb:16:in `run'
lib/daemons/trade_executor_ctl:17:in `block in <main>'
lib/daemons/trade_executor_ctl:7:in `times'
lib/daemons/trade_executor_ctl:7:in `<main>'
I, [2014-07-14T17:38:16.882754 #25219]  INFO -- : *** below you find all exception objects found in memory, some of them may have been thrown in your application, others may just be in memory because they are standard exceptions ***
E, [2014-07-14T17:38:16.882918 #25219] ERROR -- : exception reentered (fatal)

E, [2014-07-14T17:38:16.892699 #25219] ERROR -- : stream closed (IOError)

E, [2014-07-14T17:38:16.892994 #25219] ERROR -- : failed to allocate memory (NoMemoryError)

E, [2014-07-14T17:38:16.893116 #25219] ERROR -- : stack level too deep (SystemStackError)

E, [2014-07-14T17:38:16.936420 #25219] ERROR -- : Value will be available once the pipeline executes. (Redis::FutureNotReady)

E, [2014-07-14T17:38:16.969308 #25219] ERROR -- : no such frame (ArgumentError)
/home/yuva/.rvm/gems/ruby-2.1.2/gems/binding_of_caller-0.7.2/lib/binding_of_caller/mri2.rb:25:in `frame_binding'
/home/yuva/.rvm/gems/ruby-2.1.2/gems/binding_of_caller-0.7.2/lib/binding_of_caller/mri2.rb:25:in `block (2 levels) in callers'
/home/yuva/.rvm/gems/ruby-2.1.2/gems/binding_of_caller-0.7.2/lib/binding_of_caller/mri2.rb:23:in `loop'
/home/yuva/.rvm/gems/ruby-2.1.2/gems/binding_of_caller-0.7.2/lib/binding_of_caller/mri2.rb:23:in `block in callers'
/home/yuva/.rvm/gems/ruby-2.1.2/gems/binding_of_caller-0.7.2/lib/binding_of_caller/mri2.rb:21:in `open'
/home/yuva/.rvm/gems/ruby-2.1.2/gems/binding_of_caller-0.7.2/lib/binding_of_caller/mri2.rb:21:in `callers'
/home/yuva/.rvm/gems/ruby-2.1.2/gems/better_errors-1.1.0/lib/better_errors/core_ext/exception.rb:9:in `block in <class:Exception>'
/home/yuva/.rvm/gems/ruby-2.1.2/gems/bunny-1.2.1/lib/bunny/transport.rb:247:in `rescue in initialize_socket'
/home/yuva/.rvm/gems/ruby-2.1.2/gems/bunny-1.2.1/lib/bunny/transport.rb:241:in `initialize_socket'
/home/yuva/.rvm/gems/ruby-2.1.2/gems/bunny-1.2.1/lib/bunny/transport.rb:254:in `maybe_initialize_socket'
/home/yuva/.rvm/gems/ruby-2.1.2/gems/bunny-1.2.1/lib/bunny/session.rb:245:in `start'
/home/yuva/Desktop/arvind/peatio/peatio-master/lib/daemons/amqp_daemon.rb:17:in `<top (required)>'
/home/yuva/.rvm/gems/ruby-2.1.2/gems/daemons-1.1.9/lib/daemons/application.rb:203:in `load'
/home/yuva/.rvm/gems/ruby-2.1.2/gems/daemons-1.1.9/lib/daemons/application.rb:203:in `start_load'
/home/yuva/.rvm/gems/ruby-2.1.2/gems/daemons-1.1.9/lib/daemons/application.rb:298:in `start'
/home/yuva/.rvm/gems/ruby-2.1.2/gems/daemons-1.1.9/lib/daemons/controller.rb:70:in `run'
/home/yuva/.rvm/gems/ruby-2.1.2/gems/daemons-1.1.9/lib/daemons.rb:147:in `block in run'
/home/yuva/.rvm/gems/ruby-2.1.2/gems/daemons-1.1.9/lib/daemons/cmdline.rb:109:in `call'
/home/yuva/.rvm/gems/ruby-2.1.2/gems/daemons-1.1.9/lib/daemons/cmdline.rb:109:in `catch_exceptions'
/home/yuva/.rvm/gems/ruby-2.1.2/gems/daemons-1.1.9/lib/daemons.rb:146:in `run'
/home/yuva/.rvm/gems/ruby-2.1.2/gems/daemons-rails-1.2.1/lib/daemons/rails.rb:16:in `run'
lib/daemons/trade_executor_ctl:17:in `block in <main>'
lib/daemons/trade_executor_ctl:7:in `times'
lib/daemons/trade_executor_ctl:7:in `<main>'
E, [2014-07-14T17:38:16.969474 #25219] ERROR -- : Could not establish TCP connection to 127.0.0.1:5672:  (Bunny::TCPConnectionFailed)
/home/yuva/.rvm/gems/ruby-2.1.2/gems/bunny-1.2.1/lib/bunny/transport.rb:247:in `rescue in initialize_socket'
/home/yuva/.rvm/gems/ruby-2.1.2/gems/bunny-1.2.1/lib/bunny/transport.rb:241:in `initialize_socket'
/home/yuva/.rvm/gems/ruby-2.1.2/gems/bunny-1.2.1/lib/bunny/transport.rb:254:in `maybe_initialize_socket'
/home/yuva/.rvm/gems/ruby-2.1.2/gems/bunny-1.2.1/lib/bunny/session.rb:245:in `start'
/home/yuva/Desktop/arvind/peatio/peatio-master/lib/daemons/amqp_daemon.rb:17:in `<top (required)>'
/home/yuva/.rvm/gems/ruby-2.1.2/gems/daemons-1.1.9/lib/daemons/application.rb:203:in `load'
/home/yuva/.rvm/gems/ruby-2.1.2/gems/daemons-1.1.9/lib/daemons/application.rb:203:in `start_load'
/home/yuva/.rvm/gems/ruby-2.1.2/gems/daemons-1.1.9/lib/daemons/application.rb:298:in `start'
/home/yuva/.rvm/gems/ruby-2.1.2/gems/daemons-1.1.9/lib/daemons/controller.rb:70:in `run'
/home/yuva/.rvm/gems/ruby-2.1.2/gems/daemons-1.1.9/lib/daemons.rb:147:in `block in run'
/home/yuva/.rvm/gems/ruby-2.1.2/gems/daemons-1.1.9/lib/daemons/cmdline.rb:109:in `call'
/home/yuva/.rvm/gems/ruby-2.1.2/gems/daemons-1.1.9/lib/daemons/cmdline.rb:109:in `catch_exceptions'
/home/yuva/.rvm/gems/ruby-2.1.2/gems/daemons-1.1.9/lib/daemons.rb:146:in `run'
/home/yuva/.rvm/gems/ruby-2.1.2/gems/daemons-rails-1.2.1/lib/daemons/rails.rb:16:in `run'
lib/daemons/trade_executor_ctl:17:in `block in <main>'
lib/daemons/trade_executor_ctl:7:in `times'
lib/daemons/trade_executor_ctl:7:in `<main>'
E, [2014-07-14T17:38:16.969536 #25219] ERROR -- : no such frame (ArgumentError)
/home/yuva/.rvm/gems/ruby-2.1.2/gems/binding_of_caller-0.7.2/lib/binding_of_caller/mri2.rb:25:in `frame_binding'
/home/yuva/.rvm/gems/ruby-2.1.2/gems/binding_of_caller-0.7.2/lib/binding_of_caller/mri2.rb:25:in `block (2 levels) in callers'
/home/yuva/.rvm/gems/ruby-2.1.2/gems/binding_of_caller-0.7.2/lib/binding_of_caller/mri2.rb:23:in `loop'
/home/yuva/.rvm/gems/ruby-2.1.2/gems/binding_of_caller-0.7.2/lib/binding_of_caller/mri2.rb:23:in `block in callers'
/home/yuva/.rvm/gems/ruby-2.1.2/gems/binding_of_caller-0.7.2/lib/binding_of_caller/mri2.rb:21:in `open'
/home/yuva/.rvm/gems/ruby-2.1.2/gems/binding_of_caller-0.7.2/lib/binding_of_caller/mri2.rb:21:in `callers'
/home/yuva/.rvm/gems/ruby-2.1.2/gems/better_errors-1.1.0/lib/better_errors/core_ext/exception.rb:9:in `block in <class:Exception>'
/home/yuva/.rvm/gems/ruby-2.1.2/gems/bunny-1.2.1/lib/bunny/cruby/socket.rb:18:in `initialize'
/home/yuva/.rvm/gems/ruby-2.1.2/gems/bunny-1.2.1/lib/bunny/cruby/socket.rb:18:in `new'
/home/yuva/.rvm/gems/ruby-2.1.2/gems/bunny-1.2.1/lib/bunny/cruby/socket.rb:18:in `block in open'
/home/yuva/.rvm/rubies/ruby-2.1.2/lib/ruby/2.1.0/timeout.rb:91:in `block in timeout'
/home/yuva/.rvm/rubies/ruby-2.1.2/lib/ruby/2.1.0/timeout.rb:101:in `call'
/home/yuva/.rvm/rubies/ruby-2.1.2/lib/ruby/2.1.0/timeout.rb:101:in `timeout'
/home/yuva/.rvm/gems/ruby-2.1.2/gems/bunny-1.2.1/lib/bunny/cruby/socket.rb:17:in `open'
/home/yuva/.rvm/gems/ruby-2.1.2/gems/bunny-1.2.1/lib/bunny/transport.rb:242:in `initialize_socket'
/home/yuva/.rvm/gems/ruby-2.1.2/gems/bunny-1.2.1/lib/bunny/transport.rb:254:in `maybe_initialize_socket'
/home/yuva/.rvm/gems/ruby-2.1.2/gems/bunny-1.2.1/lib/bunny/session.rb:245:in `start'
/home/yuva/Desktop/arvind/peatio/peatio-master/lib/daemons/amqp_daemon.rb:17:in `<top (required)>'
/home/yuva/.rvm/gems/ruby-2.1.2/gems/daemons-1.1.9/lib/daemons/application.rb:203:in `load'
/home/yuva/.rvm/gems/ruby-2.1.2/gems/daemons-1.1.9/lib/daemons/application.rb:203:in `start_load'
/home/yuva/.rvm/gems/ruby-2.1.2/gems/daemons-1.1.9/lib/daemons/application.rb:298:in `start'
/home/yuva/.rvm/gems/ruby-2.1.2/gems/daemons-1.1.9/lib/daemons/controller.rb:70:in `run'
/home/yuva/.rvm/gems/ruby-2.1.2/gems/daemons-1.1.9/lib/daemons.rb:147:in `block in run'
/home/yuva/.rvm/gems/ruby-2.1.2/gems/daemons-1.1.9/lib/daemons/cmdline.rb:109:in `call'
/home/yuva/.rvm/gems/ruby-2.1.2/gems/daemons-1.1.9/lib/daemons/cmdline.rb:109:in `catch_exceptions'
/home/yuva/.rvm/gems/ruby-2.1.2/gems/daemons-1.1.9/lib/daemons.rb:146:in `run'
/home/yuva/.rvm/gems/ruby-2.1.2/gems/daemons-rails-1.2.1/lib/daemons/rails.rb:16:in `run'
lib/daemons/trade_executor_ctl:17:in `block in <main>'
lib/daemons/trade_executor_ctl:7:in `times'
lib/daemons/trade_executor_ctl:7:in `<main>'
E, [2014-07-14T17:38:16.969612 #25219] ERROR -- : Connection refused - connect(2) for "127.0.0.1" port 5672 (Errno::ECONNREFUSED)
/home/yuva/.rvm/gems/ruby-2.1.2/gems/bunny-1.2.1/lib/bunny/cruby/socket.rb:18:in `initialize'
/home/yuva/.rvm/gems/ruby-2.1.2/gems/bunny-1.2.1/lib/bunny/cruby/socket.rb:18:in `new'
/home/yuva/.rvm/gems/ruby-2.1.2/gems/bunny-1.2.1/lib/bunny/cruby/socket.rb:18:in `block in open'
/home/yuva/.rvm/rubies/ruby-2.1.2/lib/ruby/2.1.0/timeout.rb:91:in `block in timeout'
/home/yuva/.rvm/rubies/ruby-2.1.2/lib/ruby/2.1.0/timeout.rb:101:in `call'
/home/yuva/.rvm/rubies/ruby-2.1.2/lib/ruby/2.1.0/timeout.rb:101:in `timeout'
/home/yuva/.rvm/gems/ruby-2.1.2/gems/bunny-1.2.1/lib/bunny/cruby/socket.rb:17:in `open'
/home/yuva/.rvm/gems/ruby-2.1.2/gems/bunny-1.2.1/lib/bunny/transport.rb:242:in `initialize_socket'
/home/yuva/.rvm/gems/ruby-2.1.2/gems/bunny-1.2.1/lib/bunny/transport.rb:254:in `maybe_initialize_socket'
/home/yuva/.rvm/gems/ruby-2.1.2/gems/bunny-1.2.1/lib/bunny/session.rb:245:in `start'
/home/yuva/Desktop/arvind/peatio/peatio-master/lib/daemons/amqp_daemon.rb:17:in `<top (required)>'
/home/yuva/.rvm/gems/ruby-2.1.2/gems/daemons-1.1.9/lib/daemons/application.rb:203:in `load'
/home/yuva/.rvm/gems/ruby-2.1.2/gems/daemons-1.1.9/lib/daemons/application.rb:203:in `start_load'
/home/yuva/.rvm/gems/ruby-2.1.2/gems/daemons-1.1.9/lib/daemons/application.rb:298:in `start'
/home/yuva/.rvm/gems/ruby-2.1.2/gems/daemons-1.1.9/lib/daemons/controller.rb:70:in `run'
/home/yuva/.rvm/gems/ruby-2.1.2/gems/daemons-1.1.9/lib/daemons.rb:147:in `block in run'
/home/yuva/.rvm/gems/ruby-2.1.2/gems/daemons-1.1.9/lib/daemons/cmdline.rb:109:in `call'
/home/yuva/.rvm/gems/ruby-2.1.2/gems/daemons-1.1.9/lib/daemons/cmdline.rb:109:in `catch_exceptions'
/home/yuva/.rvm/gems/ruby-2.1.2/gems/daemons-1.1.9/lib/daemons.rb:146:in `run'
/home/yuva/.rvm/gems/ruby-2.1.2/gems/daemons-rails-1.2.1/lib/daemons/rails.rb:16:in `run'
lib/daemons/trade_executor_ctl:17:in `block in <main>'
lib/daemons/trade_executor_ctl:7:in `times'
lib/daemons/trade_executor_ctl:7:in `<main>'
