# Logfile created on 2014-07-15 18:16:17 by logger.rb/44203
I, [2014-07-15T18:16:17.455894 #8889]  INFO -- : *** below you find the most recent exception thrown, this will be likely (but not certainly) the exception that made the application exit abnormally ***
E, [2014-07-15T18:16:17.455987 #8889] ERROR -- : Resource temporarily unavailable - read would block (IO::EAGAINWaitReadable)
/home/yuva/.rbenv/versions/2.1.2/lib/ruby/gems/2.1.0/gems/bunny-1.2.1/lib/bunny/cruby/socket.rb:41:in `read_nonblock'
/home/yuva/.rbenv/versions/2.1.2/lib/ruby/gems/2.1.0/gems/bunny-1.2.1/lib/bunny/cruby/socket.rb:41:in `block in read_fully'
/home/yuva/.rbenv/versions/2.1.2/lib/ruby/gems/2.1.0/gems/bunny-1.2.1/lib/bunny/cruby/socket.rb:40:in `loop'
/home/yuva/.rbenv/versions/2.1.2/lib/ruby/gems/2.1.0/gems/bunny-1.2.1/lib/bunny/cruby/socket.rb:40:in `read_fully'
/home/yuva/.rbenv/versions/2.1.2/lib/ruby/gems/2.1.0/gems/bunny-1.2.1/lib/bunny/transport.rb:199:in `read_next_frame'
/home/yuva/.rbenv/versions/2.1.2/lib/ruby/gems/2.1.0/gems/bunny-1.2.1/lib/bunny/reader_loop.rb:63:in `run_once'
/home/yuva/.rbenv/versions/2.1.2/lib/ruby/gems/2.1.0/gems/bunny-1.2.1/lib/bunny/reader_loop.rb:33:in `block in run_loop'
/home/yuva/.rbenv/versions/2.1.2/lib/ruby/gems/2.1.0/gems/bunny-1.2.1/lib/bunny/reader_loop.rb:30:in `loop'
/home/yuva/.rbenv/versions/2.1.2/lib/ruby/gems/2.1.0/gems/bunny-1.2.1/lib/bunny/reader_loop.rb:30:in `run_loop'
I, [2014-07-15T18:16:17.456037 #8889]  INFO -- : *** below you find all exception objects found in memory, some of them may have been thrown in your application, others may just be in memory because they are standard exceptions ***
E, [2014-07-15T18:16:17.456105 #8889] ERROR -- : exception reentered (fatal)

E, [2014-07-15T18:16:17.459276 #8889] ERROR -- : stream closed (IOError)

E, [2014-07-15T18:16:17.459401 #8889] ERROR -- : failed to allocate memory (NoMemoryError)

E, [2014-07-15T18:16:17.459456 #8889] ERROR -- : stack level too deep (SystemStackError)

E, [2014-07-15T18:16:17.470115 #8889] ERROR -- : no such frame (ArgumentError)
/home/yuva/.rbenv/versions/2.1.2/lib/ruby/gems/2.1.0/gems/binding_of_caller-0.7.2/lib/binding_of_caller/mri2.rb:25:in `frame_binding'
/home/yuva/.rbenv/versions/2.1.2/lib/ruby/gems/2.1.0/gems/binding_of_caller-0.7.2/lib/binding_of_caller/mri2.rb:25:in `block (2 levels) in callers'
/home/yuva/.rbenv/versions/2.1.2/lib/ruby/gems/2.1.0/gems/binding_of_caller-0.7.2/lib/binding_of_caller/mri2.rb:23:in `loop'
/home/yuva/.rbenv/versions/2.1.2/lib/ruby/gems/2.1.0/gems/binding_of_caller-0.7.2/lib/binding_of_caller/mri2.rb:23:in `block in callers'
/home/yuva/.rbenv/versions/2.1.2/lib/ruby/gems/2.1.0/gems/binding_of_caller-0.7.2/lib/binding_of_caller/mri2.rb:21:in `open'
/home/yuva/.rbenv/versions/2.1.2/lib/ruby/gems/2.1.0/gems/binding_of_caller-0.7.2/lib/binding_of_caller/mri2.rb:21:in `callers'
/home/yuva/.rbenv/versions/2.1.2/lib/ruby/gems/2.1.0/gems/better_errors-1.1.0/lib/better_errors/core_ext/exception.rb:9:in `block in <class:Exception>'
/home/yuva/.rbenv/versions/2.1.2/lib/ruby/gems/2.1.0/gems/activesupport-4.0.2/lib/active_support/dependencies.rb:501:in `raise'
/home/yuva/.rbenv/versions/2.1.2/lib/ruby/gems/2.1.0/gems/activesupport-4.0.2/lib/active_support/dependencies.rb:501:in `load_missing_constant'
/home/yuva/.rbenv/versions/2.1.2/lib/ruby/gems/2.1.0/gems/activesupport-4.0.2/lib/active_support/dependencies.rb:184:in `const_missing'
/home/yuva/.rbenv/versions/2.1.2/lib/ruby/gems/2.1.0/gems/rspec-core-2.14.7/lib/rspec/core/backward_compatibility.rb:14:in `const_missing'
/home/yuva/.rbenv/versions/2.1.2/lib/ruby/gems/2.1.0/gems/globalize-4.0.0/lib/globalize/active_record/class_methods.rb:42:in `const_get'
/home/yuva/.rbenv/versions/2.1.2/lib/ruby/gems/2.1.0/gems/globalize-4.0.0/lib/globalize/active_record/class_methods.rb:42:in `translation_class'
/home/yuva/.rbenv/versions/2.1.2/lib/ruby/gems/2.1.0/gems/globalize-4.0.0/lib/globalize/active_record/act_macro.rb:71:in `setup_translates!'
/home/yuva/.rbenv/versions/2.1.2/lib/ruby/gems/2.1.0/gems/globalize-4.0.0/lib/globalize/active_record/act_macro.rb:6:in `translates'
/home/yuva/Desktop/Arvind/peatio/peatio-master/app/models/document.rb:18:in `<class:Document>'
/home/yuva/Desktop/Arvind/peatio/peatio-master/app/models/document.rb:16:in `<top (required)>'
/home/yuva/.rbenv/versions/2.1.2/lib/ruby/gems/2.1.0/gems/activesupport-4.0.2/lib/active_support/dependencies.rb:424:in `load'
/home/yuva/.rbenv/versions/2.1.2/lib/ruby/gems/2.1.0/gems/activesupport-4.0.2/lib/active_support/dependencies.rb:424:in `block in load_file'
/home/yuva/.rbenv/versions/2.1.2/lib/ruby/gems/2.1.0/gems/activesupport-4.0.2/lib/active_support/dependencies.rb:616:in `new_constants_in'
/home/yuva/.rbenv/versions/2.1.2/lib/ruby/gems/2.1.0/gems/activesupport-4.0.2/lib/active_support/dependencies.rb:423:in `load_file'
/home/yuva/.rbenv/versions/2.1.2/lib/ruby/gems/2.1.0/gems/activesupport-4.0.2/lib/active_support/dependencies.rb:324:in `require_or_load'
/home/yuva/.rbenv/versions/2.1.2/lib/ruby/gems/2.1.0/gems/activesupport-4.0.2/lib/active_support/dependencies.rb:289:in `depend_on'
/home/yuva/.rbenv/versions/2.1.2/lib/ruby/gems/2.1.0/gems/activesupport-4.0.2/lib/active_support/dependencies.rb:207:in `require_dependency'
/home/yuva/.rbenv/versions/2.1.2/lib/ruby/gems/2.1.0/gems/railties-4.0.2/lib/rails/engine.rb:465:in `block (2 levels) in eager_load!'
/home/yuva/.rbenv/versions/2.1.2/lib/ruby/gems/2.1.0/gems/railties-4.0.2/lib/rails/engine.rb:464:in `each'
/home/yuva/.rbenv/versions/2.1.2/lib/ruby/gems/2.1.0/gems/railties-4.0.2/lib/rails/engine.rb:464:in `block in eager_load!'
/home/yuva/.rbenv/versions/2.1.2/lib/ruby/gems/2.1.0/gems/railties-4.0.2/lib/rails/engine.rb:462:in `each'
/home/yuva/.rbenv/versions/2.1.2/lib/ruby/gems/2.1.0/gems/railties-4.0.2/lib/rails/engine.rb:462:in `eager_load!'
/home/yuva/Desktop/Arvind/peatio/peatio-master/config/routes.rb:4:in `<top (required)>'
/home/yuva/.rbenv/versions/2.1.2/lib/ruby/gems/2.1.0/gems/activesupport-4.0.2/lib/active_support/dependencies.rb:223:in `load'
/home/yuva/.rbenv/versions/2.1.2/lib/ruby/gems/2.1.0/gems/activesupport-4.0.2/lib/active_support/dependencies.rb:223:in `block in load'
/home/yuva/.rbenv/versions/2.1.2/lib/ruby/gems/2.1.0/gems/activesupport-4.0.2/lib/active_support/dependencies.rb:214:in `load_dependency'
/home/yuva/.rbenv/versions/2.1.2/lib/ruby/gems/2.1.0/gems/activesupport-4.0.2/lib/active_support/dependencies.rb:223:in `load'
/home/yuva/.rbenv/versions/2.1.2/lib/ruby/gems/2.1.0/gems/railties-4.0.2/lib/rails/application/routes_reloader.rb:40:in `block in load_paths'
/home/yuva/.rbenv/versions/2.1.2/lib/ruby/gems/2.1.0/gems/railties-4.0.2/lib/rails/application/routes_reloader.rb:40:in `each'
/home/yuva/.rbenv/versions/2.1.2/lib/ruby/gems/2.1.0/gems/railties-4.0.2/lib/rails/application/routes_reloader.rb:40:in `load_paths'
/home/yuva/.rbenv/versions/2.1.2/lib/ruby/gems/2.1.0/gems/railties-4.0.2/lib/rails/application/routes_reloader.rb:16:in `reload!'
/home/yuva/.rbenv/versions/2.1.2/lib/ruby/gems/2.1.0/gems/railties-4.0.2/lib/rails/application/routes_reloader.rb:26:in `block in updater'
/home/yuva/.rbenv/versions/2.1.2/lib/ruby/gems/2.1.0/gems/activesupport-4.0.2/lib/active_support/file_update_checker.rb:75:in `call'
/home/yuva/.rbenv/versions/2.1.2/lib/ruby/gems/2.1.0/gems/activesupport-4.0.2/lib/active_support/file_update_checker.rb:75:in `execute'
/home/yuva/.rbenv/versions/2.1.2/lib/ruby/gems/2.1.0/gems/railties-4.0.2/lib/rails/application/routes_reloader.rb:27:in `updater'
/home/yuva/.rbenv/versions/2.1.2/lib/ruby/gems/2.1.0/gems/railties-4.0.2/lib/rails/application/routes_reloader.rb:6:in `execute_if_updated'
/home/yuva/.rbenv/versions/2.1.2/lib/ruby/gems/2.1.0/gems/railties-4.0.2/lib/rails/application/finisher.rb:69:in `block in <module:Finisher>'
/home/yuva/.rbenv/versions/2.1.2/lib/ruby/gems/2.1.0/gems/railties-4.0.2/lib/rails/initializable.rb:30:in `instance_exec'
/home/yuva/.rbenv/versions/2.1.2/lib/ruby/gems/2.1.0/gems/railties-4.0.2/lib/rails/initializable.rb:30:in `run'
/home/yuva/.rbenv/versions/2.1.2/lib/ruby/gems/2.1.0/gems/railties-4.0.2/lib/rails/initializable.rb:55:in `block in run_initializers'
/home/yuva/.rbenv/versions/2.1.2/lib/ruby/2.1.0/tsort.rb:226:in `block in tsort_each'
/home/yuva/.rbenv/versions/2.1.2/lib/ruby/2.1.0/tsort.rb:348:in `block (2 levels) in each_strongly_connected_component'
/home/yuva/.rbenv/versions/2.1.2/lib/ruby/2.1.0/tsort.rb:427:in `each_strongly_connected_component_from'
/home/yuva/.rbenv/versions/2.1.2/lib/ruby/2.1.0/tsort.rb:347:in `block in each_strongly_connected_component'
/home/yuva/.rbenv/versions/2.1.2/lib/ruby/2.1.0/tsort.rb:345:in `each'
/home/yuva/.rbenv/versions/2.1.2/lib/ruby/2.1.0/tsort.rb:345:in `call'
/home/yuva/.rbenv/versions/2.1.2/lib/ruby/2.1.0/tsort.rb:345:in `each_strongly_connected_component'
/home/yuva/.rbenv/versions/2.1.2/lib/ruby/2.1.0/tsort.rb:224:in `tsort_each'
/home/yuva/.rbenv/versions/2.1.2/lib/ruby/2.1.0/tsort.rb:205:in `tsort_each'
/home/yuva/.rbenv/versions/2.1.2/lib/ruby/gems/2.1.0/gems/railties-4.0.2/lib/rails/initializable.rb:54:in `run_initializers'
/home/yuva/.rbenv/versions/2.1.2/lib/ruby/gems/2.1.0/gems/railties-4.0.2/lib/rails/application.rb:215:in `initialize!'
/home/yuva/.rbenv/versions/2.1.2/lib/ruby/gems/2.1.0/gems/railties-4.0.2/lib/rails/railtie/configurable.rb:30:in `method_missing'
/home/yuva/Desktop/Arvind/peatio/peatio-master/config/environment.rb:5:in `<top (required)>'
/home/yuva/Desktop/Arvind/peatio/peatio-master/lib/daemons/amqp_daemon.rb:10:in `require'
/home/yuva/Desktop/Arvind/peatio/peatio-master/lib/daemons/amqp_daemon.rb:10:in `<top (required)>'
/home/yuva/.rbenv/versions/2.1.2/lib/ruby/gems/2.1.0/gems/daemons-1.1.9/lib/daemons/application.rb:203:in `load'
/home/yuva/.rbenv/versions/2.1.2/lib/ruby/gems/2.1.0/gems/daemons-1.1.9/lib/daemons/application.rb:203:in `start_load'
/home/yuva/.rbenv/versions/2.1.2/lib/ruby/gems/2.1.0/gems/daemons-1.1.9/lib/daemons/application.rb:298:in `start'
/home/yuva/.rbenv/versions/2.1.2/lib/ruby/gems/2.1.0/gems/daemons-1.1.9/lib/daemons/controller.rb:70:in `run'
/home/yuva/.rbenv/versions/2.1.2/lib/ruby/gems/2.1.0/gems/daemons-1.1.9/lib/daemons.rb:147:in `block in run'
/home/yuva/.rbenv/versions/2.1.2/lib/ruby/gems/2.1.0/gems/daemons-1.1.9/lib/daemons/cmdline.rb:109:in `call'
/home/yuva/.rbenv/versions/2.1.2/lib/ruby/gems/2.1.0/gems/daemons-1.1.9/lib/daemons/cmdline.rb:109:in `catch_exceptions'
/home/yuva/.rbenv/versions/2.1.2/lib/ruby/gems/2.1.0/gems/daemons-1.1.9/lib/daemons.rb:146:in `run'
/home/yuva/.rbenv/versions/2.1.2/lib/ruby/gems/2.1.0/gems/daemons-rails-1.2.1/lib/daemons/rails.rb:16:in `run'
lib/daemons/trade_executor_ctl:17:in `block in <main>'
lib/daemons/trade_executor_ctl:7:in `times'
lib/daemons/trade_executor_ctl:7:in `<main>'
E, [2014-07-15T18:16:17.478797 #8889] ERROR -- : no such frame (ArgumentError)
/home/yuva/.rbenv/versions/2.1.2/lib/ruby/gems/2.1.0/gems/binding_of_caller-0.7.2/lib/binding_of_caller/mri2.rb:25:in `frame_binding'
/home/yuva/.rbenv/versions/2.1.2/lib/ruby/gems/2.1.0/gems/binding_of_caller-0.7.2/lib/binding_of_caller/mri2.rb:25:in `block (2 levels) in callers'
/home/yuva/.rbenv/versions/2.1.2/lib/ruby/gems/2.1.0/gems/binding_of_caller-0.7.2/lib/binding_of_caller/mri2.rb:23:in `loop'
/home/yuva/.rbenv/versions/2.1.2/lib/ruby/gems/2.1.0/gems/binding_of_caller-0.7.2/lib/binding_of_caller/mri2.rb:23:in `block in callers'
/home/yuva/.rbenv/versions/2.1.2/lib/ruby/gems/2.1.0/gems/binding_of_caller-0.7.2/lib/binding_of_caller/mri2.rb:21:in `open'
/home/yuva/.rbenv/versions/2.1.2/lib/ruby/gems/2.1.0/gems/binding_of_caller-0.7.2/lib/binding_of_caller/mri2.rb:21:in `callers'
/home/yuva/.rbenv/versions/2.1.2/lib/ruby/gems/2.1.0/gems/better_errors-1.1.0/lib/better_errors/core_ext/exception.rb:9:in `block in <class:Exception>'
/home/yuva/.rbenv/versions/2.1.2/lib/ruby/gems/2.1.0/gems/activesupport-4.0.2/lib/active_support/dependencies.rb:501:in `raise'
/home/yuva/.rbenv/versions/2.1.2/lib/ruby/gems/2.1.0/gems/activesupport-4.0.2/lib/active_support/dependencies.rb:501:in `load_missing_constant'
/home/yuva/.rbenv/versions/2.1.2/lib/ruby/gems/2.1.0/gems/activesupport-4.0.2/lib/active_support/dependencies.rb:184:in `const_missing'
/home/yuva/.rbenv/versions/2.1.2/lib/ruby/gems/2.1.0/gems/rspec-core-2.14.7/lib/rspec/core/backward_compatibility.rb:14:in `const_missing'
/home/yuva/.rbenv/versions/2.1.2/lib/ruby/gems/2.1.0/gems/activesupport-4.0.2/lib/active_support/dependencies.rb:495:in `load_missing_constant'
/home/yuva/.rbenv/versions/2.1.2/lib/ruby/gems/2.1.0/gems/activesupport-4.0.2/lib/active_support/dependencies.rb:184:in `const_missing'
/home/yuva/.rbenv/versions/2.1.2/lib/ruby/gems/2.1.0/gems/rspec-core-2.14.7/lib/rspec/core/backward_compatibility.rb:14:in `const_missing'
/home/yuva/.rbenv/versions/2.1.2/lib/ruby/gems/2.1.0/gems/globalize-4.0.0/lib/globalize/active_record/class_methods.rb:42:in `const_get'
/home/yuva/.rbenv/versions/2.1.2/lib/ruby/gems/2.1.0/gems/globalize-4.0.0/lib/globalize/active_record/class_methods.rb:42:in `translation_class'
/home/yuva/.rbenv/versions/2.1.2/lib/ruby/gems/2.1.0/gems/globalize-4.0.0/lib/globalize/active_record/act_macro.rb:71:in `setup_translates!'
/home/yuva/.rbenv/versions/2.1.2/lib/ruby/gems/2.1.0/gems/globalize-4.0.0/lib/globalize/active_record/act_macro.rb:6:in `translates'
/home/yuva/Desktop/Arvind/peatio/peatio-master/app/models/document.rb:18:in `<class:Document>'
/home/yuva/Desktop/Arvind/peatio/peatio-master/app/models/document.rb:16:in `<top (required)>'
/home/yuva/.rbenv/versions/2.1.2/lib/ruby/gems/2.1.0/gems/activesupport-4.0.2/lib/active_support/dependencies.rb:424:in `load'
/home/yuva/.rbenv/versions/2.1.2/lib/ruby/gems/2.1.0/gems/activesupport-4.0.2/lib/active_support/dependencies.rb:424:in `block in load_file'
/home/yuva/.rbenv/versions/2.1.2/lib/ruby/gems/2.1.0/gems/activesupport-4.0.2/lib/active_support/dependencies.rb:616:in `new_constants_in'
/home/yuva/.rbenv/versions/2.1.2/lib/ruby/gems/2.1.0/gems/activesupport-4.0.2/lib/active_support/dependencies.rb:423:in `load_file'
/home/yuva/.rbenv/versions/2.1.2/lib/ruby/gems/2.1.0/gems/activesupport-4.0.2/lib/active_support/dependencies.rb:324:in `require_or_load'
/home/yuva/.rbenv/versions/2.1.2/lib/ruby/gems/2.1.0/gems/activesupport-4.0.2/lib/active_support/dependencies.rb:289:in `depend_on'
/home/yuva/.rbenv/versions/2.1.2/lib/ruby/gems/2.1.0/gems/activesupport-4.0.2/lib/active_support/dependencies.rb:207:in `require_dependency'
/home/yuva/.rbenv/versions/2.1.2/lib/ruby/gems/2.1.0/gems/railties-4.0.2/lib/rails/engine.rb:465:in `block (2 levels) in eager_load!'
/home/yuva/.rbenv/versions/2.1.2/lib/ruby/gems/2.1.0/gems/railties-4.0.2/lib/rails/engine.rb:464:in `each'
/home/yuva/.rbenv/versions/2.1.2/lib/ruby/gems/2.1.0/gems/railties-4.0.2/lib/rails/engine.rb:464:in `block in eager_load!'
/home/yuva/.rbenv/versions/2.1.2/lib/ruby/gems/2.1.0/gems/railties-4.0.2/lib/rails/engine.rb:462:in `each'
/home/yuva/.rbenv/versions/2.1.2/lib/ruby/gems/2.1.0/gems/railties-4.0.2/lib/rails/engine.rb:462:in `eager_load!'
/home/yuva/Desktop/Arvind/peatio/peatio-master/config/routes.rb:4:in `<top (required)>'
/home/yuva/.rbenv/versions/2.1.2/lib/ruby/gems/2.1.0/gems/activesupport-4.0.2/lib/active_support/dependencies.rb:223:in `load'
/home/yuva/.rbenv/versions/2.1.2/lib/ruby/gems/2.1.0/gems/activesupport-4.0.2/lib/active_support/dependencies.rb:223:in `block in load'
/home/yuva/.rbenv/versions/2.1.2/lib/ruby/gems/2.1.0/gems/activesupport-4.0.2/lib/active_support/dependencies.rb:214:in `load_dependency'
/home/yuva/.rbenv/versions/2.1.2/lib/ruby/gems/2.1.0/gems/activesupport-4.0.2/lib/active_support/dependencies.rb:223:in `load'
/home/yuva/.rbenv/versions/2.1.2/lib/ruby/gems/2.1.0/gems/railties-4.0.2/lib/rails/application/routes_reloader.rb:40:in `block in load_paths'
/home/yuva/.rbenv/versions/2.1.2/lib/ruby/gems/2.1.0/gems/railties-4.0.2/lib/rails/application/routes_reloader.rb:40:in `each'
/home/yuva/.rbenv/versions/2.1.2/lib/ruby/gems/2.1.0/gems/railties-4.0.2/lib/rails/application/routes_reloader.rb:40:in `load_paths'
/home/yuva/.rbenv/versions/2.1.2/lib/ruby/gems/2.1.0/gems/railties-4.0.2/lib/rails/application/routes_reloader.rb:16:in `reload!'
/home/yuva/.rbenv/versions/2.1.2/lib/ruby/gems/2.1.0/gems/railties-4.0.2/lib/rails/application/routes_reloader.rb:26:in `block in updater'
/home/yuva/.rbenv/versions/2.1.2/lib/ruby/gems/2.1.0/gems/activesupport-4.0.2/lib/active_support/file_update_checker.rb:75:in `call'
/home/yuva/.rbenv/versions/2.1.2/lib/ruby/gems/2.1.0/gems/activesupport-4.0.2/lib/active_support/file_update_checker.rb:75:in `execute'
/home/yuva/.rbenv/versions/2.1.2/lib/ruby/gems/2.1.0/gems/railties-4.0.2/lib/rails/application/routes_reloader.rb:27:in `updater'
/home/yuva/.rbenv/versions/2.1.2/lib/ruby/gems/2.1.0/gems/railties-4.0.2/lib/rails/application/routes_reloader.rb:6:in `execute_if_updated'
/home/yuva/.rbenv/versions/2.1.2/lib/ruby/gems/2.1.0/gems/railties-4.0.2/lib/rails/application/finisher.rb:69:in `block in <module:Finisher>'
/home/yuva/.rbenv/versions/2.1.2/lib/ruby/gems/2.1.0/gems/railties-4.0.2/lib/rails/initializable.rb:30:in `instance_exec'
/home/yuva/.rbenv/versions/2.1.2/lib/ruby/gems/2.1.0/gems/railties-4.0.2/lib/rails/initializable.rb:30:in `run'
/home/yuva/.rbenv/versions/2.1.2/lib/ruby/gems/2.1.0/gems/railties-4.0.2/lib/rails/initializable.rb:55:in `block in run_initializers'
/home/yuva/.rbenv/versions/2.1.2/lib/ruby/2.1.0/tsort.rb:226:in `block in tsort_each'
/home/yuva/.rbenv/versions/2.1.2/lib/ruby/2.1.0/tsort.rb:348:in `block (2 levels) in each_strongly_connected_component'
/home/yuva/.rbenv/versions/2.1.2/lib/ruby/2.1.0/tsort.rb:427:in `each_strongly_connected_component_from'
/home/yuva/.rbenv/versions/2.1.2/lib/ruby/2.1.0/tsort.rb:347:in `block in each_strongly_connected_component'
/home/yuva/.rbenv/versions/2.1.2/lib/ruby/2.1.0/tsort.rb:345:in `each'
/home/yuva/.rbenv/versions/2.1.2/lib/ruby/2.1.0/tsort.rb:345:in `call'
/home/yuva/.rbenv/versions/2.1.2/lib/ruby/2.1.0/tsort.rb:345:in `each_strongly_connected_component'
/home/yuva/.rbenv/versions/2.1.2/lib/ruby/2.1.0/tsort.rb:224:in `tsort_each'
/home/yuva/.rbenv/versions/2.1.2/lib/ruby/2.1.0/tsort.rb:205:in `tsort_each'
/home/yuva/.rbenv/versions/2.1.2/lib/ruby/gems/2.1.0/gems/railties-4.0.2/lib/rails/initializable.rb:54:in `run_initializers'
/home/yuva/.rbenv/versions/2.1.2/lib/ruby/gems/2.1.0/gems/railties-4.0.2/lib/rails/application.rb:215:in `initialize!'
/home/yuva/.rbenv/versions/2.1.2/lib/ruby/gems/2.1.0/gems/railties-4.0.2/lib/rails/railtie/configurable.rb:30:in `method_missing'
/home/yuva/Desktop/Arvind/peatio/peatio-master/config/environment.rb:5:in `<top (required)>'
/home/yuva/Desktop/Arvind/peatio/peatio-master/lib/daemons/amqp_daemon.rb:10:in `require'
/home/yuva/Desktop/Arvind/peatio/peatio-master/lib/daemons/amqp_daemon.rb:10:in `<top (required)>'
/home/yuva/.rbenv/versions/2.1.2/lib/ruby/gems/2.1.0/gems/daemons-1.1.9/lib/daemons/application.rb:203:in `load'
/home/yuva/.rbenv/versions/2.1.2/lib/ruby/gems/2.1.0/gems/daemons-1.1.9/lib/daemons/application.rb:203:in `start_load'
/home/yuva/.rbenv/versions/2.1.2/lib/ruby/gems/2.1.0/gems/daemons-1.1.9/lib/daemons/application.rb:298:in `start'
/home/yuva/.rbenv/versions/2.1.2/lib/ruby/gems/2.1.0/gems/daemons-1.1.9/lib/daemons/controller.rb:70:in `run'
/home/yuva/.rbenv/versions/2.1.2/lib/ruby/gems/2.1.0/gems/daemons-1.1.9/lib/daemons.rb:147:in `block in run'
/home/yuva/.rbenv/versions/2.1.2/lib/ruby/gems/2.1.0/gems/daemons-1.1.9/lib/daemons/cmdline.rb:109:in `call'
/home/yuva/.rbenv/versions/2.1.2/lib/ruby/gems/2.1.0/gems/daemons-1.1.9/lib/daemons/cmdline.rb:109:in `catch_exceptions'
/home/yuva/.rbenv/versions/2.1.2/lib/ruby/gems/2.1.0/gems/daemons-1.1.9/lib/daemons.rb:146:in `run'
/home/yuva/.rbenv/versions/2.1.2/lib/ruby/gems/2.1.0/gems/daemons-rails-1.2.1/lib/daemons/rails.rb:16:in `run'
lib/daemons/trade_executor_ctl:17:in `block in <main>'
lib/daemons/trade_executor_ctl:7:in `times'
lib/daemons/trade_executor_ctl:7:in `<main>'
E, [2014-07-15T18:16:17.479516 #8889] ERROR -- : uninitialized constant Translation (NameError)
/home/yuva/.rbenv/versions/2.1.2/lib/ruby/gems/2.1.0/gems/globalize-4.0.0/lib/globalize/active_record/class_methods.rb:42:in `const_get'
/home/yuva/.rbenv/versions/2.1.2/lib/ruby/gems/2.1.0/gems/globalize-4.0.0/lib/globalize/active_record/class_methods.rb:42:in `translation_class'
/home/yuva/.rbenv/versions/2.1.2/lib/ruby/gems/2.1.0/gems/globalize-4.0.0/lib/globalize/active_record/act_macro.rb:71:in `setup_translates!'
/home/yuva/.rbenv/versions/2.1.2/lib/ruby/gems/2.1.0/gems/globalize-4.0.0/lib/globalize/active_record/act_macro.rb:6:in `translates'
/home/yuva/Desktop/Arvind/peatio/peatio-master/app/models/document.rb:18:in `<class:Document>'
/home/yuva/Desktop/Arvind/peatio/peatio-master/app/models/document.rb:16:in `<top (required)>'
/home/yuva/.rbenv/versions/2.1.2/lib/ruby/gems/2.1.0/gems/railties-4.0.2/lib/rails/engine.rb:465:in `block (2 levels) in eager_load!'
/home/yuva/.rbenv/versions/2.1.2/lib/ruby/gems/2.1.0/gems/railties-4.0.2/lib/rails/engine.rb:464:in `each'
/home/yuva/.rbenv/versions/2.1.2/lib/ruby/gems/2.1.0/gems/railties-4.0.2/lib/rails/engine.rb:464:in `block in eager_load!'
/home/yuva/.rbenv/versions/2.1.2/lib/ruby/gems/2.1.0/gems/railties-4.0.2/lib/rails/engine.rb:462:in `each'
/home/yuva/.rbenv/versions/2.1.2/lib/ruby/gems/2.1.0/gems/railties-4.0.2/lib/rails/engine.rb:462:in `eager_load!'
/home/yuva/Desktop/Arvind/peatio/peatio-master/config/routes.rb:4:in `<top (required)>'
/home/yuva/.rbenv/versions/2.1.2/lib/ruby/gems/2.1.0/gems/railties-4.0.2/lib/rails/application/routes_reloader.rb:40:in `block in load_paths'
/home/yuva/.rbenv/versions/2.1.2/lib/ruby/gems/2.1.0/gems/railties-4.0.2/lib/rails/application/routes_reloader.rb:40:in `each'
/home/yuva/.rbenv/versions/2.1.2/lib/ruby/gems/2.1.0/gems/railties-4.0.2/lib/rails/application/routes_reloader.rb:40:in `load_paths'
/home/yuva/.rbenv/versions/2.1.2/lib/ruby/gems/2.1.0/gems/railties-4.0.2/lib/rails/application/routes_reloader.rb:16:in `reload!'
/home/yuva/.rbenv/versions/2.1.2/lib/ruby/gems/2.1.0/gems/railties-4.0.2/lib/rails/application/routes_reloader.rb:26:in `block in updater'
/home/yuva/.rbenv/versions/2.1.2/lib/ruby/gems/2.1.0/gems/activesupport-4.0.2/lib/active_support/file_update_checker.rb:75:in `call'
/home/yuva/.rbenv/versions/2.1.2/lib/ruby/gems/2.1.0/gems/activesupport-4.0.2/lib/active_support/file_update_checker.rb:75:in `execute'
/home/yuva/.rbenv/versions/2.1.2/lib/ruby/gems/2.1.0/gems/railties-4.0.2/lib/rails/application/routes_reloader.rb:27:in `updater'
/home/yuva/.rbenv/versions/2.1.2/lib/ruby/gems/2.1.0/gems/railties-4.0.2/lib/rails/application/routes_reloader.rb:6:in `execute_if_updated'
/home/yuva/.rbenv/versions/2.1.2/lib/ruby/gems/2.1.0/gems/railties-4.0.2/lib/rails/application/finisher.rb:69:in `block in <module:Finisher>'
/home/yuva/.rbenv/versions/2.1.2/lib/ruby/gems/2.1.0/gems/railties-4.0.2/lib/rails/initializable.rb:30:in `instance_exec'
/home/yuva/.rbenv/versions/2.1.2/lib/ruby/gems/2.1.0/gems/railties-4.0.2/lib/rails/initializable.rb:30:in `run'
/home/yuva/.rbenv/versions/2.1.2/lib/ruby/gems/2.1.0/gems/railties-4.0.2/lib/rails/initializable.rb:55:in `block in run_initializers'
/home/yuva/.rbenv/versions/2.1.2/lib/ruby/2.1.0/tsort.rb:226:in `block in tsort_each'
/home/yuva/.rbenv/versions/2.1.2/lib/ruby/2.1.0/tsort.rb:348:in `block (2 levels) in each_strongly_connected_component'
/home/yuva/.rbenv/versions/2.1.2/lib/ruby/2.1.0/tsort.rb:427:in `each_strongly_connected_component_from'
/home/yuva/.rbenv/versions/2.1.2/lib/ruby/2.1.0/tsort.rb:347:in `block in each_strongly_connected_component'
/home/yuva/.rbenv/versions/2.1.2/lib/ruby/2.1.0/tsort.rb:345:in `each'
/home/yuva/.rbenv/versions/2.1.2/lib/ruby/2.1.0/tsort.rb:345:in `call'
/home/yuva/.rbenv/versions/2.1.2/lib/ruby/2.1.0/tsort.rb:345:in `each_strongly_connected_component'
/home/yuva/.rbenv/versions/2.1.2/lib/ruby/2.1.0/tsort.rb:224:in `tsort_each'
/home/yuva/.rbenv/versions/2.1.2/lib/ruby/2.1.0/tsort.rb:205:in `tsort_each'
/home/yuva/.rbenv/versions/2.1.2/lib/ruby/gems/2.1.0/gems/railties-4.0.2/lib/rails/initializable.rb:54:in `run_initializers'
/home/yuva/.rbenv/versions/2.1.2/lib/ruby/gems/2.1.0/gems/railties-4.0.2/lib/rails/application.rb:215:in `initialize!'
/home/yuva/.rbenv/versions/2.1.2/lib/ruby/gems/2.1.0/gems/railties-4.0.2/lib/rails/railtie/configurable.rb:30:in `method_missing'
/home/yuva/Desktop/Arvind/peatio/peatio-master/config/environment.rb:5:in `<top (required)>'
/home/yuva/Desktop/Arvind/peatio/peatio-master/lib/daemons/amqp_daemon.rb:10:in `require'
/home/yuva/Desktop/Arvind/peatio/peatio-master/lib/daemons/amqp_daemon.rb:10:in `<top (required)>'
/home/yuva/.rbenv/versions/2.1.2/lib/ruby/gems/2.1.0/gems/daemons-1.1.9/lib/daemons/application.rb:203:in `load'
/home/yuva/.rbenv/versions/2.1.2/lib/ruby/gems/2.1.0/gems/daemons-1.1.9/lib/daemons/application.rb:203:in `start_load'
/home/yuva/.rbenv/versions/2.1.2/lib/ruby/gems/2.1.0/gems/daemons-1.1.9/lib/daemons/application.rb:298:in `start'
/home/yuva/.rbenv/versions/2.1.2/lib/ruby/gems/2.1.0/gems/daemons-1.1.9/lib/daemons/controller.rb:70:in `run'
/home/yuva/.rbenv/versions/2.1.2/lib/ruby/gems/2.1.0/gems/daemons-1.1.9/lib/daemons.rb:147:in `block in run'
/home/yuva/.rbenv/versions/2.1.2/lib/ruby/gems/2.1.0/gems/daemons-1.1.9/lib/daemons/cmdline.rb:109:in `call'
/home/yuva/.rbenv/versions/2.1.2/lib/ruby/gems/2.1.0/gems/daemons-1.1.9/lib/daemons/cmdline.rb:109:in `catch_exceptions'
/home/yuva/.rbenv/versions/2.1.2/lib/ruby/gems/2.1.0/gems/daemons-1.1.9/lib/daemons.rb:146:in `run'
/home/yuva/.rbenv/versions/2.1.2/lib/ruby/gems/2.1.0/gems/daemons-rails-1.2.1/lib/daemons/rails.rb:16:in `run'
lib/daemons/trade_executor_ctl:17:in `block in <main>'
lib/daemons/trade_executor_ctl:7:in `times'
lib/daemons/trade_executor_ctl:7:in `<main>'
E, [2014-07-15T18:16:17.480203 #8889] ERROR -- : uninitialized constant Document::Translation (NameError)
/home/yuva/.rbenv/versions/2.1.2/lib/ruby/gems/2.1.0/gems/globalize-4.0.0/lib/globalize/active_record/class_methods.rb:42:in `const_get'
/home/yuva/.rbenv/versions/2.1.2/lib/ruby/gems/2.1.0/gems/globalize-4.0.0/lib/globalize/active_record/class_methods.rb:42:in `translation_class'
/home/yuva/.rbenv/versions/2.1.2/lib/ruby/gems/2.1.0/gems/globalize-4.0.0/lib/globalize/active_record/act_macro.rb:71:in `setup_translates!'
/home/yuva/.rbenv/versions/2.1.2/lib/ruby/gems/2.1.0/gems/globalize-4.0.0/lib/globalize/active_record/act_macro.rb:6:in `translates'
/home/yuva/Desktop/Arvind/peatio/peatio-master/app/models/document.rb:18:in `<class:Document>'
/home/yuva/Desktop/Arvind/peatio/peatio-master/app/models/document.rb:16:in `<top (required)>'
/home/yuva/.rbenv/versions/2.1.2/lib/ruby/gems/2.1.0/gems/railties-4.0.2/lib/rails/engine.rb:465:in `block (2 levels) in eager_load!'
/home/yuva/.rbenv/versions/2.1.2/lib/ruby/gems/2.1.0/gems/railties-4.0.2/lib/rails/engine.rb:464:in `each'
/home/yuva/.rbenv/versions/2.1.2/lib/ruby/gems/2.1.0/gems/railties-4.0.2/lib/rails/engine.rb:464:in `block in eager_load!'
/home/yuva/.rbenv/versions/2.1.2/lib/ruby/gems/2.1.0/gems/railties-4.0.2/lib/rails/engine.rb:462:in `each'
/home/yuva/.rbenv/versions/2.1.2/lib/ruby/gems/2.1.0/gems/railties-4.0.2/lib/rails/engine.rb:462:in `eager_load!'
/home/yuva/Desktop/Arvind/peatio/peatio-master/config/routes.rb:4:in `<top (required)>'
/home/yuva/.rbenv/versions/2.1.2/lib/ruby/gems/2.1.0/gems/railties-4.0.2/lib/rails/application/routes_reloader.rb:40:in `block in load_paths'
/home/yuva/.rbenv/versions/2.1.2/lib/ruby/gems/2.1.0/gems/railties-4.0.2/lib/rails/application/routes_reloader.rb:40:in `each'
/home/yuva/.rbenv/versions/2.1.2/lib/ruby/gems/2.1.0/gems/railties-4.0.2/lib/rails/application/routes_reloader.rb:40:in `load_paths'
/home/yuva/.rbenv/versions/2.1.2/lib/ruby/gems/2.1.0/gems/railties-4.0.2/lib/rails/application/routes_reloader.rb:16:in `reload!'
/home/yuva/.rbenv/versions/2.1.2/lib/ruby/gems/2.1.0/gems/railties-4.0.2/lib/rails/application/routes_reloader.rb:26:in `block in updater'
/home/yuva/.rbenv/versions/2.1.2/lib/ruby/gems/2.1.0/gems/activesupport-4.0.2/lib/active_support/file_update_checker.rb:75:in `call'
/home/yuva/.rbenv/versions/2.1.2/lib/ruby/gems/2.1.0/gems/activesupport-4.0.2/lib/active_support/file_update_checker.rb:75:in `execute'
/home/yuva/.rbenv/versions/2.1.2/lib/ruby/gems/2.1.0/gems/railties-4.0.2/lib/rails/application/routes_reloader.rb:27:in `updater'
/home/yuva/.rbenv/versions/2.1.2/lib/ruby/gems/2.1.0/gems/railties-4.0.2/lib/rails/application/routes_reloader.rb:6:in `execute_if_updated'
/home/yuva/.rbenv/versions/2.1.2/lib/ruby/gems/2.1.0/gems/railties-4.0.2/lib/rails/application/finisher.rb:69:in `block in <module:Finisher>'
/home/yuva/.rbenv/versions/2.1.2/lib/ruby/gems/2.1.0/gems/railties-4.0.2/lib/rails/initializable.rb:30:in `instance_exec'
/home/yuva/.rbenv/versions/2.1.2/lib/ruby/gems/2.1.0/gems/railties-4.0.2/lib/rails/initializable.rb:30:in `run'
/home/yuva/.rbenv/versions/2.1.2/lib/ruby/gems/2.1.0/gems/railties-4.0.2/lib/rails/initializable.rb:55:in `block in run_initializers'
/home/yuva/.rbenv/versions/2.1.2/lib/ruby/2.1.0/tsort.rb:226:in `block in tsort_each'
/home/yuva/.rbenv/versions/2.1.2/lib/ruby/2.1.0/tsort.rb:348:in `block (2 levels) in each_strongly_connected_component'
/home/yuva/.rbenv/versions/2.1.2/lib/ruby/2.1.0/tsort.rb:427:in `each_strongly_connected_component_from'
/home/yuva/.rbenv/versions/2.1.2/lib/ruby/2.1.0/tsort.rb:347:in `block in each_strongly_connected_component'
/home/yuva/.rbenv/versions/2.1.2/lib/ruby/2.1.0/tsort.rb:345:in `each'
/home/yuva/.rbenv/versions/2.1.2/lib/ruby/2.1.0/tsort.rb:345:in `call'
/home/yuva/.rbenv/versions/2.1.2/lib/ruby/2.1.0/tsort.rb:345:in `each_strongly_connected_component'
/home/yuva/.rbenv/versions/2.1.2/lib/ruby/2.1.0/tsort.rb:224:in `tsort_each'
/home/yuva/.rbenv/versions/2.1.2/lib/ruby/2.1.0/tsort.rb:205:in `tsort_each'
/home/yuva/.rbenv/versions/2.1.2/lib/ruby/gems/2.1.0/gems/railties-4.0.2/lib/rails/initializable.rb:54:in `run_initializers'
/home/yuva/.rbenv/versions/2.1.2/lib/ruby/gems/2.1.0/gems/railties-4.0.2/lib/rails/application.rb:215:in `initialize!'
/home/yuva/.rbenv/versions/2.1.2/lib/ruby/gems/2.1.0/gems/railties-4.0.2/lib/rails/railtie/configurable.rb:30:in `method_missing'
/home/yuva/Desktop/Arvind/peatio/peatio-master/config/environment.rb:5:in `<top (required)>'
/home/yuva/Desktop/Arvind/peatio/peatio-master/lib/daemons/amqp_daemon.rb:10:in `require'
/home/yuva/Desktop/Arvind/peatio/peatio-master/lib/daemons/amqp_daemon.rb:10:in `<top (required)>'
/home/yuva/.rbenv/versions/2.1.2/lib/ruby/gems/2.1.0/gems/daemons-1.1.9/lib/daemons/application.rb:203:in `load'
/home/yuva/.rbenv/versions/2.1.2/lib/ruby/gems/2.1.0/gems/daemons-1.1.9/lib/daemons/application.rb:203:in `start_load'
/home/yuva/.rbenv/versions/2.1.2/lib/ruby/gems/2.1.0/gems/daemons-1.1.9/lib/daemons/application.rb:298:in `start'
/home/yuva/.rbenv/versions/2.1.2/lib/ruby/gems/2.1.0/gems/daemons-1.1.9/lib/daemons/controller.rb:70:in `run'
/home/yuva/.rbenv/versions/2.1.2/lib/ruby/gems/2.1.0/gems/daemons-1.1.9/lib/daemons.rb:147:in `block in run'
/home/yuva/.rbenv/versions/2.1.2/lib/ruby/gems/2.1.0/gems/daemons-1.1.9/lib/daemons/cmdline.rb:109:in `call'
/home/yuva/.rbenv/versions/2.1.2/lib/ruby/gems/2.1.0/gems/daemons-1.1.9/lib/daemons/cmdline.rb:109:in `catch_exceptions'
/home/yuva/.rbenv/versions/2.1.2/lib/ruby/gems/2.1.0/gems/daemons-1.1.9/lib/daemons.rb:146:in `run'
/home/yuva/.rbenv/versions/2.1.2/lib/ruby/gems/2.1.0/gems/daemons-rails-1.2.1/lib/daemons/rails.rb:16:in `run'
lib/daemons/trade_executor_ctl:17:in `block in <main>'
lib/daemons/trade_executor_ctl:7:in `times'
lib/daemons/trade_executor_ctl:7:in `<main>'
E, [2014-07-15T18:16:17.484358 #8889] ERROR -- : Value will be available once the pipeline executes. (Redis::FutureNotReady)

E, [2014-07-15T18:16:17.486494 #8889] ERROR -- : cannot load such file -- 2.1/bcrypt_ext (LoadError)
/home/yuva/.rbenv/versions/2.1.2/lib/ruby/gems/2.1.0/gems/activesupport-4.0.2/lib/active_support/dependencies.rb:229:in `require'
/home/yuva/.rbenv/versions/2.1.2/lib/ruby/gems/2.1.0/gems/activesupport-4.0.2/lib/active_support/dependencies.rb:229:in `block in require'
/home/yuva/.rbenv/versions/2.1.2/lib/ruby/gems/2.1.0/gems/activesupport-4.0.2/lib/active_support/dependencies.rb:212:in `block in load_dependency'
/home/yuva/.rbenv/versions/2.1.2/lib/ruby/gems/2.1.0/gems/activesupport-4.0.2/lib/active_support/dependencies.rb:616:in `new_constants_in'
/home/yuva/.rbenv/versions/2.1.2/lib/ruby/gems/2.1.0/gems/activesupport-4.0.2/lib/active_support/dependencies.rb:212:in `load_dependency'
/home/yuva/.rbenv/versions/2.1.2/lib/ruby/gems/2.1.0/gems/activesupport-4.0.2/lib/active_support/dependencies.rb:229:in `require'
/home/yuva/.rbenv/versions/2.1.2/lib/ruby/gems/2.1.0/gems/bcrypt-ruby-3.1.2/lib/bcrypt.rb:14:in `<top (required)>'
/home/yuva/.rbenv/versions/2.1.2/lib/ruby/gems/2.1.0/gems/activesupport-4.0.2/lib/active_support/dependencies.rb:229:in `require'
/home/yuva/.rbenv/versions/2.1.2/lib/ruby/gems/2.1.0/gems/activesupport-4.0.2/lib/active_support/dependencies.rb:229:in `block in require'
/home/yuva/.rbenv/versions/2.1.2/lib/ruby/gems/2.1.0/gems/activesupport-4.0.2/lib/active_support/dependencies.rb:212:in `block in load_dependency'
/home/yuva/.rbenv/versions/2.1.2/lib/ruby/gems/2.1.0/gems/activesupport-4.0.2/lib/active_support/dependencies.rb:616:in `new_constants_in'
/home/yuva/.rbenv/versions/2.1.2/lib/ruby/gems/2.1.0/gems/activesupport-4.0.2/lib/active_support/dependencies.rb:212:in `load_dependency'
/home/yuva/.rbenv/versions/2.1.2/lib/ruby/gems/2.1.0/gems/activesupport-4.0.2/lib/active_support/dependencies.rb:229:in `require'
/home/yuva/.rbenv/versions/2.1.2/lib/ruby/gems/2.1.0/gems/omniauth-identity-1.1.1/lib/omniauth/identity/secure_password.rb:1:in `<top (required)>'
/home/yuva/.rbenv/versions/2.1.2/lib/ruby/gems/2.1.0/gems/omniauth-identity-1.1.1/lib/omniauth/identity/models/active_record.rb:8:in `<class:ActiveRecord>'
/home/yuva/.rbenv/versions/2.1.2/lib/ruby/gems/2.1.0/gems/omniauth-identity-1.1.1/lib/omniauth/identity/models/active_record.rb:6:in `<module:Models>'
/home/yuva/.rbenv/versions/2.1.2/lib/ruby/gems/2.1.0/gems/omniauth-identity-1.1.1/lib/omniauth/identity/models/active_record.rb:5:in `<module:Identity>'
/home/yuva/.rbenv/versions/2.1.2/lib/ruby/gems/2.1.0/gems/omniauth-identity-1.1.1/lib/omniauth/identity/models/active_record.rb:4:in `<module:OmniAuth>'
/home/yuva/.rbenv/versions/2.1.2/lib/ruby/gems/2.1.0/gems/omniauth-identity-1.1.1/lib/omniauth/identity/models/active_record.rb:3:in `<top (required)>'
/home/yuva/Desktop/Arvind/peatio/peatio-master/app/models/identity.rb:17:in `<top (required)>'
/home/yuva/.rbenv/versions/2.1.2/lib/ruby/gems/2.1.0/gems/activesupport-4.0.2/lib/active_support/dependencies.rb:424:in `load'
/home/yuva/.rbenv/versions/2.1.2/lib/ruby/gems/2.1.0/gems/activesupport-4.0.2/lib/active_support/dependencies.rb:424:in `block in load_file'
/home/yuva/.rbenv/versions/2.1.2/lib/ruby/gems/2.1.0/gems/activesupport-4.0.2/lib/active_support/dependencies.rb:616:in `new_constants_in'
/home/yuva/.rbenv/versions/2.1.2/lib/ruby/gems/2.1.0/gems/activesupport-4.0.2/lib/active_support/dependencies.rb:423:in `load_file'
/home/yuva/.rbenv/versions/2.1.2/lib/ruby/gems/2.1.0/gems/activesupport-4.0.2/lib/active_support/dependencies.rb:324:in `require_or_load'
/home/yuva/.rbenv/versions/2.1.2/lib/ruby/gems/2.1.0/gems/activesupport-4.0.2/lib/active_support/dependencies.rb:289:in `depend_on'
/home/yuva/.rbenv/versions/2.1.2/lib/ruby/gems/2.1.0/gems/activesupport-4.0.2/lib/active_support/dependencies.rb:207:in `require_dependency'
/home/yuva/.rbenv/versions/2.1.2/lib/ruby/gems/2.1.0/gems/railties-4.0.2/lib/rails/engine.rb:465:in `block (2 levels) in eager_load!'
/home/yuva/.rbenv/versions/2.1.2/lib/ruby/gems/2.1.0/gems/railties-4.0.2/lib/rails/engine.rb:464:in `each'
/home/yuva/.rbenv/versions/2.1.2/lib/ruby/gems/2.1.0/gems/railties-4.0.2/lib/rails/engine.rb:464:in `block in eager_load!'
/home/yuva/.rbenv/versions/2.1.2/lib/ruby/gems/2.1.0/gems/railties-4.0.2/lib/rails/engine.rb:462:in `each'
/home/yuva/.rbenv/versions/2.1.2/lib/ruby/gems/2.1.0/gems/railties-4.0.2/lib/rails/engine.rb:462:in `eager_load!'
/home/yuva/Desktop/Arvind/peatio/peatio-master/config/routes.rb:4:in `<top (required)>'
/home/yuva/.rbenv/versions/2.1.2/lib/ruby/gems/2.1.0/gems/activesupport-4.0.2/lib/active_support/dependencies.rb:223:in `load'
/home/yuva/.rbenv/versions/2.1.2/lib/ruby/gems/2.1.0/gems/activesupport-4.0.2/lib/active_support/dependencies.rb:223:in `block in load'
/home/yuva/.rbenv/versions/2.1.2/lib/ruby/gems/2.1.0/gems/activesupport-4.0.2/lib/active_support/dependencies.rb:214:in `load_dependency'
/home/yuva/.rbenv/versions/2.1.2/lib/ruby/gems/2.1.0/gems/activesupport-4.0.2/lib/active_support/dependencies.rb:223:in `load'
/home/yuva/.rbenv/versions/2.1.2/lib/ruby/gems/2.1.0/gems/railties-4.0.2/lib/rails/application/routes_reloader.rb:40:in `block in load_paths'
/home/yuva/.rbenv/versions/2.1.2/lib/ruby/gems/2.1.0/gems/railties-4.0.2/lib/rails/application/routes_reloader.rb:40:in `each'
/home/yuva/.rbenv/versions/2.1.2/lib/ruby/gems/2.1.0/gems/railties-4.0.2/lib/rails/application/routes_reloader.rb:40:in `load_paths'
/home/yuva/.rbenv/versions/2.1.2/lib/ruby/gems/2.1.0/gems/railties-4.0.2/lib/rails/application/routes_reloader.rb:16:in `reload!'
/home/yuva/.rbenv/versions/2.1.2/lib/ruby/gems/2.1.0/gems/railties-4.0.2/lib/rails/application/routes_reloader.rb:26:in `block in updater'
/home/yuva/.rbenv/versions/2.1.2/lib/ruby/gems/2.1.0/gems/activesupport-4.0.2/lib/active_support/file_update_checker.rb:75:in `call'
/home/yuva/.rbenv/versions/2.1.2/lib/ruby/gems/2.1.0/gems/activesupport-4.0.2/lib/active_support/file_update_checker.rb:75:in `execute'
/home/yuva/.rbenv/versions/2.1.2/lib/ruby/gems/2.1.0/gems/railties-4.0.2/lib/rails/application/routes_reloader.rb:27:in `updater'
/home/yuva/.rbenv/versions/2.1.2/lib/ruby/gems/2.1.0/gems/railties-4.0.2/lib/rails/application/routes_reloader.rb:6:in `execute_if_updated'
/home/yuva/.rbenv/versions/2.1.2/lib/ruby/gems/2.1.0/gems/railties-4.0.2/lib/rails/application/finisher.rb:69:in `block in <module:Finisher>'
/home/yuva/.rbenv/versions/2.1.2/lib/ruby/gems/2.1.0/gems/railties-4.0.2/lib/rails/initializable.rb:30:in `instance_exec'
/home/yuva/.rbenv/versions/2.1.2/lib/ruby/gems/2.1.0/gems/railties-4.0.2/lib/rails/initializable.rb:30:in `run'
/home/yuva/.rbenv/versions/2.1.2/lib/ruby/gems/2.1.0/gems/railties-4.0.2/lib/rails/initializable.rb:55:in `block in run_initializers'
/home/yuva/.rbenv/versions/2.1.2/lib/ruby/2.1.0/tsort.rb:226:in `block in tsort_each'
/home/yuva/.rbenv/versions/2.1.2/lib/ruby/2.1.0/tsort.rb:348:in `block (2 levels) in each_strongly_connected_component'
/home/yuva/.rbenv/versions/2.1.2/lib/ruby/2.1.0/tsort.rb:427:in `each_strongly_connected_component_from'
/home/yuva/.rbenv/versions/2.1.2/lib/ruby/2.1.0/tsort.rb:347:in `block in each_strongly_connected_component'
/home/yuva/.rbenv/versions/2.1.2/lib/ruby/2.1.0/tsort.rb:345:in `each'
/home/yuva/.rbenv/versions/2.1.2/lib/ruby/2.1.0/tsort.rb:345:in `call'
/home/yuva/.rbenv/versions/2.1.2/lib/ruby/2.1.0/tsort.rb:345:in `each_strongly_connected_component'
/home/yuva/.rbenv/versions/2.1.2/lib/ruby/2.1.0/tsort.rb:224:in `tsort_each'
/home/yuva/.rbenv/versions/2.1.2/lib/ruby/2.1.0/tsort.rb:205:in `tsort_each'
/home/yuva/.rbenv/versions/2.1.2/lib/ruby/gems/2.1.0/gems/railties-4.0.2/lib/rails/initializable.rb:54:in `run_initializers'
/home/yuva/.rbenv/versions/2.1.2/lib/ruby/gems/2.1.0/gems/railties-4.0.2/lib/rails/application.rb:215:in `initialize!'
/home/yuva/.rbenv/versions/2.1.2/lib/ruby/gems/2.1.0/gems/railties-4.0.2/lib/rails/railtie/configurable.rb:30:in `method_missing'
/home/yuva/Desktop/Arvind/peatio/peatio-master/config/environment.rb:5:in `<top (required)>'
/home/yuva/Desktop/Arvind/peatio/peatio-master/lib/daemons/amqp_daemon.rb:10:in `require'
/home/yuva/Desktop/Arvind/peatio/peatio-master/lib/daemons/amqp_daemon.rb:10:in `<top (required)>'
/home/yuva/.rbenv/versions/2.1.2/lib/ruby/gems/2.1.0/gems/daemons-1.1.9/lib/daemons/application.rb:203:in `load'
/home/yuva/.rbenv/versions/2.1.2/lib/ruby/gems/2.1.0/gems/daemons-1.1.9/lib/daemons/application.rb:203:in `start_load'
/home/yuva/.rbenv/versions/2.1.2/lib/ruby/gems/2.1.0/gems/daemons-1.1.9/lib/daemons/application.rb:298:in `start'
/home/yuva/.rbenv/versions/2.1.2/lib/ruby/gems/2.1.0/gems/daemons-1.1.9/lib/daemons/controller.rb:70:in `run'
/home/yuva/.rbenv/versions/2.1.2/lib/ruby/gems/2.1.0/gems/daemons-1.1.9/lib/daemons.rb:147:in `block in run'
/home/yuva/.rbenv/versions/2.1.2/lib/ruby/gems/2.1.0/gems/daemons-1.1.9/lib/daemons/cmdline.rb:109:in `call'
/home/yuva/.rbenv/versions/2.1.2/lib/ruby/gems/2.1.0/gems/daemons-1.1.9/lib/daemons/cmdline.rb:109:in `catch_exceptions'
/home/yuva/.rbenv/versions/2.1.2/lib/ruby/gems/2.1.0/gems/daemons-1.1.9/lib/daemons.rb:146:in `run'
/home/yuva/.rbenv/versions/2.1.2/lib/ruby/gems/2.1.0/gems/daemons-rails-1.2.1/lib/daemons/rails.rb:16:in `run'
lib/daemons/trade_executor_ctl:17:in `block in <main>'
lib/daemons/trade_executor_ctl:7:in `times'
lib/daemons/trade_executor_ctl:7:in `<main>'
E, [2014-07-15T18:16:17.486757 #8889] ERROR -- : no such frame (ArgumentError)
/home/yuva/.rbenv/versions/2.1.2/lib/ruby/gems/2.1.0/gems/binding_of_caller-0.7.2/lib/binding_of_caller/mri2.rb:25:in `frame_binding'
/home/yuva/.rbenv/versions/2.1.2/lib/ruby/gems/2.1.0/gems/binding_of_caller-0.7.2/lib/binding_of_caller/mri2.rb:25:in `block (2 levels) in callers'
/home/yuva/.rbenv/versions/2.1.2/lib/ruby/gems/2.1.0/gems/binding_of_caller-0.7.2/lib/binding_of_caller/mri2.rb:23:in `loop'
/home/yuva/.rbenv/versions/2.1.2/lib/ruby/gems/2.1.0/gems/binding_of_caller-0.7.2/lib/binding_of_caller/mri2.rb:23:in `block in callers'
/home/yuva/.rbenv/versions/2.1.2/lib/ruby/gems/2.1.0/gems/binding_of_caller-0.7.2/lib/binding_of_caller/mri2.rb:21:in `open'
/home/yuva/.rbenv/versions/2.1.2/lib/ruby/gems/2.1.0/gems/binding_of_caller-0.7.2/lib/binding_of_caller/mri2.rb:21:in `callers'
/home/yuva/.rbenv/versions/2.1.2/lib/ruby/gems/2.1.0/gems/better_errors-1.1.0/lib/better_errors/core_ext/exception.rb:9:in `block in <class:Exception>'
/home/yuva/.rbenv/versions/2.1.2/lib/ruby/gems/2.1.0/gems/activesupport-4.0.2/lib/active_support/dependencies.rb:229:in `require'
/home/yuva/.rbenv/versions/2.1.2/lib/ruby/gems/2.1.0/gems/activesupport-4.0.2/lib/active_support/dependencies.rb:229:in `block in require'
/home/yuva/.rbenv/versions/2.1.2/lib/ruby/gems/2.1.0/gems/activesupport-4.0.2/lib/active_support/dependencies.rb:212:in `block in load_dependency'
/home/yuva/.rbenv/versions/2.1.2/lib/ruby/gems/2.1.0/gems/activesupport-4.0.2/lib/active_support/dependencies.rb:616:in `new_constants_in'
/home/yuva/.rbenv/versions/2.1.2/lib/ruby/gems/2.1.0/gems/activesupport-4.0.2/lib/active_support/dependencies.rb:212:in `load_dependency'
/home/yuva/.rbenv/versions/2.1.2/lib/ruby/gems/2.1.0/gems/activesupport-4.0.2/lib/active_support/dependencies.rb:229:in `require'
/home/yuva/.rbenv/versions/2.1.2/lib/ruby/gems/2.1.0/gems/bcrypt-ruby-3.1.2/lib/bcrypt.rb:14:in `<top (required)>'
/home/yuva/.rbenv/versions/2.1.2/lib/ruby/gems/2.1.0/gems/activesupport-4.0.2/lib/active_support/dependencies.rb:229:in `require'
/home/yuva/.rbenv/versions/2.1.2/lib/ruby/gems/2.1.0/gems/activesupport-4.0.2/lib/active_support/dependencies.rb:229:in `block in require'
/home/yuva/.rbenv/versions/2.1.2/lib/ruby/gems/2.1.0/gems/activesupport-4.0.2/lib/active_support/dependencies.rb:212:in `block in load_dependency'
/home/yuva/.rbenv/versions/2.1.2/lib/ruby/gems/2.1.0/gems/activesupport-4.0.2/lib/active_support/dependencies.rb:616:in `new_constants_in'
/home/yuva/.rbenv/versions/2.1.2/lib/ruby/gems/2.1.0/gems/activesupport-4.0.2/lib/active_support/dependencies.rb:212:in `load_dependency'
/home/yuva/.rbenv/versions/2.1.2/lib/ruby/gems/2.1.0/gems/activesupport-4.0.2/lib/active_support/dependencies.rb:229:in `require'
/home/yuva/.rbenv/versions/2.1.2/lib/ruby/gems/2.1.0/gems/omniauth-identity-1.1.1/lib/omniauth/identity/secure_password.rb:1:in `<top (required)>'
/home/yuva/.rbenv/versions/2.1.2/lib/ruby/gems/2.1.0/gems/omniauth-identity-1.1.1/lib/omniauth/identity/models/active_record.rb:8:in `<class:ActiveRecord>'
/home/yuva/.rbenv/versions/2.1.2/lib/ruby/gems/2.1.0/gems/omniauth-identity-1.1.1/lib/omniauth/identity/models/active_record.rb:6:in `<module:Models>'
/home/yuva/.rbenv/versions/2.1.2/lib/ruby/gems/2.1.0/gems/omniauth-identity-1.1.1/lib/omniauth/identity/models/active_record.rb:5:in `<module:Identity>'
/home/yuva/.rbenv/versions/2.1.2/lib/ruby/gems/2.1.0/gems/omniauth-identity-1.1.1/lib/omniauth/identity/models/active_record.rb:4:in `<module:OmniAuth>'
/home/yuva/.rbenv/versions/2.1.2/lib/ruby/gems/2.1.0/gems/omniauth-identity-1.1.1/lib/omniauth/identity/models/active_record.rb:3:in `<top (required)>'
/home/yuva/Desktop/Arvind/peatio/peatio-master/app/models/identity.rb:17:in `<top (required)>'
/home/yuva/.rbenv/versions/2.1.2/lib/ruby/gems/2.1.0/gems/activesupport-4.0.2/lib/active_support/dependencies.rb:424:in `load'
/home/yuva/.rbenv/versions/2.1.2/lib/ruby/gems/2.1.0/gems/activesupport-4.0.2/lib/active_support/dependencies.rb:424:in `block in load_file'
/home/yuva/.rbenv/versions/2.1.2/lib/ruby/gems/2.1.0/gems/activesupport-4.0.2/lib/active_support/dependencies.rb:616:in `new_constants_in'
/home/yuva/.rbenv/versions/2.1.2/lib/ruby/gems/2.1.0/gems/activesupport-4.0.2/lib/active_support/dependencies.rb:423:in `load_file'
/home/yuva/.rbenv/versions/2.1.2/lib/ruby/gems/2.1.0/gems/activesupport-4.0.2/lib/active_support/dependencies.rb:324:in `require_or_load'
/home/yuva/.rbenv/versions/2.1.2/lib/ruby/gems/2.1.0/gems/activesupport-4.0.2/lib/active_support/dependencies.rb:289:in `depend_on'
/home/yuva/.rbenv/versions/2.1.2/lib/ruby/gems/2.1.0/gems/activesupport-4.0.2/lib/active_support/dependencies.rb:207:in `require_dependency'
/home/yuva/.rbenv/versions/2.1.2/lib/ruby/gems/2.1.0/gems/railties-4.0.2/lib/rails/engine.rb:465:in `block (2 levels) in eager_load!'
/home/yuva/.rbenv/versions/2.1.2/lib/ruby/gems/2.1.0/gems/railties-4.0.2/lib/rails/engine.rb:464:in `each'
/home/yuva/.rbenv/versions/2.1.2/lib/ruby/gems/2.1.0/gems/railties-4.0.2/lib/rails/engine.rb:464:in `block in eager_load!'
/home/yuva/.rbenv/versions/2.1.2/lib/ruby/gems/2.1.0/gems/railties-4.0.2/lib/rails/engine.rb:462:in `each'
/home/yuva/.rbenv/versions/2.1.2/lib/ruby/gems/2.1.0/gems/railties-4.0.2/lib/rails/engine.rb:462:in `eager_load!'
/home/yuva/Desktop/Arvind/peatio/peatio-master/config/routes.rb:4:in `<top (required)>'
/home/yuva/.rbenv/versions/2.1.2/lib/ruby/gems/2.1.0/gems/activesupport-4.0.2/lib/active_support/dependencies.rb:223:in `load'
/home/yuva/.rbenv/versions/2.1.2/lib/ruby/gems/2.1.0/gems/activesupport-4.0.2/lib/active_support/dependencies.rb:223:in `block in load'
/home/yuva/.rbenv/versions/2.1.2/lib/ruby/gems/2.1.0/gems/activesupport-4.0.2/lib/active_support/dependencies.rb:214:in `load_dependency'
/home/yuva/.rbenv/versions/2.1.2/lib/ruby/gems/2.1.0/gems/activesupport-4.0.2/lib/active_support/dependencies.rb:223:in `load'
/home/yuva/.rbenv/versions/2.1.2/lib/ruby/gems/2.1.0/gems/railties-4.0.2/lib/rails/application/routes_reloader.rb:40:in `block in load_paths'
/home/yuva/.rbenv/versions/2.1.2/lib/ruby/gems/2.1.0/gems/railties-4.0.2/lib/rails/application/routes_reloader.rb:40:in `each'
/home/yuva/.rbenv/versions/2.1.2/lib/ruby/gems/2.1.0/gems/railties-4.0.2/lib/rails/application/routes_reloader.rb:40:in `load_paths'
/home/yuva/.rbenv/versions/2.1.2/lib/ruby/gems/2.1.0/gems/railties-4.0.2/lib/rails/application/routes_reloader.rb:16:in `reload!'
/home/yuva/.rbenv/versions/2.1.2/lib/ruby/gems/2.1.0/gems/railties-4.0.2/lib/rails/application/routes_reloader.rb:26:in `block in updater'
/home/yuva/.rbenv/versions/2.1.2/lib/ruby/gems/2.1.0/gems/activesupport-4.0.2/lib/active_support/file_update_checker.rb:75:in `call'
/home/yuva/.rbenv/versions/2.1.2/lib/ruby/gems/2.1.0/gems/activesupport-4.0.2/lib/active_support/file_update_checker.rb:75:in `execute'
/home/yuva/.rbenv/versions/2.1.2/lib/ruby/gems/2.1.0/gems/railties-4.0.2/lib/rails/application/routes_reloader.rb:27:in `updater'
/home/yuva/.rbenv/versions/2.1.2/lib/ruby/gems/2.1.0/gems/railties-4.0.2/lib/rails/application/routes_reloader.rb:6:in `execute_if_updated'
/home/yuva/.rbenv/versions/2.1.2/lib/ruby/gems/2.1.0/gems/railties-4.0.2/lib/rails/application/finisher.rb:69:in `block in <module:Finisher>'
/home/yuva/.rbenv/versions/2.1.2/lib/ruby/gems/2.1.0/gems/railties-4.0.2/lib/rails/initializable.rb:30:in `instance_exec'
/home/yuva/.rbenv/versions/2.1.2/lib/ruby/gems/2.1.0/gems/railties-4.0.2/lib/rails/initializable.rb:30:in `run'
/home/yuva/.rbenv/versions/2.1.2/lib/ruby/gems/2.1.0/gems/railties-4.0.2/lib/rails/initializable.rb:55:in `block in run_initializers'
/home/yuva/.rbenv/versions/2.1.2/lib/ruby/2.1.0/tsort.rb:226:in `block in tsort_each'
/home/yuva/.rbenv/versions/2.1.2/lib/ruby/2.1.0/tsort.rb:348:in `block (2 levels) in each_strongly_connected_component'
/home/yuva/.rbenv/versions/2.1.2/lib/ruby/2.1.0/tsort.rb:427:in `each_strongly_connected_component_from'
/home/yuva/.rbenv/versions/2.1.2/lib/ruby/2.1.0/tsort.rb:347:in `block in each_strongly_connected_component'
/home/yuva/.rbenv/versions/2.1.2/lib/ruby/2.1.0/tsort.rb:345:in `each'
/home/yuva/.rbenv/versions/2.1.2/lib/ruby/2.1.0/tsort.rb:345:in `call'
/home/yuva/.rbenv/versions/2.1.2/lib/ruby/2.1.0/tsort.rb:345:in `each_strongly_connected_component'
/home/yuva/.rbenv/versions/2.1.2/lib/ruby/2.1.0/tsort.rb:224:in `tsort_each'
/home/yuva/.rbenv/versions/2.1.2/lib/ruby/2.1.0/tsort.rb:205:in `tsort_each'
/home/yuva/.rbenv/versions/2.1.2/lib/ruby/gems/2.1.0/gems/railties-4.0.2/lib/rails/initializable.rb:54:in `run_initializers'
/home/yuva/.rbenv/versions/2.1.2/lib/ruby/gems/2.1.0/gems/railties-4.0.2/lib/rails/application.rb:215:in `initialize!'
/home/yuva/.rbenv/versions/2.1.2/lib/ruby/gems/2.1.0/gems/railties-4.0.2/lib/rails/railtie/configurable.rb:30:in `method_missing'
/home/yuva/Desktop/Arvind/peatio/peatio-master/config/environment.rb:5:in `<top (required)>'
/home/yuva/Desktop/Arvind/peatio/peatio-master/lib/daemons/amqp_daemon.rb:10:in `require'
/home/yuva/Desktop/Arvind/peatio/peatio-master/lib/daemons/amqp_daemon.rb:10:in `<top (required)>'
/home/yuva/.rbenv/versions/2.1.2/lib/ruby/gems/2.1.0/gems/daemons-1.1.9/lib/daemons/application.rb:203:in `load'
/home/yuva/.rbenv/versions/2.1.2/lib/ruby/gems/2.1.0/gems/daemons-1.1.9/lib/daemons/application.rb:203:in `start_load'
/home/yuva/.rbenv/versions/2.1.2/lib/ruby/gems/2.1.0/gems/daemons-1.1.9/lib/daemons/application.rb:298:in `start'
/home/yuva/.rbenv/versions/2.1.2/lib/ruby/gems/2.1.0/gems/daemons-1.1.9/lib/daemons/controller.rb:70:in `run'
/home/yuva/.rbenv/versions/2.1.2/lib/ruby/gems/2.1.0/gems/daemons-1.1.9/lib/daemons.rb:147:in `block in run'
/home/yuva/.rbenv/versions/2.1.2/lib/ruby/gems/2.1.0/gems/daemons-1.1.9/lib/daemons/cmdline.rb:109:in `call'
/home/yuva/.rbenv/versions/2.1.2/lib/ruby/gems/2.1.0/gems/daemons-1.1.9/lib/daemons/cmdline.rb:109:in `catch_exceptions'
/home/yuva/.rbenv/versions/2.1.2/lib/ruby/gems/2.1.0/gems/daemons-1.1.9/lib/daemons.rb:146:in `run'
/home/yuva/.rbenv/versions/2.1.2/lib/ruby/gems/2.1.0/gems/daemons-rails-1.2.1/lib/daemons/rails.rb:16:in `run'
lib/daemons/trade_executor_ctl:17:in `block in <main>'
lib/daemons/trade_executor_ctl:7:in `times'
lib/daemons/trade_executor_ctl:7:in `<main>'
E, [2014-07-15T18:16:17.530443 #8889] ERROR -- : Resource temporarily unavailable - read would block (IO::EAGAINWaitReadable)
/home/yuva/.rbenv/versions/2.1.2/lib/ruby/gems/2.1.0/gems/bunny-1.2.1/lib/bunny/cruby/socket.rb:41:in `read_nonblock'
/home/yuva/.rbenv/versions/2.1.2/lib/ruby/gems/2.1.0/gems/bunny-1.2.1/lib/bunny/cruby/socket.rb:41:in `block in read_fully'
/home/yuva/.rbenv/versions/2.1.2/lib/ruby/gems/2.1.0/gems/bunny-1.2.1/lib/bunny/cruby/socket.rb:40:in `loop'
/home/yuva/.rbenv/versions/2.1.2/lib/ruby/gems/2.1.0/gems/bunny-1.2.1/lib/bunny/cruby/socket.rb:40:in `read_fully'
/home/yuva/.rbenv/versions/2.1.2/lib/ruby/gems/2.1.0/gems/bunny-1.2.1/lib/bunny/transport.rb:199:in `read_next_frame'
/home/yuva/.rbenv/versions/2.1.2/lib/ruby/gems/2.1.0/gems/bunny-1.2.1/lib/bunny/session.rb:923:in `init_connection'
/home/yuva/.rbenv/versions/2.1.2/lib/ruby/gems/2.1.0/gems/bunny-1.2.1/lib/bunny/session.rb:254:in `start'
/home/yuva/Desktop/Arvind/peatio/peatio-master/lib/daemons/amqp_daemon.rb:17:in `<top (required)>'
/home/yuva/.rbenv/versions/2.1.2/lib/ruby/gems/2.1.0/gems/daemons-1.1.9/lib/daemons/application.rb:203:in `load'
/home/yuva/.rbenv/versions/2.1.2/lib/ruby/gems/2.1.0/gems/daemons-1.1.9/lib/daemons/application.rb:203:in `start_load'
/home/yuva/.rbenv/versions/2.1.2/lib/ruby/gems/2.1.0/gems/daemons-1.1.9/lib/daemons/application.rb:298:in `start'
/home/yuva/.rbenv/versions/2.1.2/lib/ruby/gems/2.1.0/gems/daemons-1.1.9/lib/daemons/controller.rb:70:in `run'
/home/yuva/.rbenv/versions/2.1.2/lib/ruby/gems/2.1.0/gems/daemons-1.1.9/lib/daemons.rb:147:in `block in run'
/home/yuva/.rbenv/versions/2.1.2/lib/ruby/gems/2.1.0/gems/daemons-1.1.9/lib/daemons/cmdline.rb:109:in `call'
/home/yuva/.rbenv/versions/2.1.2/lib/ruby/gems/2.1.0/gems/daemons-1.1.9/lib/daemons/cmdline.rb:109:in `catch_exceptions'
/home/yuva/.rbenv/versions/2.1.2/lib/ruby/gems/2.1.0/gems/daemons-1.1.9/lib/daemons.rb:146:in `run'
/home/yuva/.rbenv/versions/2.1.2/lib/ruby/gems/2.1.0/gems/daemons-rails-1.2.1/lib/daemons/rails.rb:16:in `run'
lib/daemons/trade_executor_ctl:17:in `block in <main>'
lib/daemons/trade_executor_ctl:7:in `times'
lib/daemons/trade_executor_ctl:7:in `<main>'
E, [2014-07-15T18:16:17.543206 #8889] ERROR -- : no such frame (ArgumentError)
/home/yuva/.rbenv/versions/2.1.2/lib/ruby/gems/2.1.0/gems/binding_of_caller-0.7.2/lib/binding_of_caller/mri2.rb:25:in `frame_binding'
/home/yuva/.rbenv/versions/2.1.2/lib/ruby/gems/2.1.0/gems/binding_of_caller-0.7.2/lib/binding_of_caller/mri2.rb:25:in `block (2 levels) in callers'
/home/yuva/.rbenv/versions/2.1.2/lib/ruby/gems/2.1.0/gems/binding_of_caller-0.7.2/lib/binding_of_caller/mri2.rb:23:in `loop'
/home/yuva/.rbenv/versions/2.1.2/lib/ruby/gems/2.1.0/gems/binding_of_caller-0.7.2/lib/binding_of_caller/mri2.rb:23:in `block in callers'
/home/yuva/.rbenv/versions/2.1.2/lib/ruby/gems/2.1.0/gems/binding_of_caller-0.7.2/lib/binding_of_caller/mri2.rb:21:in `open'
/home/yuva/.rbenv/versions/2.1.2/lib/ruby/gems/2.1.0/gems/binding_of_caller-0.7.2/lib/binding_of_caller/mri2.rb:21:in `callers'
/home/yuva/.rbenv/versions/2.1.2/lib/ruby/gems/2.1.0/gems/better_errors-1.1.0/lib/better_errors/core_ext/exception.rb:9:in `block in <class:Exception>'
/home/yuva/.rbenv/versions/2.1.2/lib/ruby/2.1.0/open-uri.rb:36:in `initialize'
/home/yuva/.rbenv/versions/2.1.2/lib/ruby/2.1.0/open-uri.rb:36:in `open'
/home/yuva/.rbenv/versions/2.1.2/lib/ruby/2.1.0/open-uri.rb:36:in `open'
/home/yuva/.rbenv/versions/2.1.2/lib/ruby/2.1.0/logger.rb:592:in `open_logfile'
/home/yuva/.rbenv/versions/2.1.2/lib/ruby/2.1.0/logger.rb:549:in `initialize'
/home/yuva/.rbenv/versions/2.1.2/lib/ruby/2.1.0/logger.rb:318:in `new'
/home/yuva/.rbenv/versions/2.1.2/lib/ruby/2.1.0/logger.rb:318:in `initialize'
/home/yuva/.rbenv/versions/2.1.2/lib/ruby/gems/2.1.0/gems/daemons-1.1.9/lib/daemons/application.rb:353:in `new'
/home/yuva/.rbenv/versions/2.1.2/lib/ruby/gems/2.1.0/gems/daemons-1.1.9/lib/daemons/application.rb:353:in `exception_log'
/home/yuva/.rbenv/versions/2.1.2/lib/ruby/gems/2.1.0/gems/daemons-1.1.9/lib/daemons/application.rb:165:in `block in start_load'
E, [2014-07-15T18:16:17.543746 #8889] ERROR -- : No such file or directory @ rb_sysopen - /home/yuva/Desktop/Arvind/peatio/peatio-master/log/peatio:amqp:trade_executor:1.log (Errno::ENOENT)
/home/yuva/.rbenv/versions/2.1.2/lib/ruby/2.1.0/open-uri.rb:36:in `initialize'
/home/yuva/.rbenv/versions/2.1.2/lib/ruby/2.1.0/open-uri.rb:36:in `open'
/home/yuva/.rbenv/versions/2.1.2/lib/ruby/2.1.0/open-uri.rb:36:in `open'
/home/yuva/.rbenv/versions/2.1.2/lib/ruby/2.1.0/logger.rb:592:in `open_logfile'
/home/yuva/.rbenv/versions/2.1.2/lib/ruby/2.1.0/logger.rb:549:in `initialize'
/home/yuva/.rbenv/versions/2.1.2/lib/ruby/2.1.0/logger.rb:318:in `new'
/home/yuva/.rbenv/versions/2.1.2/lib/ruby/2.1.0/logger.rb:318:in `initialize'
/home/yuva/.rbenv/versions/2.1.2/lib/ruby/gems/2.1.0/gems/daemons-1.1.9/lib/daemons/application.rb:353:in `new'
/home/yuva/.rbenv/versions/2.1.2/lib/ruby/gems/2.1.0/gems/daemons-1.1.9/lib/daemons/application.rb:353:in `exception_log'
/home/yuva/.rbenv/versions/2.1.2/lib/ruby/gems/2.1.0/gems/daemons-1.1.9/lib/daemons/application.rb:165:in `block in start_load'
E, [2014-07-15T18:16:17.543807 #8889] ERROR -- : no such frame (ArgumentError)
/home/yuva/.rbenv/versions/2.1.2/lib/ruby/gems/2.1.0/gems/binding_of_caller-0.7.2/lib/binding_of_caller/mri2.rb:25:in `frame_binding'
/home/yuva/.rbenv/versions/2.1.2/lib/ruby/gems/2.1.0/gems/binding_of_caller-0.7.2/lib/binding_of_caller/mri2.rb:25:in `block (2 levels) in callers'
/home/yuva/.rbenv/versions/2.1.2/lib/ruby/gems/2.1.0/gems/binding_of_caller-0.7.2/lib/binding_of_caller/mri2.rb:23:in `loop'
/home/yuva/.rbenv/versions/2.1.2/lib/ruby/gems/2.1.0/gems/binding_of_caller-0.7.2/lib/binding_of_caller/mri2.rb:23:in `block in callers'
/home/yuva/.rbenv/versions/2.1.2/lib/ruby/gems/2.1.0/gems/binding_of_caller-0.7.2/lib/binding_of_caller/mri2.rb:21:in `open'
/home/yuva/.rbenv/versions/2.1.2/lib/ruby/gems/2.1.0/gems/binding_of_caller-0.7.2/lib/binding_of_caller/mri2.rb:21:in `callers'
/home/yuva/.rbenv/versions/2.1.2/lib/ruby/gems/2.1.0/gems/better_errors-1.1.0/lib/better_errors/core_ext/exception.rb:9:in `block in <class:Exception>'
/home/yuva/.rbenv/versions/2.1.2/lib/ruby/gems/2.1.0/gems/bunny-1.2.1/lib/bunny/consumer_work_pool.rb:55:in `join'
/home/yuva/.rbenv/versions/2.1.2/lib/ruby/gems/2.1.0/gems/bunny-1.2.1/lib/bunny/consumer_work_pool.rb:55:in `block in join'
/home/yuva/.rbenv/versions/2.1.2/lib/ruby/gems/2.1.0/gems/bunny-1.2.1/lib/bunny/consumer_work_pool.rb:55:in `each'
/home/yuva/.rbenv/versions/2.1.2/lib/ruby/gems/2.1.0/gems/bunny-1.2.1/lib/bunny/consumer_work_pool.rb:55:in `join'
/home/yuva/Desktop/Arvind/peatio/peatio-master/lib/daemons/amqp_daemon.rb:80:in `<top (required)>'
/home/yuva/.rbenv/versions/2.1.2/lib/ruby/gems/2.1.0/gems/daemons-1.1.9/lib/daemons/application.rb:203:in `load'
/home/yuva/.rbenv/versions/2.1.2/lib/ruby/gems/2.1.0/gems/daemons-1.1.9/lib/daemons/application.rb:203:in `start_load'
/home/yuva/.rbenv/versions/2.1.2/lib/ruby/gems/2.1.0/gems/daemons-1.1.9/lib/daemons/application.rb:298:in `start'
/home/yuva/.rbenv/versions/2.1.2/lib/ruby/gems/2.1.0/gems/daemons-1.1.9/lib/daemons/controller.rb:70:in `run'
/home/yuva/.rbenv/versions/2.1.2/lib/ruby/gems/2.1.0/gems/daemons-1.1.9/lib/daemons.rb:147:in `block in run'
/home/yuva/.rbenv/versions/2.1.2/lib/ruby/gems/2.1.0/gems/daemons-1.1.9/lib/daemons/cmdline.rb:109:in `call'
/home/yuva/.rbenv/versions/2.1.2/lib/ruby/gems/2.1.0/gems/daemons-1.1.9/lib/daemons/cmdline.rb:109:in `catch_exceptions'
/home/yuva/.rbenv/versions/2.1.2/lib/ruby/gems/2.1.0/gems/daemons-1.1.9/lib/daemons.rb:146:in `run'
/home/yuva/.rbenv/versions/2.1.2/lib/ruby/gems/2.1.0/gems/daemons-rails-1.2.1/lib/daemons/rails.rb:16:in `run'
lib/daemons/trade_executor_ctl:17:in `block in <main>'
lib/daemons/trade_executor_ctl:7:in `times'
lib/daemons/trade_executor_ctl:7:in `<main>'
E, [2014-07-15T18:16:17.543878 #8889] ERROR -- : no such frame (ArgumentError)
/home/yuva/.rbenv/versions/2.1.2/lib/ruby/gems/2.1.0/gems/binding_of_caller-0.7.2/lib/binding_of_caller/mri2.rb:25:in `frame_binding'
/home/yuva/.rbenv/versions/2.1.2/lib/ruby/gems/2.1.0/gems/binding_of_caller-0.7.2/lib/binding_of_caller/mri2.rb:25:in `block (2 levels) in callers'
/home/yuva/.rbenv/versions/2.1.2/lib/ruby/gems/2.1.0/gems/binding_of_caller-0.7.2/lib/binding_of_caller/mri2.rb:23:in `loop'
/home/yuva/.rbenv/versions/2.1.2/lib/ruby/gems/2.1.0/gems/binding_of_caller-0.7.2/lib/binding_of_caller/mri2.rb:23:in `block in callers'
/home/yuva/.rbenv/versions/2.1.2/lib/ruby/gems/2.1.0/gems/binding_of_caller-0.7.2/lib/binding_of_caller/mri2.rb:21:in `open'
/home/yuva/.rbenv/versions/2.1.2/lib/ruby/gems/2.1.0/gems/binding_of_caller-0.7.2/lib/binding_of_caller/mri2.rb:21:in `callers'
/home/yuva/.rbenv/versions/2.1.2/lib/ruby/gems/2.1.0/gems/better_errors-1.1.0/lib/better_errors/core_ext/exception.rb:9:in `block in <class:Exception>'
/home/yuva/.rbenv/versions/2.1.2/lib/ruby/gems/2.1.0/gems/bunny-1.2.1/lib/bunny/reader_loop.rb:94:in `raise'
/home/yuva/.rbenv/versions/2.1.2/lib/ruby/gems/2.1.0/gems/bunny-1.2.1/lib/bunny/reader_loop.rb:94:in `raise'
/home/yuva/.rbenv/versions/2.1.2/lib/ruby/gems/2.1.0/gems/bunny-1.2.1/lib/bunny/session.rb:796:in `maybe_shutdown_reader_loop'
/home/yuva/.rbenv/versions/2.1.2/lib/ruby/gems/2.1.0/gems/bunny-1.2.1/lib/bunny/session.rb:705:in `clean_up_on_shutdown'
/home/yuva/.rbenv/versions/2.1.2/lib/ruby/gems/2.1.0/gems/bunny-1.2.1/lib/bunny/session.rb:698:in `clean_up_and_fail_on_connection_close!'
/home/yuva/.rbenv/versions/2.1.2/lib/ruby/gems/2.1.0/gems/bunny-1.2.1/lib/bunny/session.rb:533:in `handle_frame'
/home/yuva/.rbenv/versions/2.1.2/lib/ruby/gems/2.1.0/gems/bunny-1.2.1/lib/bunny/reader_loop.rb:81:in `run_once'
/home/yuva/.rbenv/versions/2.1.2/lib/ruby/gems/2.1.0/gems/bunny-1.2.1/lib/bunny/reader_loop.rb:33:in `block in run_loop'
/home/yuva/.rbenv/versions/2.1.2/lib/ruby/gems/2.1.0/gems/bunny-1.2.1/lib/bunny/reader_loop.rb:30:in `loop'
/home/yuva/.rbenv/versions/2.1.2/lib/ruby/gems/2.1.0/gems/bunny-1.2.1/lib/bunny/reader_loop.rb:30:in `run_loop'
E, [2014-07-15T18:16:17.543933 #8889] ERROR -- : Bunny::ShutdownSignal (Bunny::ShutdownSignal)
/home/yuva/.rbenv/versions/2.1.2/lib/ruby/gems/2.1.0/gems/bunny-1.2.1/lib/bunny/reader_loop.rb:94:in `raise'
/home/yuva/.rbenv/versions/2.1.2/lib/ruby/gems/2.1.0/gems/bunny-1.2.1/lib/bunny/reader_loop.rb:94:in `raise'
/home/yuva/.rbenv/versions/2.1.2/lib/ruby/gems/2.1.0/gems/bunny-1.2.1/lib/bunny/session.rb:796:in `maybe_shutdown_reader_loop'
/home/yuva/.rbenv/versions/2.1.2/lib/ruby/gems/2.1.0/gems/bunny-1.2.1/lib/bunny/session.rb:705:in `clean_up_on_shutdown'
/home/yuva/.rbenv/versions/2.1.2/lib/ruby/gems/2.1.0/gems/bunny-1.2.1/lib/bunny/session.rb:698:in `clean_up_and_fail_on_connection_close!'
/home/yuva/.rbenv/versions/2.1.2/lib/ruby/gems/2.1.0/gems/bunny-1.2.1/lib/bunny/session.rb:533:in `handle_frame'
/home/yuva/.rbenv/versions/2.1.2/lib/ruby/gems/2.1.0/gems/bunny-1.2.1/lib/bunny/reader_loop.rb:81:in `run_once'
/home/yuva/.rbenv/versions/2.1.2/lib/ruby/gems/2.1.0/gems/bunny-1.2.1/lib/bunny/reader_loop.rb:33:in `block in run_loop'
/home/yuva/.rbenv/versions/2.1.2/lib/ruby/gems/2.1.0/gems/bunny-1.2.1/lib/bunny/reader_loop.rb:30:in `loop'
/home/yuva/.rbenv/versions/2.1.2/lib/ruby/gems/2.1.0/gems/bunny-1.2.1/lib/bunny/reader_loop.rb:30:in `run_loop'
E, [2014-07-15T18:16:17.543975 #8889] ERROR -- : Connection-level error: CONNECTION_FORCED - broker forced connection closure with reason 'shutdown' (Bunny::ConnectionForced)
/home/yuva/.rbenv/versions/2.1.2/lib/ruby/gems/2.1.0/gems/bunny-1.2.1/lib/bunny/consumer_work_pool.rb:55:in `join'
/home/yuva/.rbenv/versions/2.1.2/lib/ruby/gems/2.1.0/gems/bunny-1.2.1/lib/bunny/consumer_work_pool.rb:55:in `block in join'
/home/yuva/.rbenv/versions/2.1.2/lib/ruby/gems/2.1.0/gems/bunny-1.2.1/lib/bunny/consumer_work_pool.rb:55:in `each'
/home/yuva/.rbenv/versions/2.1.2/lib/ruby/gems/2.1.0/gems/bunny-1.2.1/lib/bunny/consumer_work_pool.rb:55:in `join'
/home/yuva/Desktop/Arvind/peatio/peatio-master/lib/daemons/amqp_daemon.rb:80:in `<top (required)>'
/home/yuva/.rbenv/versions/2.1.2/lib/ruby/gems/2.1.0/gems/daemons-1.1.9/lib/daemons/application.rb:203:in `load'
/home/yuva/.rbenv/versions/2.1.2/lib/ruby/gems/2.1.0/gems/daemons-1.1.9/lib/daemons/application.rb:203:in `start_load'
/home/yuva/.rbenv/versions/2.1.2/lib/ruby/gems/2.1.0/gems/daemons-1.1.9/lib/daemons/application.rb:298:in `start'
/home/yuva/.rbenv/versions/2.1.2/lib/ruby/gems/2.1.0/gems/daemons-1.1.9/lib/daemons/controller.rb:70:in `run'
/home/yuva/.rbenv/versions/2.1.2/lib/ruby/gems/2.1.0/gems/daemons-1.1.9/lib/daemons.rb:147:in `block in run'
/home/yuva/.rbenv/versions/2.1.2/lib/ruby/gems/2.1.0/gems/daemons-1.1.9/lib/daemons/cmdline.rb:109:in `call'
/home/yuva/.rbenv/versions/2.1.2/lib/ruby/gems/2.1.0/gems/daemons-1.1.9/lib/daemons/cmdline.rb:109:in `catch_exceptions'
/home/yuva/.rbenv/versions/2.1.2/lib/ruby/gems/2.1.0/gems/daemons-1.1.9/lib/daemons.rb:146:in `run'
/home/yuva/.rbenv/versions/2.1.2/lib/ruby/gems/2.1.0/gems/daemons-rails-1.2.1/lib/daemons/rails.rb:16:in `run'
lib/daemons/trade_executor_ctl:17:in `block in <main>'
lib/daemons/trade_executor_ctl:7:in `times'
lib/daemons/trade_executor_ctl:7:in `<main>'
E, [2014-07-15T18:16:17.544027 #8889] ERROR -- : no such frame (ArgumentError)
/home/yuva/.rbenv/versions/2.1.2/lib/ruby/gems/2.1.0/gems/binding_of_caller-0.7.2/lib/binding_of_caller/mri2.rb:25:in `frame_binding'
/home/yuva/.rbenv/versions/2.1.2/lib/ruby/gems/2.1.0/gems/binding_of_caller-0.7.2/lib/binding_of_caller/mri2.rb:25:in `block (2 levels) in callers'
/home/yuva/.rbenv/versions/2.1.2/lib/ruby/gems/2.1.0/gems/binding_of_caller-0.7.2/lib/binding_of_caller/mri2.rb:23:in `loop'
/home/yuva/.rbenv/versions/2.1.2/lib/ruby/gems/2.1.0/gems/binding_of_caller-0.7.2/lib/binding_of_caller/mri2.rb:23:in `block in callers'
/home/yuva/.rbenv/versions/2.1.2/lib/ruby/gems/2.1.0/gems/binding_of_caller-0.7.2/lib/binding_of_caller/mri2.rb:21:in `open'
/home/yuva/.rbenv/versions/2.1.2/lib/ruby/gems/2.1.0/gems/binding_of_caller-0.7.2/lib/binding_of_caller/mri2.rb:21:in `callers'
/home/yuva/.rbenv/versions/2.1.2/lib/ruby/gems/2.1.0/gems/better_errors-1.1.0/lib/better_errors/core_ext/exception.rb:9:in `block in <class:Exception>'
/home/yuva/.rbenv/versions/2.1.2/lib/ruby/gems/2.1.0/gems/bunny-1.2.1/lib/bunny/cruby/socket.rb:41:in `read_nonblock'
/home/yuva/.rbenv/versions/2.1.2/lib/ruby/gems/2.1.0/gems/bunny-1.2.1/lib/bunny/cruby/socket.rb:41:in `block in read_fully'
/home/yuva/.rbenv/versions/2.1.2/lib/ruby/gems/2.1.0/gems/bunny-1.2.1/lib/bunny/cruby/socket.rb:40:in `loop'
/home/yuva/.rbenv/versions/2.1.2/lib/ruby/gems/2.1.0/gems/bunny-1.2.1/lib/bunny/cruby/socket.rb:40:in `read_fully'
/home/yuva/.rbenv/versions/2.1.2/lib/ruby/gems/2.1.0/gems/bunny-1.2.1/lib/bunny/transport.rb:199:in `read_next_frame'
/home/yuva/.rbenv/versions/2.1.2/lib/ruby/gems/2.1.0/gems/bunny-1.2.1/lib/bunny/reader_loop.rb:63:in `run_once'
/home/yuva/.rbenv/versions/2.1.2/lib/ruby/gems/2.1.0/gems/bunny-1.2.1/lib/bunny/reader_loop.rb:33:in `block in run_loop'
/home/yuva/.rbenv/versions/2.1.2/lib/ruby/gems/2.1.0/gems/bunny-1.2.1/lib/bunny/reader_loop.rb:30:in `loop'
/home/yuva/.rbenv/versions/2.1.2/lib/ruby/gems/2.1.0/gems/bunny-1.2.1/lib/bunny/reader_loop.rb:30:in `run_loop'
E, [2014-07-15T18:16:17.544080 #8889] ERROR -- : Resource temporarily unavailable - read would block (IO::EAGAINWaitReadable)
/home/yuva/.rbenv/versions/2.1.2/lib/ruby/gems/2.1.0/gems/bunny-1.2.1/lib/bunny/cruby/socket.rb:41:in `read_nonblock'
/home/yuva/.rbenv/versions/2.1.2/lib/ruby/gems/2.1.0/gems/bunny-1.2.1/lib/bunny/cruby/socket.rb:41:in `block in read_fully'
/home/yuva/.rbenv/versions/2.1.2/lib/ruby/gems/2.1.0/gems/bunny-1.2.1/lib/bunny/cruby/socket.rb:40:in `loop'
/home/yuva/.rbenv/versions/2.1.2/lib/ruby/gems/2.1.0/gems/bunny-1.2.1/lib/bunny/cruby/socket.rb:40:in `read_fully'
/home/yuva/.rbenv/versions/2.1.2/lib/ruby/gems/2.1.0/gems/bunny-1.2.1/lib/bunny/transport.rb:199:in `read_next_frame'
/home/yuva/.rbenv/versions/2.1.2/lib/ruby/gems/2.1.0/gems/bunny-1.2.1/lib/bunny/reader_loop.rb:63:in `run_once'
/home/yuva/.rbenv/versions/2.1.2/lib/ruby/gems/2.1.0/gems/bunny-1.2.1/lib/bunny/reader_loop.rb:33:in `block in run_loop'
/home/yuva/.rbenv/versions/2.1.2/lib/ruby/gems/2.1.0/gems/bunny-1.2.1/lib/bunny/reader_loop.rb:30:in `loop'
/home/yuva/.rbenv/versions/2.1.2/lib/ruby/gems/2.1.0/gems/bunny-1.2.1/lib/bunny/reader_loop.rb:30:in `run_loop'
E, [2014-07-15T18:16:17.544139 #8889] ERROR -- : no such frame (ArgumentError)
/home/yuva/.rbenv/versions/2.1.2/lib/ruby/gems/2.1.0/gems/binding_of_caller-0.7.2/lib/binding_of_caller/mri2.rb:25:in `frame_binding'
/home/yuva/.rbenv/versions/2.1.2/lib/ruby/gems/2.1.0/gems/binding_of_caller-0.7.2/lib/binding_of_caller/mri2.rb:25:in `block (2 levels) in callers'
/home/yuva/.rbenv/versions/2.1.2/lib/ruby/gems/2.1.0/gems/binding_of_caller-0.7.2/lib/binding_of_caller/mri2.rb:23:in `loop'
/home/yuva/.rbenv/versions/2.1.2/lib/ruby/gems/2.1.0/gems/binding_of_caller-0.7.2/lib/binding_of_caller/mri2.rb:23:in `block in callers'
/home/yuva/.rbenv/versions/2.1.2/lib/ruby/gems/2.1.0/gems/binding_of_caller-0.7.2/lib/binding_of_caller/mri2.rb:21:in `open'
/home/yuva/.rbenv/versions/2.1.2/lib/ruby/gems/2.1.0/gems/binding_of_caller-0.7.2/lib/binding_of_caller/mri2.rb:21:in `callers'
/home/yuva/.rbenv/versions/2.1.2/lib/ruby/gems/2.1.0/gems/better_errors-1.1.0/lib/better_errors/core_ext/exception.rb:9:in `block in <class:Exception>'
/home/yuva/.rbenv/versions/2.1.2/lib/ruby/gems/2.1.0/gems/bunny-1.2.1/lib/bunny/cruby/socket.rb:41:in `read_nonblock'
/home/yuva/.rbenv/versions/2.1.2/lib/ruby/gems/2.1.0/gems/bunny-1.2.1/lib/bunny/cruby/socket.rb:41:in `block in read_fully'
/home/yuva/.rbenv/versions/2.1.2/lib/ruby/gems/2.1.0/gems/bunny-1.2.1/lib/bunny/cruby/socket.rb:40:in `loop'
/home/yuva/.rbenv/versions/2.1.2/lib/ruby/gems/2.1.0/gems/bunny-1.2.1/lib/bunny/cruby/socket.rb:40:in `read_fully'
/home/yuva/.rbenv/versions/2.1.2/lib/ruby/gems/2.1.0/gems/bunny-1.2.1/lib/bunny/transport.rb:199:in `read_next_frame'
/home/yuva/.rbenv/versions/2.1.2/lib/ruby/gems/2.1.0/gems/bunny-1.2.1/lib/bunny/reader_loop.rb:63:in `run_once'
/home/yuva/.rbenv/versions/2.1.2/lib/ruby/gems/2.1.0/gems/bunny-1.2.1/lib/bunny/reader_loop.rb:33:in `block in run_loop'
/home/yuva/.rbenv/versions/2.1.2/lib/ruby/gems/2.1.0/gems/bunny-1.2.1/lib/bunny/reader_loop.rb:30:in `loop'
/home/yuva/.rbenv/versions/2.1.2/lib/ruby/gems/2.1.0/gems/bunny-1.2.1/lib/bunny/reader_loop.rb:30:in `run_loop'
E, [2014-07-15T18:16:17.544190 #8889] ERROR -- : Resource temporarily unavailable - read would block (IO::EAGAINWaitReadable)
/home/yuva/.rbenv/versions/2.1.2/lib/ruby/gems/2.1.0/gems/bunny-1.2.1/lib/bunny/cruby/socket.rb:41:in `read_nonblock'
/home/yuva/.rbenv/versions/2.1.2/lib/ruby/gems/2.1.0/gems/bunny-1.2.1/lib/bunny/cruby/socket.rb:41:in `block in read_fully'
/home/yuva/.rbenv/versions/2.1.2/lib/ruby/gems/2.1.0/gems/bunny-1.2.1/lib/bunny/cruby/socket.rb:40:in `loop'
/home/yuva/.rbenv/versions/2.1.2/lib/ruby/gems/2.1.0/gems/bunny-1.2.1/lib/bunny/cruby/socket.rb:40:in `read_fully'
/home/yuva/.rbenv/versions/2.1.2/lib/ruby/gems/2.1.0/gems/bunny-1.2.1/lib/bunny/transport.rb:199:in `read_next_frame'
/home/yuva/.rbenv/versions/2.1.2/lib/ruby/gems/2.1.0/gems/bunny-1.2.1/lib/bunny/reader_loop.rb:63:in `run_once'
/home/yuva/.rbenv/versions/2.1.2/lib/ruby/gems/2.1.0/gems/bunny-1.2.1/lib/bunny/reader_loop.rb:33:in `block in run_loop'
/home/yuva/.rbenv/versions/2.1.2/lib/ruby/gems/2.1.0/gems/bunny-1.2.1/lib/bunny/reader_loop.rb:30:in `loop'
/home/yuva/.rbenv/versions/2.1.2/lib/ruby/gems/2.1.0/gems/bunny-1.2.1/lib/bunny/reader_loop.rb:30:in `run_loop'
E, [2014-07-15T18:16:17.552908 #8889] ERROR -- : no such frame (ArgumentError)
/home/yuva/.rbenv/versions/2.1.2/lib/ruby/gems/2.1.0/gems/binding_of_caller-0.7.2/lib/binding_of_caller/mri2.rb:25:in `frame_binding'
/home/yuva/.rbenv/versions/2.1.2/lib/ruby/gems/2.1.0/gems/binding_of_caller-0.7.2/lib/binding_of_caller/mri2.rb:25:in `block (2 levels) in callers'
/home/yuva/.rbenv/versions/2.1.2/lib/ruby/gems/2.1.0/gems/binding_of_caller-0.7.2/lib/binding_of_caller/mri2.rb:23:in `loop'
/home/yuva/.rbenv/versions/2.1.2/lib/ruby/gems/2.1.0/gems/binding_of_caller-0.7.2/lib/binding_of_caller/mri2.rb:23:in `block in callers'
/home/yuva/.rbenv/versions/2.1.2/lib/ruby/gems/2.1.0/gems/binding_of_caller-0.7.2/lib/binding_of_caller/mri2.rb:21:in `open'
/home/yuva/.rbenv/versions/2.1.2/lib/ruby/gems/2.1.0/gems/binding_of_caller-0.7.2/lib/binding_of_caller/mri2.rb:21:in `callers'
/home/yuva/.rbenv/versions/2.1.2/lib/ruby/gems/2.1.0/gems/better_errors-1.1.0/lib/better_errors/core_ext/exception.rb:9:in `block in <class:Exception>'
/home/yuva/.rbenv/versions/2.1.2/lib/ruby/gems/2.1.0/gems/bunny-1.2.1/lib/bunny/cruby/socket.rb:41:in `read_nonblock'
/home/yuva/.rbenv/versions/2.1.2/lib/ruby/gems/2.1.0/gems/bunny-1.2.1/lib/bunny/cruby/socket.rb:41:in `block in read_fully'
/home/yuva/.rbenv/versions/2.1.2/lib/ruby/gems/2.1.0/gems/bunny-1.2.1/lib/bunny/cruby/socket.rb:40:in `loop'
/home/yuva/.rbenv/versions/2.1.2/lib/ruby/gems/2.1.0/gems/bunny-1.2.1/lib/bunny/cruby/socket.rb:40:in `read_fully'
/home/yuva/.rbenv/versions/2.1.2/lib/ruby/gems/2.1.0/gems/bunny-1.2.1/lib/bunny/transport.rb:199:in `read_next_frame'
/home/yuva/.rbenv/versions/2.1.2/lib/ruby/gems/2.1.0/gems/bunny-1.2.1/lib/bunny/session.rb:990:in `open_connection'
/home/yuva/.rbenv/versions/2.1.2/lib/ruby/gems/2.1.0/gems/bunny-1.2.1/lib/bunny/session.rb:255:in `start'
/home/yuva/Desktop/Arvind/peatio/peatio-master/lib/daemons/amqp_daemon.rb:17:in `<top (required)>'
/home/yuva/.rbenv/versions/2.1.2/lib/ruby/gems/2.1.0/gems/daemons-1.1.9/lib/daemons/application.rb:203:in `load'
/home/yuva/.rbenv/versions/2.1.2/lib/ruby/gems/2.1.0/gems/daemons-1.1.9/lib/daemons/application.rb:203:in `start_load'
/home/yuva/.rbenv/versions/2.1.2/lib/ruby/gems/2.1.0/gems/daemons-1.1.9/lib/daemons/application.rb:298:in `start'
/home/yuva/.rbenv/versions/2.1.2/lib/ruby/gems/2.1.0/gems/daemons-1.1.9/lib/daemons/controller.rb:70:in `run'
/home/yuva/.rbenv/versions/2.1.2/lib/ruby/gems/2.1.0/gems/daemons-1.1.9/lib/daemons.rb:147:in `block in run'
/home/yuva/.rbenv/versions/2.1.2/lib/ruby/gems/2.1.0/gems/daemons-1.1.9/lib/daemons/cmdline.rb:109:in `call'
/home/yuva/.rbenv/versions/2.1.2/lib/ruby/gems/2.1.0/gems/daemons-1.1.9/lib/daemons/cmdline.rb:109:in `catch_exceptions'
/home/yuva/.rbenv/versions/2.1.2/lib/ruby/gems/2.1.0/gems/daemons-1.1.9/lib/daemons.rb:146:in `run'
/home/yuva/.rbenv/versions/2.1.2/lib/ruby/gems/2.1.0/gems/daemons-rails-1.2.1/lib/daemons/rails.rb:16:in `run'
lib/daemons/trade_executor_ctl:17:in `block in <main>'
lib/daemons/trade_executor_ctl:7:in `times'
lib/daemons/trade_executor_ctl:7:in `<main>'
E, [2014-07-15T18:16:17.553065 #8889] ERROR -- : Resource temporarily unavailable - read would block (IO::EAGAINWaitReadable)
/home/yuva/.rbenv/versions/2.1.2/lib/ruby/gems/2.1.0/gems/bunny-1.2.1/lib/bunny/cruby/socket.rb:41:in `read_nonblock'
/home/yuva/.rbenv/versions/2.1.2/lib/ruby/gems/2.1.0/gems/bunny-1.2.1/lib/bunny/cruby/socket.rb:41:in `block in read_fully'
/home/yuva/.rbenv/versions/2.1.2/lib/ruby/gems/2.1.0/gems/bunny-1.2.1/lib/bunny/cruby/socket.rb:40:in `loop'
/home/yuva/.rbenv/versions/2.1.2/lib/ruby/gems/2.1.0/gems/bunny-1.2.1/lib/bunny/cruby/socket.rb:40:in `read_fully'
/home/yuva/.rbenv/versions/2.1.2/lib/ruby/gems/2.1.0/gems/bunny-1.2.1/lib/bunny/transport.rb:199:in `read_next_frame'
/home/yuva/.rbenv/versions/2.1.2/lib/ruby/gems/2.1.0/gems/bunny-1.2.1/lib/bunny/session.rb:990:in `open_connection'
/home/yuva/.rbenv/versions/2.1.2/lib/ruby/gems/2.1.0/gems/bunny-1.2.1/lib/bunny/session.rb:255:in `start'
/home/yuva/Desktop/Arvind/peatio/peatio-master/lib/daemons/amqp_daemon.rb:17:in `<top (required)>'
/home/yuva/.rbenv/versions/2.1.2/lib/ruby/gems/2.1.0/gems/daemons-1.1.9/lib/daemons/application.rb:203:in `load'
/home/yuva/.rbenv/versions/2.1.2/lib/ruby/gems/2.1.0/gems/daemons-1.1.9/lib/daemons/application.rb:203:in `start_load'
/home/yuva/.rbenv/versions/2.1.2/lib/ruby/gems/2.1.0/gems/daemons-1.1.9/lib/daemons/application.rb:298:in `start'
/home/yuva/.rbenv/versions/2.1.2/lib/ruby/gems/2.1.0/gems/daemons-1.1.9/lib/daemons/controller.rb:70:in `run'
/home/yuva/.rbenv/versions/2.1.2/lib/ruby/gems/2.1.0/gems/daemons-1.1.9/lib/daemons.rb:147:in `block in run'
/home/yuva/.rbenv/versions/2.1.2/lib/ruby/gems/2.1.0/gems/daemons-1.1.9/lib/daemons/cmdline.rb:109:in `call'
/home/yuva/.rbenv/versions/2.1.2/lib/ruby/gems/2.1.0/gems/daemons-1.1.9/lib/daemons/cmdline.rb:109:in `catch_exceptions'
/home/yuva/.rbenv/versions/2.1.2/lib/ruby/gems/2.1.0/gems/daemons-1.1.9/lib/daemons.rb:146:in `run'
/home/yuva/.rbenv/versions/2.1.2/lib/ruby/gems/2.1.0/gems/daemons-rails-1.2.1/lib/daemons/rails.rb:16:in `run'
lib/daemons/trade_executor_ctl:17:in `block in <main>'
lib/daemons/trade_executor_ctl:7:in `times'
lib/daemons/trade_executor_ctl:7:in `<main>'
E, [2014-07-15T18:16:17.553132 #8889] ERROR -- : no such frame (ArgumentError)
/home/yuva/.rbenv/versions/2.1.2/lib/ruby/gems/2.1.0/gems/binding_of_caller-0.7.2/lib/binding_of_caller/mri2.rb:25:in `frame_binding'
/home/yuva/.rbenv/versions/2.1.2/lib/ruby/gems/2.1.0/gems/binding_of_caller-0.7.2/lib/binding_of_caller/mri2.rb:25:in `block (2 levels) in callers'
/home/yuva/.rbenv/versions/2.1.2/lib/ruby/gems/2.1.0/gems/binding_of_caller-0.7.2/lib/binding_of_caller/mri2.rb:23:in `loop'
/home/yuva/.rbenv/versions/2.1.2/lib/ruby/gems/2.1.0/gems/binding_of_caller-0.7.2/lib/binding_of_caller/mri2.rb:23:in `block in callers'
/home/yuva/.rbenv/versions/2.1.2/lib/ruby/gems/2.1.0/gems/binding_of_caller-0.7.2/lib/binding_of_caller/mri2.rb:21:in `open'
/home/yuva/.rbenv/versions/2.1.2/lib/ruby/gems/2.1.0/gems/binding_of_caller-0.7.2/lib/binding_of_caller/mri2.rb:21:in `callers'
/home/yuva/.rbenv/versions/2.1.2/lib/ruby/gems/2.1.0/gems/better_errors-1.1.0/lib/better_errors/core_ext/exception.rb:9:in `block in <class:Exception>'
/home/yuva/.rbenv/versions/2.1.2/lib/ruby/gems/2.1.0/gems/bunny-1.2.1/lib/bunny/cruby/socket.rb:41:in `read_nonblock'
/home/yuva/.rbenv/versions/2.1.2/lib/ruby/gems/2.1.0/gems/bunny-1.2.1/lib/bunny/cruby/socket.rb:41:in `block in read_fully'
/home/yuva/.rbenv/versions/2.1.2/lib/ruby/gems/2.1.0/gems/bunny-1.2.1/lib/bunny/cruby/socket.rb:40:in `loop'
/home/yuva/.rbenv/versions/2.1.2/lib/ruby/gems/2.1.0/gems/bunny-1.2.1/lib/bunny/cruby/socket.rb:40:in `read_fully'
/home/yuva/.rbenv/versions/2.1.2/lib/ruby/gems/2.1.0/gems/bunny-1.2.1/lib/bunny/transport.rb:199:in `read_next_frame'
/home/yuva/.rbenv/versions/2.1.2/lib/ruby/gems/2.1.0/gems/bunny-1.2.1/lib/bunny/session.rb:940:in `open_connection'
/home/yuva/.rbenv/versions/2.1.2/lib/ruby/gems/2.1.0/gems/bunny-1.2.1/lib/bunny/session.rb:255:in `start'
/home/yuva/Desktop/Arvind/peatio/peatio-master/lib/daemons/amqp_daemon.rb:17:in `<top (required)>'
/home/yuva/.rbenv/versions/2.1.2/lib/ruby/gems/2.1.0/gems/daemons-1.1.9/lib/daemons/application.rb:203:in `load'
/home/yuva/.rbenv/versions/2.1.2/lib/ruby/gems/2.1.0/gems/daemons-1.1.9/lib/daemons/application.rb:203:in `start_load'
/home/yuva/.rbenv/versions/2.1.2/lib/ruby/gems/2.1.0/gems/daemons-1.1.9/lib/daemons/application.rb:298:in `start'
/home/yuva/.rbenv/versions/2.1.2/lib/ruby/gems/2.1.0/gems/daemons-1.1.9/lib/daemons/controller.rb:70:in `run'
/home/yuva/.rbenv/versions/2.1.2/lib/ruby/gems/2.1.0/gems/daemons-1.1.9/lib/daemons.rb:147:in `block in run'
/home/yuva/.rbenv/versions/2.1.2/lib/ruby/gems/2.1.0/gems/daemons-1.1.9/lib/daemons/cmdline.rb:109:in `call'
/home/yuva/.rbenv/versions/2.1.2/lib/ruby/gems/2.1.0/gems/daemons-1.1.9/lib/daemons/cmdline.rb:109:in `catch_exceptions'
/home/yuva/.rbenv/versions/2.1.2/lib/ruby/gems/2.1.0/gems/daemons-1.1.9/lib/daemons.rb:146:in `run'
/home/yuva/.rbenv/versions/2.1.2/lib/ruby/gems/2.1.0/gems/daemons-rails-1.2.1/lib/daemons/rails.rb:16:in `run'
lib/daemons/trade_executor_ctl:17:in `block in <main>'
lib/daemons/trade_executor_ctl:7:in `times'
lib/daemons/trade_executor_ctl:7:in `<main>'
E, [2014-07-15T18:16:17.553194 #8889] ERROR -- : Resource temporarily unavailable - read would block (IO::EAGAINWaitReadable)
/home/yuva/.rbenv/versions/2.1.2/lib/ruby/gems/2.1.0/gems/bunny-1.2.1/lib/bunny/cruby/socket.rb:41:in `read_nonblock'
/home/yuva/.rbenv/versions/2.1.2/lib/ruby/gems/2.1.0/gems/bunny-1.2.1/lib/bunny/cruby/socket.rb:41:in `block in read_fully'
/home/yuva/.rbenv/versions/2.1.2/lib/ruby/gems/2.1.0/gems/bunny-1.2.1/lib/bunny/cruby/socket.rb:40:in `loop'
/home/yuva/.rbenv/versions/2.1.2/lib/ruby/gems/2.1.0/gems/bunny-1.2.1/lib/bunny/cruby/socket.rb:40:in `read_fully'
/home/yuva/.rbenv/versions/2.1.2/lib/ruby/gems/2.1.0/gems/bunny-1.2.1/lib/bunny/transport.rb:199:in `read_next_frame'
/home/yuva/.rbenv/versions/2.1.2/lib/ruby/gems/2.1.0/gems/bunny-1.2.1/lib/bunny/session.rb:940:in `open_connection'
/home/yuva/.rbenv/versions/2.1.2/lib/ruby/gems/2.1.0/gems/bunny-1.2.1/lib/bunny/session.rb:255:in `start'
/home/yuva/Desktop/Arvind/peatio/peatio-master/lib/daemons/amqp_daemon.rb:17:in `<top (required)>'
/home/yuva/.rbenv/versions/2.1.2/lib/ruby/gems/2.1.0/gems/daemons-1.1.9/lib/daemons/application.rb:203:in `load'
/home/yuva/.rbenv/versions/2.1.2/lib/ruby/gems/2.1.0/gems/daemons-1.1.9/lib/daemons/application.rb:203:in `start_load'
/home/yuva/.rbenv/versions/2.1.2/lib/ruby/gems/2.1.0/gems/daemons-1.1.9/lib/daemons/application.rb:298:in `start'
/home/yuva/.rbenv/versions/2.1.2/lib/ruby/gems/2.1.0/gems/daemons-1.1.9/lib/daemons/controller.rb:70:in `run'
/home/yuva/.rbenv/versions/2.1.2/lib/ruby/gems/2.1.0/gems/daemons-1.1.9/lib/daemons.rb:147:in `block in run'
/home/yuva/.rbenv/versions/2.1.2/lib/ruby/gems/2.1.0/gems/daemons-1.1.9/lib/daemons/cmdline.rb:109:in `call'
/home/yuva/.rbenv/versions/2.1.2/lib/ruby/gems/2.1.0/gems/daemons-1.1.9/lib/daemons/cmdline.rb:109:in `catch_exceptions'
/home/yuva/.rbenv/versions/2.1.2/lib/ruby/gems/2.1.0/gems/daemons-1.1.9/lib/daemons.rb:146:in `run'
/home/yuva/.rbenv/versions/2.1.2/lib/ruby/gems/2.1.0/gems/daemons-rails-1.2.1/lib/daemons/rails.rb:16:in `run'
lib/daemons/trade_executor_ctl:17:in `block in <main>'
lib/daemons/trade_executor_ctl:7:in `times'
lib/daemons/trade_executor_ctl:7:in `<main>'
E, [2014-07-15T18:16:17.553277 #8889] ERROR -- : no such frame (ArgumentError)
/home/yuva/.rbenv/versions/2.1.2/lib/ruby/gems/2.1.0/gems/binding_of_caller-0.7.2/lib/binding_of_caller/mri2.rb:25:in `frame_binding'
/home/yuva/.rbenv/versions/2.1.2/lib/ruby/gems/2.1.0/gems/binding_of_caller-0.7.2/lib/binding_of_caller/mri2.rb:25:in `block (2 levels) in callers'
/home/yuva/.rbenv/versions/2.1.2/lib/ruby/gems/2.1.0/gems/binding_of_caller-0.7.2/lib/binding_of_caller/mri2.rb:23:in `loop'
/home/yuva/.rbenv/versions/2.1.2/lib/ruby/gems/2.1.0/gems/binding_of_caller-0.7.2/lib/binding_of_caller/mri2.rb:23:in `block in callers'
/home/yuva/.rbenv/versions/2.1.2/lib/ruby/gems/2.1.0/gems/binding_of_caller-0.7.2/lib/binding_of_caller/mri2.rb:21:in `open'
/home/yuva/.rbenv/versions/2.1.2/lib/ruby/gems/2.1.0/gems/binding_of_caller-0.7.2/lib/binding_of_caller/mri2.rb:21:in `callers'
/home/yuva/.rbenv/versions/2.1.2/lib/ruby/gems/2.1.0/gems/better_errors-1.1.0/lib/better_errors/core_ext/exception.rb:9:in `block in <class:Exception>'
/home/yuva/.rbenv/versions/2.1.2/lib/ruby/gems/2.1.0/gems/bunny-1.2.1/lib/bunny/cruby/socket.rb:41:in `read_nonblock'
/home/yuva/.rbenv/versions/2.1.2/lib/ruby/gems/2.1.0/gems/bunny-1.2.1/lib/bunny/cruby/socket.rb:41:in `block in read_fully'
/home/yuva/.rbenv/versions/2.1.2/lib/ruby/gems/2.1.0/gems/bunny-1.2.1/lib/bunny/cruby/socket.rb:40:in `loop'
/home/yuva/.rbenv/versions/2.1.2/lib/ruby/gems/2.1.0/gems/bunny-1.2.1/lib/bunny/cruby/socket.rb:40:in `read_fully'
/home/yuva/.rbenv/versions/2.1.2/lib/ruby/gems/2.1.0/gems/bunny-1.2.1/lib/bunny/transport.rb:199:in `read_next_frame'
/home/yuva/.rbenv/versions/2.1.2/lib/ruby/gems/2.1.0/gems/bunny-1.2.1/lib/bunny/session.rb:923:in `init_connection'
/home/yuva/.rbenv/versions/2.1.2/lib/ruby/gems/2.1.0/gems/bunny-1.2.1/lib/bunny/session.rb:254:in `start'
/home/yuva/Desktop/Arvind/peatio/peatio-master/lib/daemons/amqp_daemon.rb:17:in `<top (required)>'
/home/yuva/.rbenv/versions/2.1.2/lib/ruby/gems/2.1.0/gems/daemons-1.1.9/lib/daemons/application.rb:203:in `load'
/home/yuva/.rbenv/versions/2.1.2/lib/ruby/gems/2.1.0/gems/daemons-1.1.9/lib/daemons/application.rb:203:in `start_load'
/home/yuva/.rbenv/versions/2.1.2/lib/ruby/gems/2.1.0/gems/daemons-1.1.9/lib/daemons/application.rb:298:in `start'
/home/yuva/.rbenv/versions/2.1.2/lib/ruby/gems/2.1.0/gems/daemons-1.1.9/lib/daemons/controller.rb:70:in `run'
/home/yuva/.rbenv/versions/2.1.2/lib/ruby/gems/2.1.0/gems/daemons-1.1.9/lib/daemons.rb:147:in `block in run'
/home/yuva/.rbenv/versions/2.1.2/lib/ruby/gems/2.1.0/gems/daemons-1.1.9/lib/daemons/cmdline.rb:109:in `call'
/home/yuva/.rbenv/versions/2.1.2/lib/ruby/gems/2.1.0/gems/daemons-1.1.9/lib/daemons/cmdline.rb:109:in `catch_exceptions'
/home/yuva/.rbenv/versions/2.1.2/lib/ruby/gems/2.1.0/gems/daemons-1.1.9/lib/daemons.rb:146:in `run'
/home/yuva/.rbenv/versions/2.1.2/lib/ruby/gems/2.1.0/gems/daemons-rails-1.2.1/lib/daemons/rails.rb:16:in `run'
lib/daemons/trade_executor_ctl:17:in `block in <main>'
lib/daemons/trade_executor_ctl:7:in `times'
lib/daemons/trade_executor_ctl:7:in `<main>'
E, [2014-07-15T18:16:17.553341 #8889] ERROR -- : no such frame (ArgumentError)
/home/yuva/.rbenv/versions/2.1.2/lib/ruby/gems/2.1.0/gems/binding_of_caller-0.7.2/lib/binding_of_caller/mri2.rb:25:in `frame_binding'
/home/yuva/.rbenv/versions/2.1.2/lib/ruby/gems/2.1.0/gems/binding_of_caller-0.7.2/lib/binding_of_caller/mri2.rb:25:in `block (2 levels) in callers'
/home/yuva/.rbenv/versions/2.1.2/lib/ruby/gems/2.1.0/gems/binding_of_caller-0.7.2/lib/binding_of_caller/mri2.rb:23:in `loop'
/home/yuva/.rbenv/versions/2.1.2/lib/ruby/gems/2.1.0/gems/binding_of_caller-0.7.2/lib/binding_of_caller/mri2.rb:23:in `block in callers'
/home/yuva/.rbenv/versions/2.1.2/lib/ruby/gems/2.1.0/gems/binding_of_caller-0.7.2/lib/binding_of_caller/mri2.rb:21:in `open'
/home/yuva/.rbenv/versions/2.1.2/lib/ruby/gems/2.1.0/gems/binding_of_caller-0.7.2/lib/binding_of_caller/mri2.rb:21:in `callers'
/home/yuva/.rbenv/versions/2.1.2/lib/ruby/gems/2.1.0/gems/better_errors-1.1.0/lib/better_errors/core_ext/exception.rb:9:in `block in <class:Exception>'
/home/yuva/.rbenv/versions/2.1.2/lib/ruby/gems/2.1.0/gems/bunny-1.2.1/lib/bunny/cruby/socket.rb:41:in `read_nonblock'
/home/yuva/.rbenv/versions/2.1.2/lib/ruby/gems/2.1.0/gems/bunny-1.2.1/lib/bunny/cruby/socket.rb:41:in `block in read_fully'
/home/yuva/.rbenv/versions/2.1.2/lib/ruby/gems/2.1.0/gems/bunny-1.2.1/lib/bunny/cruby/socket.rb:40:in `loop'
/home/yuva/.rbenv/versions/2.1.2/lib/ruby/gems/2.1.0/gems/bunny-1.2.1/lib/bunny/cruby/socket.rb:40:in `read_fully'
/home/yuva/.rbenv/versions/2.1.2/lib/ruby/gems/2.1.0/gems/bunny-1.2.1/lib/bunny/transport.rb:199:in `read_next_frame'
/home/yuva/.rbenv/versions/2.1.2/lib/ruby/gems/2.1.0/gems/bunny-1.2.1/lib/bunny/reader_loop.rb:63:in `run_once'
/home/yuva/.rbenv/versions/2.1.2/lib/ruby/gems/2.1.0/gems/bunny-1.2.1/lib/bunny/reader_loop.rb:33:in `block in run_loop'
/home/yuva/.rbenv/versions/2.1.2/lib/ruby/gems/2.1.0/gems/bunny-1.2.1/lib/bunny/reader_loop.rb:30:in `loop'
/home/yuva/.rbenv/versions/2.1.2/lib/ruby/gems/2.1.0/gems/bunny-1.2.1/lib/bunny/reader_loop.rb:30:in `run_loop'
E, [2014-07-15T18:16:17.553394 #8889] ERROR -- : Resource temporarily unavailable - read would block (IO::EAGAINWaitReadable)
/home/yuva/.rbenv/versions/2.1.2/lib/ruby/gems/2.1.0/gems/bunny-1.2.1/lib/bunny/cruby/socket.rb:41:in `read_nonblock'
/home/yuva/.rbenv/versions/2.1.2/lib/ruby/gems/2.1.0/gems/bunny-1.2.1/lib/bunny/cruby/socket.rb:41:in `block in read_fully'
/home/yuva/.rbenv/versions/2.1.2/lib/ruby/gems/2.1.0/gems/bunny-1.2.1/lib/bunny/cruby/socket.rb:40:in `loop'
/home/yuva/.rbenv/versions/2.1.2/lib/ruby/gems/2.1.0/gems/bunny-1.2.1/lib/bunny/cruby/socket.rb:40:in `read_fully'
/home/yuva/.rbenv/versions/2.1.2/lib/ruby/gems/2.1.0/gems/bunny-1.2.1/lib/bunny/transport.rb:199:in `read_next_frame'
/home/yuva/.rbenv/versions/2.1.2/lib/ruby/gems/2.1.0/gems/bunny-1.2.1/lib/bunny/reader_loop.rb:63:in `run_once'
/home/yuva/.rbenv/versions/2.1.2/lib/ruby/gems/2.1.0/gems/bunny-1.2.1/lib/bunny/reader_loop.rb:33:in `block in run_loop'
/home/yuva/.rbenv/versions/2.1.2/lib/ruby/gems/2.1.0/gems/bunny-1.2.1/lib/bunny/reader_loop.rb:30:in `loop'
/home/yuva/.rbenv/versions/2.1.2/lib/ruby/gems/2.1.0/gems/bunny-1.2.1/lib/bunny/reader_loop.rb:30:in `run_loop'
E, [2014-07-15T18:16:17.553447 #8889] ERROR -- : no such frame (ArgumentError)
/home/yuva/.rbenv/versions/2.1.2/lib/ruby/gems/2.1.0/gems/binding_of_caller-0.7.2/lib/binding_of_caller/mri2.rb:25:in `frame_binding'
/home/yuva/.rbenv/versions/2.1.2/lib/ruby/gems/2.1.0/gems/binding_of_caller-0.7.2/lib/binding_of_caller/mri2.rb:25:in `block (2 levels) in callers'
/home/yuva/.rbenv/versions/2.1.2/lib/ruby/gems/2.1.0/gems/binding_of_caller-0.7.2/lib/binding_of_caller/mri2.rb:23:in `loop'
/home/yuva/.rbenv/versions/2.1.2/lib/ruby/gems/2.1.0/gems/binding_of_caller-0.7.2/lib/binding_of_caller/mri2.rb:23:in `block in callers'
/home/yuva/.rbenv/versions/2.1.2/lib/ruby/gems/2.1.0/gems/binding_of_caller-0.7.2/lib/binding_of_caller/mri2.rb:21:in `open'
/home/yuva/.rbenv/versions/2.1.2/lib/ruby/gems/2.1.0/gems/binding_of_caller-0.7.2/lib/binding_of_caller/mri2.rb:21:in `callers'
/home/yuva/.rbenv/versions/2.1.2/lib/ruby/gems/2.1.0/gems/better_errors-1.1.0/lib/better_errors/core_ext/exception.rb:9:in `block in <class:Exception>'
/home/yuva/.rbenv/versions/2.1.2/lib/ruby/gems/2.1.0/gems/bunny-1.2.1/lib/bunny/cruby/socket.rb:41:in `read_nonblock'
/home/yuva/.rbenv/versions/2.1.2/lib/ruby/gems/2.1.0/gems/bunny-1.2.1/lib/bunny/cruby/socket.rb:41:in `block in read_fully'
/home/yuva/.rbenv/versions/2.1.2/lib/ruby/gems/2.1.0/gems/bunny-1.2.1/lib/bunny/cruby/socket.rb:40:in `loop'
/home/yuva/.rbenv/versions/2.1.2/lib/ruby/gems/2.1.0/gems/bunny-1.2.1/lib/bunny/cruby/socket.rb:40:in `read_fully'
/home/yuva/.rbenv/versions/2.1.2/lib/ruby/gems/2.1.0/gems/bunny-1.2.1/lib/bunny/transport.rb:199:in `read_next_frame'
/home/yuva/.rbenv/versions/2.1.2/lib/ruby/gems/2.1.0/gems/bunny-1.2.1/lib/bunny/reader_loop.rb:63:in `run_once'
/home/yuva/.rbenv/versions/2.1.2/lib/ruby/gems/2.1.0/gems/bunny-1.2.1/lib/bunny/reader_loop.rb:33:in `block in run_loop'
/home/yuva/.rbenv/versions/2.1.2/lib/ruby/gems/2.1.0/gems/bunny-1.2.1/lib/bunny/reader_loop.rb:30:in `loop'
/home/yuva/.rbenv/versions/2.1.2/lib/ruby/gems/2.1.0/gems/bunny-1.2.1/lib/bunny/reader_loop.rb:30:in `run_loop'
E, [2014-07-15T18:16:17.553498 #8889] ERROR -- : Resource temporarily unavailable - read would block (IO::EAGAINWaitReadable)
/home/yuva/.rbenv/versions/2.1.2/lib/ruby/gems/2.1.0/gems/bunny-1.2.1/lib/bunny/cruby/socket.rb:41:in `read_nonblock'
/home/yuva/.rbenv/versions/2.1.2/lib/ruby/gems/2.1.0/gems/bunny-1.2.1/lib/bunny/cruby/socket.rb:41:in `block in read_fully'
/home/yuva/.rbenv/versions/2.1.2/lib/ruby/gems/2.1.0/gems/bunny-1.2.1/lib/bunny/cruby/socket.rb:40:in `loop'
/home/yuva/.rbenv/versions/2.1.2/lib/ruby/gems/2.1.0/gems/bunny-1.2.1/lib/bunny/cruby/socket.rb:40:in `read_fully'
/home/yuva/.rbenv/versions/2.1.2/lib/ruby/gems/2.1.0/gems/bunny-1.2.1/lib/bunny/transport.rb:199:in `read_next_frame'
/home/yuva/.rbenv/versions/2.1.2/lib/ruby/gems/2.1.0/gems/bunny-1.2.1/lib/bunny/reader_loop.rb:63:in `run_once'
/home/yuva/.rbenv/versions/2.1.2/lib/ruby/gems/2.1.0/gems/bunny-1.2.1/lib/bunny/reader_loop.rb:33:in `block in run_loop'
/home/yuva/.rbenv/versions/2.1.2/lib/ruby/gems/2.1.0/gems/bunny-1.2.1/lib/bunny/reader_loop.rb:30:in `loop'
/home/yuva/.rbenv/versions/2.1.2/lib/ruby/gems/2.1.0/gems/bunny-1.2.1/lib/bunny/reader_loop.rb:30:in `run_loop'
E, [2014-07-15T18:16:17.553555 #8889] ERROR -- : no such frame (ArgumentError)
/home/yuva/.rbenv/versions/2.1.2/lib/ruby/gems/2.1.0/gems/binding_of_caller-0.7.2/lib/binding_of_caller/mri2.rb:25:in `frame_binding'
/home/yuva/.rbenv/versions/2.1.2/lib/ruby/gems/2.1.0/gems/binding_of_caller-0.7.2/lib/binding_of_caller/mri2.rb:25:in `block (2 levels) in callers'
/home/yuva/.rbenv/versions/2.1.2/lib/ruby/gems/2.1.0/gems/binding_of_caller-0.7.2/lib/binding_of_caller/mri2.rb:23:in `loop'
/home/yuva/.rbenv/versions/2.1.2/lib/ruby/gems/2.1.0/gems/binding_of_caller-0.7.2/lib/binding_of_caller/mri2.rb:23:in `block in callers'
/home/yuva/.rbenv/versions/2.1.2/lib/ruby/gems/2.1.0/gems/binding_of_caller-0.7.2/lib/binding_of_caller/mri2.rb:21:in `open'
/home/yuva/.rbenv/versions/2.1.2/lib/ruby/gems/2.1.0/gems/binding_of_caller-0.7.2/lib/binding_of_caller/mri2.rb:21:in `callers'
/home/yuva/.rbenv/versions/2.1.2/lib/ruby/gems/2.1.0/gems/better_errors-1.1.0/lib/better_errors/core_ext/exception.rb:9:in `block in <class:Exception>'
/home/yuva/.rbenv/versions/2.1.2/lib/ruby/gems/2.1.0/gems/bunny-1.2.1/lib/bunny/cruby/socket.rb:41:in `read_nonblock'
/home/yuva/.rbenv/versions/2.1.2/lib/ruby/gems/2.1.0/gems/bunny-1.2.1/lib/bunny/cruby/socket.rb:41:in `block in read_fully'
/home/yuva/.rbenv/versions/2.1.2/lib/ruby/gems/2.1.0/gems/bunny-1.2.1/lib/bunny/cruby/socket.rb:40:in `loop'
/home/yuva/.rbenv/versions/2.1.2/lib/ruby/gems/2.1.0/gems/bunny-1.2.1/lib/bunny/cruby/socket.rb:40:in `read_fully'
/home/yuva/.rbenv/versions/2.1.2/lib/ruby/gems/2.1.0/gems/bunny-1.2.1/lib/bunny/transport.rb:199:in `read_next_frame'
/home/yuva/.rbenv/versions/2.1.2/lib/ruby/gems/2.1.0/gems/bunny-1.2.1/lib/bunny/reader_loop.rb:63:in `run_once'
/home/yuva/.rbenv/versions/2.1.2/lib/ruby/gems/2.1.0/gems/bunny-1.2.1/lib/bunny/reader_loop.rb:33:in `block in run_loop'
/home/yuva/.rbenv/versions/2.1.2/lib/ruby/gems/2.1.0/gems/bunny-1.2.1/lib/bunny/reader_loop.rb:30:in `loop'
/home/yuva/.rbenv/versions/2.1.2/lib/ruby/gems/2.1.0/gems/bunny-1.2.1/lib/bunny/reader_loop.rb:30:in `run_loop'
E, [2014-07-15T18:16:17.553602 #8889] ERROR -- : Resource temporarily unavailable - read would block (IO::EAGAINWaitReadable)
/home/yuva/.rbenv/versions/2.1.2/lib/ruby/gems/2.1.0/gems/bunny-1.2.1/lib/bunny/cruby/socket.rb:41:in `read_nonblock'
/home/yuva/.rbenv/versions/2.1.2/lib/ruby/gems/2.1.0/gems/bunny-1.2.1/lib/bunny/cruby/socket.rb:41:in `block in read_fully'
/home/yuva/.rbenv/versions/2.1.2/lib/ruby/gems/2.1.0/gems/bunny-1.2.1/lib/bunny/cruby/socket.rb:40:in `loop'
/home/yuva/.rbenv/versions/2.1.2/lib/ruby/gems/2.1.0/gems/bunny-1.2.1/lib/bunny/cruby/socket.rb:40:in `read_fully'
/home/yuva/.rbenv/versions/2.1.2/lib/ruby/gems/2.1.0/gems/bunny-1.2.1/lib/bunny/transport.rb:199:in `read_next_frame'
/home/yuva/.rbenv/versions/2.1.2/lib/ruby/gems/2.1.0/gems/bunny-1.2.1/lib/bunny/reader_loop.rb:63:in `run_once'
/home/yuva/.rbenv/versions/2.1.2/lib/ruby/gems/2.1.0/gems/bunny-1.2.1/lib/bunny/reader_loop.rb:33:in `block in run_loop'
/home/yuva/.rbenv/versions/2.1.2/lib/ruby/gems/2.1.0/gems/bunny-1.2.1/lib/bunny/reader_loop.rb:30:in `loop'
/home/yuva/.rbenv/versions/2.1.2/lib/ruby/gems/2.1.0/gems/bunny-1.2.1/lib/bunny/reader_loop.rb:30:in `run_loop'
E, [2014-07-15T18:16:17.553652 #8889] ERROR -- : no such frame (ArgumentError)
/home/yuva/.rbenv/versions/2.1.2/lib/ruby/gems/2.1.0/gems/binding_of_caller-0.7.2/lib/binding_of_caller/mri2.rb:25:in `frame_binding'
/home/yuva/.rbenv/versions/2.1.2/lib/ruby/gems/2.1.0/gems/binding_of_caller-0.7.2/lib/binding_of_caller/mri2.rb:25:in `block (2 levels) in callers'
/home/yuva/.rbenv/versions/2.1.2/lib/ruby/gems/2.1.0/gems/binding_of_caller-0.7.2/lib/binding_of_caller/mri2.rb:23:in `loop'
/home/yuva/.rbenv/versions/2.1.2/lib/ruby/gems/2.1.0/gems/binding_of_caller-0.7.2/lib/binding_of_caller/mri2.rb:23:in `block in callers'
/home/yuva/.rbenv/versions/2.1.2/lib/ruby/gems/2.1.0/gems/binding_of_caller-0.7.2/lib/binding_of_caller/mri2.rb:21:in `open'
/home/yuva/.rbenv/versions/2.1.2/lib/ruby/gems/2.1.0/gems/binding_of_caller-0.7.2/lib/binding_of_caller/mri2.rb:21:in `callers'
/home/yuva/.rbenv/versions/2.1.2/lib/ruby/gems/2.1.0/gems/better_errors-1.1.0/lib/better_errors/core_ext/exception.rb:9:in `block in <class:Exception>'
/home/yuva/.rbenv/versions/2.1.2/lib/ruby/gems/2.1.0/gems/bunny-1.2.1/lib/bunny/cruby/socket.rb:41:in `read_nonblock'
/home/yuva/.rbenv/versions/2.1.2/lib/ruby/gems/2.1.0/gems/bunny-1.2.1/lib/bunny/cruby/socket.rb:41:in `block in read_fully'
/home/yuva/.rbenv/versions/2.1.2/lib/ruby/gems/2.1.0/gems/bunny-1.2.1/lib/bunny/cruby/socket.rb:40:in `loop'
/home/yuva/.rbenv/versions/2.1.2/lib/ruby/gems/2.1.0/gems/bunny-1.2.1/lib/bunny/cruby/socket.rb:40:in `read_fully'
/home/yuva/.rbenv/versions/2.1.2/lib/ruby/gems/2.1.0/gems/bunny-1.2.1/lib/bunny/transport.rb:199:in `read_next_frame'
/home/yuva/.rbenv/versions/2.1.2/lib/ruby/gems/2.1.0/gems/bunny-1.2.1/lib/bunny/reader_loop.rb:63:in `run_once'
/home/yuva/.rbenv/versions/2.1.2/lib/ruby/gems/2.1.0/gems/bunny-1.2.1/lib/bunny/reader_loop.rb:33:in `block in run_loop'
/home/yuva/.rbenv/versions/2.1.2/lib/ruby/gems/2.1.0/gems/bunny-1.2.1/lib/bunny/reader_loop.rb:30:in `loop'
/home/yuva/.rbenv/versions/2.1.2/lib/ruby/gems/2.1.0/gems/bunny-1.2.1/lib/bunny/reader_loop.rb:30:in `run_loop'
E, [2014-07-15T18:16:17.553700 #8889] ERROR -- : Resource temporarily unavailable - read would block (IO::EAGAINWaitReadable)
/home/yuva/.rbenv/versions/2.1.2/lib/ruby/gems/2.1.0/gems/bunny-1.2.1/lib/bunny/cruby/socket.rb:41:in `read_nonblock'
/home/yuva/.rbenv/versions/2.1.2/lib/ruby/gems/2.1.0/gems/bunny-1.2.1/lib/bunny/cruby/socket.rb:41:in `block in read_fully'
/home/yuva/.rbenv/versions/2.1.2/lib/ruby/gems/2.1.0/gems/bunny-1.2.1/lib/bunny/cruby/socket.rb:40:in `loop'
/home/yuva/.rbenv/versions/2.1.2/lib/ruby/gems/2.1.0/gems/bunny-1.2.1/lib/bunny/cruby/socket.rb:40:in `read_fully'
/home/yuva/.rbenv/versions/2.1.2/lib/ruby/gems/2.1.0/gems/bunny-1.2.1/lib/bunny/transport.rb:199:in `read_next_frame'
/home/yuva/.rbenv/versions/2.1.2/lib/ruby/gems/2.1.0/gems/bunny-1.2.1/lib/bunny/reader_loop.rb:63:in `run_once'
/home/yuva/.rbenv/versions/2.1.2/lib/ruby/gems/2.1.0/gems/bunny-1.2.1/lib/bunny/reader_loop.rb:33:in `block in run_loop'
/home/yuva/.rbenv/versions/2.1.2/lib/ruby/gems/2.1.0/gems/bunny-1.2.1/lib/bunny/reader_loop.rb:30:in `loop'
/home/yuva/.rbenv/versions/2.1.2/lib/ruby/gems/2.1.0/gems/bunny-1.2.1/lib/bunny/reader_loop.rb:30:in `run_loop'
