peatio:amqp:deposit_coin: process with pid 16733 started.
/home/yuva/.rvm/gems/ruby-2.1.1/gems/amq-protocol-1.9.2/lib/amq/protocol/frame.rb:64:in `decode_header': Must be one of [:method, :headers, :body, :heartbeat] (AMQ::Protocol::FrameTypeError)
	from /home/yuva/.rvm/gems/ruby-2.1.1/gems/bunny-1.2.1/lib/bunny/transport.rb:208:in `read_next_frame'
	from /home/yuva/.rvm/gems/ruby-2.1.1/gems/bunny-1.2.1/lib/bunny/session.rb:923:in `init_connection'
	from /home/yuva/.rvm/gems/ruby-2.1.1/gems/bunny-1.2.1/lib/bunny/session.rb:254:in `start'
	from /home/yuva/Desktop/arvind/peatio/peatio-master/lib/daemons/amqp_daemon.rb:17:in `<top (required)>'
	from /home/yuva/.rvm/gems/ruby-2.1.1/gems/daemons-1.1.9/lib/daemons/application.rb:203:in `load'
	from /home/yuva/.rvm/gems/ruby-2.1.1/gems/daemons-1.1.9/lib/daemons/application.rb:203:in `start_load'
	from /home/yuva/.rvm/gems/ruby-2.1.1/gems/daemons-1.1.9/lib/daemons/application.rb:298:in `start'
	from /home/yuva/.rvm/gems/ruby-2.1.1/gems/daemons-1.1.9/lib/daemons/controller.rb:70:in `run'
	from /home/yuva/.rvm/gems/ruby-2.1.1/gems/daemons-1.1.9/lib/daemons.rb:147:in `block in run'
	from /home/yuva/.rvm/gems/ruby-2.1.1/gems/daemons-1.1.9/lib/daemons/cmdline.rb:109:in `call'
	from /home/yuva/.rvm/gems/ruby-2.1.1/gems/daemons-1.1.9/lib/daemons/cmdline.rb:109:in `catch_exceptions'
	from /home/yuva/.rvm/gems/ruby-2.1.1/gems/daemons-1.1.9/lib/daemons.rb:146:in `run'
	from /home/yuva/.rvm/gems/ruby-2.1.1/gems/daemons-rails-1.2.1/lib/daemons/rails.rb:16:in `run'
	from lib/daemons/deposit_coin_ctl:11:in `<main>'
peatio:amqp:deposit_coin: process with pid 22146 started.
peatio:amqp:deposit_coin: process with pid 2978 started.
I, [2014-07-10T18:08:42.756354 #2978]  INFO -- : Connected to AMQP broker (prefetch: default)
I, [2014-07-10T18:18:22.994874 #2978]  INFO -- : Received: {"payment_address_id":1,"currency":"btc"}
F, [2014-07-10T18:18:32.190972 #2978] FATAL -- : CoinRPC::ConnectionRefusedError (CoinRPC::ConnectionRefusedError)
/home/yuva/Desktop/arvind/peatio/peatio-master/app/services/coin_rpc.rb:40:in `rescue in http_post_request'
/home/yuva/Desktop/arvind/peatio/peatio-master/app/services/coin_rpc.rb:33:in `http_post_request'
/home/yuva/Desktop/arvind/peatio/peatio-master/app/services/coin_rpc.rb:25:in `method_missing'
/home/yuva/Desktop/arvind/peatio/peatio-master/app/models/worker/deposit_coin_address.rb:11:in `process'
/home/yuva/Desktop/arvind/peatio/peatio-master/lib/daemons/amqp_daemon.rb:61:in `block (2 levels) in <top (required)>'
/home/yuva/.rvm/gems/ruby-2.1.2/gems/bunny-1.2.1/lib/bunny/consumer.rb:56:in `call'
/home/yuva/.rvm/gems/ruby-2.1.2/gems/bunny-1.2.1/lib/bunny/consumer.rb:56:in `call'
/home/yuva/.rvm/gems/ruby-2.1.2/gems/bunny-1.2.1/lib/bunny/channel.rb:1672:in `block in handle_frameset'
/home/yuva/.rvm/gems/ruby-2.1.2/gems/bunny-1.2.1/lib/bunny/consumer_work_pool.rb:84:in `call'
/home/yuva/.rvm/gems/ruby-2.1.2/gems/bunny-1.2.1/lib/bunny/consumer_work_pool.rb:84:in `block (2 levels) in run_loop'
/home/yuva/.rvm/gems/ruby-2.1.2/gems/bunny-1.2.1/lib/bunny/consumer_work_pool.rb:80:in `loop'
/home/yuva/.rvm/gems/ruby-2.1.2/gems/bunny-1.2.1/lib/bunny/consumer_work_pool.rb:80:in `block in run_loop'
/home/yuva/.rvm/gems/ruby-2.1.2/gems/bunny-1.2.1/lib/bunny/consumer_work_pool.rb:79:in `catch'
/home/yuva/.rvm/gems/ruby-2.1.2/gems/bunny-1.2.1/lib/bunny/consumer_work_pool.rb:79:in `run_loop'
F, [2014-07-10T18:18:32.191146 #2978] FATAL -- : /home/yuva/Desktop/arvind/peatio/peatio-master/app/services/coin_rpc.rb:40:in `rescue in http_post_request'
/home/yuva/Desktop/arvind/peatio/peatio-master/app/services/coin_rpc.rb:33:in `http_post_request'
/home/yuva/Desktop/arvind/peatio/peatio-master/app/services/coin_rpc.rb:25:in `method_missing'
/home/yuva/Desktop/arvind/peatio/peatio-master/app/models/worker/deposit_coin_address.rb:11:in `process'
/home/yuva/Desktop/arvind/peatio/peatio-master/lib/daemons/amqp_daemon.rb:61:in `block (2 levels) in <top (required)>'
/home/yuva/.rvm/gems/ruby-2.1.2/gems/bunny-1.2.1/lib/bunny/consumer.rb:56:in `call'
/home/yuva/.rvm/gems/ruby-2.1.2/gems/bunny-1.2.1/lib/bunny/consumer.rb:56:in `call'
/home/yuva/.rvm/gems/ruby-2.1.2/gems/bunny-1.2.1/lib/bunny/channel.rb:1672:in `block in handle_frameset'
/home/yuva/.rvm/gems/ruby-2.1.2/gems/bunny-1.2.1/lib/bunny/consumer_work_pool.rb:84:in `call'
/home/yuva/.rvm/gems/ruby-2.1.2/gems/bunny-1.2.1/lib/bunny/consumer_work_pool.rb:84:in `block (2 levels) in run_loop'
/home/yuva/.rvm/gems/ruby-2.1.2/gems/bunny-1.2.1/lib/bunny/consumer_work_pool.rb:80:in `loop'
/home/yuva/.rvm/gems/ruby-2.1.2/gems/bunny-1.2.1/lib/bunny/consumer_work_pool.rb:80:in `block in run_loop'
/home/yuva/.rvm/gems/ruby-2.1.2/gems/bunny-1.2.1/lib/bunny/consumer_work_pool.rb:79:in `catch'
/home/yuva/.rvm/gems/ruby-2.1.2/gems/bunny-1.2.1/lib/bunny/consumer_work_pool.rb:79:in `run_loop'
I, [2014-07-10T18:18:32.191266 #2978]  INFO -- : Received: {"payment_address_id":1,"currency":"btc"}
F, [2014-07-10T18:18:32.220806 #2978] FATAL -- : CoinRPC::ConnectionRefusedError (CoinRPC::ConnectionRefusedError)
/home/yuva/Desktop/arvind/peatio/peatio-master/app/services/coin_rpc.rb:40:in `rescue in http_post_request'
/home/yuva/Desktop/arvind/peatio/peatio-master/app/services/coin_rpc.rb:33:in `http_post_request'
/home/yuva/Desktop/arvind/peatio/peatio-master/app/services/coin_rpc.rb:25:in `method_missing'
/home/yuva/Desktop/arvind/peatio/peatio-master/app/models/worker/deposit_coin_address.rb:11:in `process'
/home/yuva/Desktop/arvind/peatio/peatio-master/lib/daemons/amqp_daemon.rb:61:in `block (2 levels) in <top (required)>'
/home/yuva/.rvm/gems/ruby-2.1.2/gems/bunny-1.2.1/lib/bunny/consumer.rb:56:in `call'
/home/yuva/.rvm/gems/ruby-2.1.2/gems/bunny-1.2.1/lib/bunny/consumer.rb:56:in `call'
/home/yuva/.rvm/gems/ruby-2.1.2/gems/bunny-1.2.1/lib/bunny/channel.rb:1672:in `block in handle_frameset'
/home/yuva/.rvm/gems/ruby-2.1.2/gems/bunny-1.2.1/lib/bunny/consumer_work_pool.rb:84:in `call'
/home/yuva/.rvm/gems/ruby-2.1.2/gems/bunny-1.2.1/lib/bunny/consumer_work_pool.rb:84:in `block (2 levels) in run_loop'
/home/yuva/.rvm/gems/ruby-2.1.2/gems/bunny-1.2.1/lib/bunny/consumer_work_pool.rb:80:in `loop'
/home/yuva/.rvm/gems/ruby-2.1.2/gems/bunny-1.2.1/lib/bunny/consumer_work_pool.rb:80:in `block in run_loop'
/home/yuva/.rvm/gems/ruby-2.1.2/gems/bunny-1.2.1/lib/bunny/consumer_work_pool.rb:79:in `catch'
/home/yuva/.rvm/gems/ruby-2.1.2/gems/bunny-1.2.1/lib/bunny/consumer_work_pool.rb:79:in `run_loop'
F, [2014-07-10T18:18:32.220907 #2978] FATAL -- : /home/yuva/Desktop/arvind/peatio/peatio-master/app/services/coin_rpc.rb:40:in `rescue in http_post_request'
/home/yuva/Desktop/arvind/peatio/peatio-master/app/services/coin_rpc.rb:33:in `http_post_request'
/home/yuva/Desktop/arvind/peatio/peatio-master/app/services/coin_rpc.rb:25:in `method_missing'
/home/yuva/Desktop/arvind/peatio/peatio-master/app/models/worker/deposit_coin_address.rb:11:in `process'
/home/yuva/Desktop/arvind/peatio/peatio-master/lib/daemons/amqp_daemon.rb:61:in `block (2 levels) in <top (required)>'
/home/yuva/.rvm/gems/ruby-2.1.2/gems/bunny-1.2.1/lib/bunny/consumer.rb:56:in `call'
/home/yuva/.rvm/gems/ruby-2.1.2/gems/bunny-1.2.1/lib/bunny/consumer.rb:56:in `call'
/home/yuva/.rvm/gems/ruby-2.1.2/gems/bunny-1.2.1/lib/bunny/channel.rb:1672:in `block in handle_frameset'
/home/yuva/.rvm/gems/ruby-2.1.2/gems/bunny-1.2.1/lib/bunny/consumer_work_pool.rb:84:in `call'
/home/yuva/.rvm/gems/ruby-2.1.2/gems/bunny-1.2.1/lib/bunny/consumer_work_pool.rb:84:in `block (2 levels) in run_loop'
/home/yuva/.rvm/gems/ruby-2.1.2/gems/bunny-1.2.1/lib/bunny/consumer_work_pool.rb:80:in `loop'
/home/yuva/.rvm/gems/ruby-2.1.2/gems/bunny-1.2.1/lib/bunny/consumer_work_pool.rb:80:in `block in run_loop'
/home/yuva/.rvm/gems/ruby-2.1.2/gems/bunny-1.2.1/lib/bunny/consumer_work_pool.rb:79:in `catch'
/home/yuva/.rvm/gems/ruby-2.1.2/gems/bunny-1.2.1/lib/bunny/consumer_work_pool.rb:79:in `run_loop'
peatio:amqp:deposit_coin: process with pid 25205 started.
/home/yuva/.rvm/gems/ruby-2.1.2/gems/bunny-1.2.1/lib/bunny/transport.rb:247:in `rescue in initialize_socket': Could not establish TCP connection to 127.0.0.1:5672:  (Bunny::TCPConnectionFailed)
	from /home/yuva/.rvm/gems/ruby-2.1.2/gems/bunny-1.2.1/lib/bunny/transport.rb:241:in `initialize_socket'
	from /home/yuva/.rvm/gems/ruby-2.1.2/gems/bunny-1.2.1/lib/bunny/transport.rb:254:in `maybe_initialize_socket'
	from /home/yuva/.rvm/gems/ruby-2.1.2/gems/bunny-1.2.1/lib/bunny/session.rb:245:in `start'
	from /home/yuva/Desktop/arvind/peatio/peatio-master/lib/daemons/amqp_daemon.rb:17:in `<top (required)>'
	from /home/yuva/.rvm/gems/ruby-2.1.2/gems/daemons-1.1.9/lib/daemons/application.rb:203:in `load'
	from /home/yuva/.rvm/gems/ruby-2.1.2/gems/daemons-1.1.9/lib/daemons/application.rb:203:in `start_load'
	from /home/yuva/.rvm/gems/ruby-2.1.2/gems/daemons-1.1.9/lib/daemons/application.rb:298:in `start'
	from /home/yuva/.rvm/gems/ruby-2.1.2/gems/daemons-1.1.9/lib/daemons/controller.rb:70:in `run'
	from /home/yuva/.rvm/gems/ruby-2.1.2/gems/daemons-1.1.9/lib/daemons.rb:147:in `block in run'
	from /home/yuva/.rvm/gems/ruby-2.1.2/gems/daemons-1.1.9/lib/daemons/cmdline.rb:109:in `call'
	from /home/yuva/.rvm/gems/ruby-2.1.2/gems/daemons-1.1.9/lib/daemons/cmdline.rb:109:in `catch_exceptions'
	from /home/yuva/.rvm/gems/ruby-2.1.2/gems/daemons-1.1.9/lib/daemons.rb:146:in `run'
	from /home/yuva/.rvm/gems/ruby-2.1.2/gems/daemons-rails-1.2.1/lib/daemons/rails.rb:16:in `run'
	from lib/daemons/deposit_coin_ctl:11:in `<main>'
