peatio:amqp:trade_executor:1: process with pid 16751 started.
/home/yuva/.rvm/gems/ruby-2.1.1/gems/amq-protocol-1.9.2/lib/amq/protocol/frame.rb:64:in `decode_header': Must be one of [:method, :headers, :body, :heartbeat] (AMQ::Protocol::FrameTypeError)
	from /home/yuva/.rvm/gems/ruby-2.1.1/gems/bunny-1.2.1/lib/bunny/transport.rb:208:in `read_next_frame'
	from /home/yuva/.rvm/gems/ruby-2.1.1/gems/bunny-1.2.1/lib/bunny/session.rb:923:in `init_connection'
	from /home/yuva/.rvm/gems/ruby-2.1.1/gems/bunny-1.2.1/lib/bunny/session.rb:254:in `start'
	from /home/yuva/Desktop/arvind/peatio/peatio-master/lib/daemons/amqp_daemon.rb:17:in `<top (required)>'
	from /home/yuva/.rvm/gems/ruby-2.1.1/gems/daemons-1.1.9/lib/daemons/application.rb:203:in `load'
	from /home/yuva/.rvm/gems/ruby-2.1.1/gems/daemons-1.1.9/lib/daemons/application.rb:203:in `start_load'
	from /home/yuva/.rvm/gems/ruby-2.1.1/gems/daemons-1.1.9/lib/daemons/application.rb:298:in `start'
	from /home/yuva/.rvm/gems/ruby-2.1.1/gems/daemons-1.1.9/lib/daemons/controller.rb:70:in `run'
	from /home/yuva/.rvm/gems/ruby-2.1.1/gems/daemons-1.1.9/lib/daemons.rb:147:in `block in run'
	from /home/yuva/.rvm/gems/ruby-2.1.1/gems/daemons-1.1.9/lib/daemons/cmdline.rb:109:in `call'
	from /home/yuva/.rvm/gems/ruby-2.1.1/gems/daemons-1.1.9/lib/daemons/cmdline.rb:109:in `catch_exceptions'
	from /home/yuva/.rvm/gems/ruby-2.1.1/gems/daemons-1.1.9/lib/daemons.rb:146:in `run'
	from /home/yuva/.rvm/gems/ruby-2.1.1/gems/daemons-rails-1.2.1/lib/daemons/rails.rb:16:in `run'
	from lib/daemons/trade_executor_ctl:17:in `block in <main>'
	from lib/daemons/trade_executor_ctl:7:in `times'
	from lib/daemons/trade_executor_ctl:7:in `<main>'
peatio:amqp:trade_executor:1: process with pid 21927 started.
I, [2014-07-10T17:54:05.748310 #21927]  INFO -- : Connected to AMQP broker (prefetch: 5)
peatio:amqp:trade_executor:1: process with pid 2992 started.
I, [2014-07-10T18:09:22.154541 #2992]  INFO -- : Connected to AMQP broker (prefetch: 5)
I, [2014-07-10T18:09:32.364855 #2992]  INFO -- : Received: {"market_id":"btccny","ask_id":4,"bid_id":1,"strike_price":"23.0","volume":"2.0","funds":"46.0"}
I, [2014-07-10T18:09:37.703204 #2992]  INFO -- : Received: {"market_id":"btccny","ask_id":4,"bid_id":3,"strike_price":"4.0","volume":"1.0","funds":"4.0"}
I, [2014-07-10T18:09:39.333725 #2992]  INFO -- : Received: {"market_id":"btccny","ask_id":6,"bid_id":7,"strike_price":"5.0","volume":"10.0","funds":"50.0"}
I, [2014-07-10T18:09:40.506984 #2992]  INFO -- : Received: {"market_id":"btccny","ask_id":5,"bid_id":8,"strike_price":"34.0","volume":"2.0","funds":"68.0"}
I, [2014-07-10T18:22:03.627597 #2992]  INFO -- : Received: {"market_id":"btccny","ask_id":12,"bid_id":9,"strike_price":"22.0","volume":"2.0","funds":"44.0"}
I, [2014-07-10T19:12:33.696430 #2992]  INFO -- : Received: {"market_id":"btccny","ask_id":11,"bid_id":13,"strike_price":"30.0","volume":"2.0","funds":"60.0"}
I, [2014-07-10T19:13:05.888544 #2992]  INFO -- : Received: {"market_id":"btccny","ask_id":15,"bid_id":13,"strike_price":"40.0","volume":"0.5","funds":"20.0"}
I, [2014-07-10T19:13:07.902453 #2992]  INFO -- : Received: {"market_id":"btccny","ask_id":15,"bid_id":14,"strike_price":"5.0","volume":"10.0","funds":"50.0"}
W, [2014-07-10T20:48:42.831227 #2992]  WARN -- #<Bunny::Session:114254510 guest@127.0.0.1:5672, vhost=/>: Recovering from a network failure...
W, [2014-07-10T20:48:46.876222 #2992]  WARN -- #<Bunny::Session:92100320 guest@127.0.0.1:5672, vhost=/>: Recovering from a network failure...
Terminating threads ..
Stopped.
peatio:amqp:trade_executor:1: process with pid 25219 started.
/home/yuva/.rvm/gems/ruby-2.1.2/gems/bunny-1.2.1/lib/bunny/transport.rb:247:in `rescue in initialize_socket': Could not establish TCP connection to 127.0.0.1:5672:  (Bunny::TCPConnectionFailed)
	from /home/yuva/.rvm/gems/ruby-2.1.2/gems/bunny-1.2.1/lib/bunny/transport.rb:241:in `initialize_socket'
	from /home/yuva/.rvm/gems/ruby-2.1.2/gems/bunny-1.2.1/lib/bunny/transport.rb:254:in `maybe_initialize_socket'
	from /home/yuva/.rvm/gems/ruby-2.1.2/gems/bunny-1.2.1/lib/bunny/session.rb:245:in `start'
	from /home/yuva/Desktop/arvind/peatio/peatio-master/lib/daemons/amqp_daemon.rb:17:in `<top (required)>'
	from /home/yuva/.rvm/gems/ruby-2.1.2/gems/daemons-1.1.9/lib/daemons/application.rb:203:in `load'
	from /home/yuva/.rvm/gems/ruby-2.1.2/gems/daemons-1.1.9/lib/daemons/application.rb:203:in `start_load'
	from /home/yuva/.rvm/gems/ruby-2.1.2/gems/daemons-1.1.9/lib/daemons/application.rb:298:in `start'
	from /home/yuva/.rvm/gems/ruby-2.1.2/gems/daemons-1.1.9/lib/daemons/controller.rb:70:in `run'
	from /home/yuva/.rvm/gems/ruby-2.1.2/gems/daemons-1.1.9/lib/daemons.rb:147:in `block in run'
	from /home/yuva/.rvm/gems/ruby-2.1.2/gems/daemons-1.1.9/lib/daemons/cmdline.rb:109:in `call'
	from /home/yuva/.rvm/gems/ruby-2.1.2/gems/daemons-1.1.9/lib/daemons/cmdline.rb:109:in `catch_exceptions'
	from /home/yuva/.rvm/gems/ruby-2.1.2/gems/daemons-1.1.9/lib/daemons.rb:146:in `run'
	from /home/yuva/.rvm/gems/ruby-2.1.2/gems/daemons-rails-1.2.1/lib/daemons/rails.rb:16:in `run'
	from lib/daemons/trade_executor_ctl:17:in `block in <main>'
	from lib/daemons/trade_executor_ctl:7:in `times'
	from lib/daemons/trade_executor_ctl:7:in `<main>'
peatio:amqp:trade_executor:1: process with pid 32332 started.
I, [2014-07-14T18:13:43.689050 #32332]  INFO -- : Connected to AMQP broker (prefetch: 5)
I, [2014-07-14T18:13:45.219859 #32332]  INFO -- : Received: {"market_id":"btccny","ask_id":30,"bid_id":23,"strike_price":"34.0","volume":"54.0","funds":"1836.0"}
I, [2014-07-14T18:13:59.474786 #32332]  INFO -- : Stale account#7 found when create associated account version, retry.
I, [2014-07-14T18:13:59.487106 #32332]  INFO -- : Stale account#8 found when create associated account version, retry.
I, [2014-07-14T18:14:00.482626 #32332]  INFO -- : Received: {"market_id":"btccny","ask_id":33,"bid_id":23,"strike_price":"34.0","volume":"32.0","funds":"1088.0"}
I, [2014-07-14T18:14:10.154023 #32332]  INFO -- : Received: {"market_id":"btccny","ask_id":36,"bid_id":23,"strike_price":"34.0","volume":"32.0","funds":"1088.0"}
I, [2014-07-14T18:14:19.936002 #32332]  INFO -- : Received: {"market_id":"btccny","ask_id":37,"bid_id":23,"strike_price":"34.0","volume":"32.0","funds":"1088.0"}
I, [2014-07-14T18:14:20.508793 #32332]  INFO -- : Stale account#7 found when create associated account version, retry.
I, [2014-07-14T18:14:20.635344 #32332]  INFO -- : Stale account#8 found when create associated account version, retry.
I, [2014-07-14T18:20:49.436990 #32332]  INFO -- : Received: {"market_id":"btccny","ask_id":25,"bid_id":38,"strike_price":"43.0","volume":"4.0","funds":"172.0"}
I, [2014-07-14T18:28:05.423525 #32332]  INFO -- : Received: {"market_id":"btccny","ask_id":14,"bid_id":23,"strike_price":"34.0","volume":"21.0","funds":"714.0"}
F, [2014-07-14T18:28:06.909505 #32332] FATAL -- : Couldn't find OrderAsk with id=14 [WHERE `orders`.`type` IN ('OrderAsk')] (ActiveRecord::RecordNotFound)
/home/yuva/.rvm/gems/ruby-2.1.2/gems/activerecord-4.0.2/lib/active_record/relation/finder_methods.rb:198:in `raise_record_not_found_exception!'
/home/yuva/.rvm/gems/ruby-2.1.2/gems/activerecord-4.0.2/lib/active_record/relation/finder_methods.rb:284:in `find_one'
/home/yuva/.rvm/gems/ruby-2.1.2/gems/activerecord-4.0.2/lib/active_record/relation/finder_methods.rb:268:in `find_with_ids'
/home/yuva/.rvm/gems/ruby-2.1.2/gems/activerecord-4.0.2/lib/active_record/relation/finder_methods.rb:35:in `find'
/home/yuva/.rvm/gems/ruby-2.1.2/gems/activerecord-deprecated_finders-1.0.3/lib/active_record/deprecated_finders/relation.rb:122:in `find'
/home/yuva/Desktop/arvind/peatio/peatio-master/app/models/matching/executor.rb:50:in `block in create_trade_and_strike_orders'
/home/yuva/.rvm/gems/ruby-2.1.2/gems/activerecord-4.0.2/lib/active_record/connection_adapters/abstract/database_statements.rb:202:in `block in transaction'
/home/yuva/.rvm/gems/ruby-2.1.2/gems/activerecord-4.0.2/lib/active_record/connection_adapters/abstract/database_statements.rb:210:in `within_new_transaction'
/home/yuva/.rvm/gems/ruby-2.1.2/gems/activerecord-4.0.2/lib/active_record/connection_adapters/abstract/database_statements.rb:202:in `transaction'
/home/yuva/.rvm/gems/ruby-2.1.2/gems/activerecord-4.0.2/lib/active_record/transactions.rb:209:in `transaction'
/home/yuva/Desktop/arvind/peatio/peatio-master/app/models/matching/executor.rb:49:in `create_trade_and_strike_orders'
/home/yuva/Desktop/arvind/peatio/peatio-master/app/models/matching/executor.rb:15:in `block in execute!'
/home/yuva/Desktop/arvind/peatio/peatio-master/app/models/matching/executor.rb:34:in `call'
/home/yuva/Desktop/arvind/peatio/peatio-master/app/models/matching/executor.rb:34:in `retry_on_error'
/home/yuva/Desktop/arvind/peatio/peatio-master/app/models/matching/executor.rb:15:in `execute!'
/home/yuva/Desktop/arvind/peatio/peatio-master/app/models/worker/trade_executor.rb:6:in `process'
/home/yuva/Desktop/arvind/peatio/peatio-master/lib/daemons/amqp_daemon.rb:61:in `block (2 levels) in <top (required)>'
/home/yuva/.rvm/gems/ruby-2.1.2/gems/bunny-1.2.1/lib/bunny/consumer.rb:56:in `call'
/home/yuva/.rvm/gems/ruby-2.1.2/gems/bunny-1.2.1/lib/bunny/consumer.rb:56:in `call'
/home/yuva/.rvm/gems/ruby-2.1.2/gems/bunny-1.2.1/lib/bunny/channel.rb:1672:in `block in handle_frameset'
/home/yuva/.rvm/gems/ruby-2.1.2/gems/bunny-1.2.1/lib/bunny/consumer_work_pool.rb:84:in `call'
/home/yuva/.rvm/gems/ruby-2.1.2/gems/bunny-1.2.1/lib/bunny/consumer_work_pool.rb:84:in `block (2 levels) in run_loop'
/home/yuva/.rvm/gems/ruby-2.1.2/gems/bunny-1.2.1/lib/bunny/consumer_work_pool.rb:80:in `loop'
/home/yuva/.rvm/gems/ruby-2.1.2/gems/bunny-1.2.1/lib/bunny/consumer_work_pool.rb:80:in `block in run_loop'
/home/yuva/.rvm/gems/ruby-2.1.2/gems/bunny-1.2.1/lib/bunny/consumer_work_pool.rb:79:in `catch'
/home/yuva/.rvm/gems/ruby-2.1.2/gems/bunny-1.2.1/lib/bunny/consumer_work_pool.rb:79:in `run_loop'
F, [2014-07-14T18:28:06.909731 #32332] FATAL -- : /home/yuva/.rvm/gems/ruby-2.1.2/gems/activerecord-4.0.2/lib/active_record/relation/finder_methods.rb:198:in `raise_record_not_found_exception!'
/home/yuva/.rvm/gems/ruby-2.1.2/gems/activerecord-4.0.2/lib/active_record/relation/finder_methods.rb:284:in `find_one'
/home/yuva/.rvm/gems/ruby-2.1.2/gems/activerecord-4.0.2/lib/active_record/relation/finder_methods.rb:268:in `find_with_ids'
/home/yuva/.rvm/gems/ruby-2.1.2/gems/activerecord-4.0.2/lib/active_record/relation/finder_methods.rb:35:in `find'
/home/yuva/.rvm/gems/ruby-2.1.2/gems/activerecord-deprecated_finders-1.0.3/lib/active_record/deprecated_finders/relation.rb:122:in `find'
/home/yuva/Desktop/arvind/peatio/peatio-master/app/models/matching/executor.rb:50:in `block in create_trade_and_strike_orders'
/home/yuva/.rvm/gems/ruby-2.1.2/gems/activerecord-4.0.2/lib/active_record/connection_adapters/abstract/database_statements.rb:202:in `block in transaction'
/home/yuva/.rvm/gems/ruby-2.1.2/gems/activerecord-4.0.2/lib/active_record/connection_adapters/abstract/database_statements.rb:210:in `within_new_transaction'
/home/yuva/.rvm/gems/ruby-2.1.2/gems/activerecord-4.0.2/lib/active_record/connection_adapters/abstract/database_statements.rb:202:in `transaction'
/home/yuva/.rvm/gems/ruby-2.1.2/gems/activerecord-4.0.2/lib/active_record/transactions.rb:209:in `transaction'
/home/yuva/Desktop/arvind/peatio/peatio-master/app/models/matching/executor.rb:49:in `create_trade_and_strike_orders'
/home/yuva/Desktop/arvind/peatio/peatio-master/app/models/matching/executor.rb:15:in `block in execute!'
/home/yuva/Desktop/arvind/peatio/peatio-master/app/models/matching/executor.rb:34:in `call'
/home/yuva/Desktop/arvind/peatio/peatio-master/app/models/matching/executor.rb:34:in `retry_on_error'
/home/yuva/Desktop/arvind/peatio/peatio-master/app/models/matching/executor.rb:15:in `execute!'
/home/yuva/Desktop/arvind/peatio/peatio-master/app/models/worker/trade_executor.rb:6:in `process'
/home/yuva/Desktop/arvind/peatio/peatio-master/lib/daemons/amqp_daemon.rb:61:in `block (2 levels) in <top (required)>'
/home/yuva/.rvm/gems/ruby-2.1.2/gems/bunny-1.2.1/lib/bunny/consumer.rb:56:in `call'
/home/yuva/.rvm/gems/ruby-2.1.2/gems/bunny-1.2.1/lib/bunny/consumer.rb:56:in `call'
/home/yuva/.rvm/gems/ruby-2.1.2/gems/bunny-1.2.1/lib/bunny/channel.rb:1672:in `block in handle_frameset'
/home/yuva/.rvm/gems/ruby-2.1.2/gems/bunny-1.2.1/lib/bunny/consumer_work_pool.rb:84:in `call'
/home/yuva/.rvm/gems/ruby-2.1.2/gems/bunny-1.2.1/lib/bunny/consumer_work_pool.rb:84:in `block (2 levels) in run_loop'
/home/yuva/.rvm/gems/ruby-2.1.2/gems/bunny-1.2.1/lib/bunny/consumer_work_pool.rb:80:in `loop'
/home/yuva/.rvm/gems/ruby-2.1.2/gems/bunny-1.2.1/lib/bunny/consumer_work_pool.rb:80:in `block in run_loop'
/home/yuva/.rvm/gems/ruby-2.1.2/gems/bunny-1.2.1/lib/bunny/consumer_work_pool.rb:79:in `catch'
/home/yuva/.rvm/gems/ruby-2.1.2/gems/bunny-1.2.1/lib/bunny/consumer_work_pool.rb:79:in `run_loop'
